Copyright 1986-2022 Xilinx, Inc. All Rights Reserved. Copyright 2022-2023 Advanced Micro Devices, Inc. All Rights Reserved.
-------------------------------------------------------------------------------------------------------------------------------------------------
| Tool Version     : Vivado v.2023.1 (lin64) Build 3865809 Sun May  7 15:04:56 MDT 2023
| Date             : Mon Oct 28 16:52:57 2024
| Host             : dell-Inspiron-5415 running 64-bit Ubuntu 22.04.4 LTS
| Command          : report_power -file AES_power_routed.rpt -pb AES_power_summary_routed.pb -rpx AES_power_routed.rpx
| Design           : AES
| Device           : xc7a35tcpg236-1
| Design State     : routed
| Grade            : commercial
| Process          : typical
| Characterization : Production
-------------------------------------------------------------------------------------------------------------------------------------------------

Power Report

Table of Contents
-----------------
1. Summary
1.1 On-Chip Components
1.2 Power Supply Summary
1.3 Confidence Level
2. Settings
2.1 Environment
2.2 Clock Constraints
3. Detailed Reports
3.1 By Hierarchy

1. Summary
----------

+--------------------------+--------------+
| Total On-Chip Power (W)  | 0.640        |
| Design Power Budget (W)  | Unspecified* |
| Power Budget Margin (W)  | NA           |
| Dynamic (W)              | 0.569        |
| Device Static (W)        | 0.071        |
| Effective TJA (C/W)      | 5.0          |
| Max Ambient (C)          | 81.8         |
| Junction Temperature (C) | 28.2         |
| Confidence Level         | Medium       |
| Setting File             | ---          |
| Simulation Activity File | ---          |
| Design Nets Matched      | NA           |
+--------------------------+--------------+
* Specify Design Power Budget using, set_operating_conditions -design_power_budget <value in Watts>


1.1 On-Chip Components
----------------------

+--------------------------+-----------+----------+-----------+-----------------+
| On-Chip                  | Power (W) | Used     | Available | Utilization (%) |
+--------------------------+-----------+----------+-----------+-----------------+
| Clocks                   |     0.032 |        4 |       --- |             --- |
| Slice Logic              |     0.280 |    31896 |       --- |             --- |
|   LUT as Logic           |     0.252 |    14664 |     20800 |           70.50 |
|   F7/F8 Muxes            |     0.020 |     7779 |     32600 |           23.86 |
|   Register               |     0.004 |     6998 |     41600 |           16.82 |
|   LUT as Shift Register  |     0.004 |      605 |      9600 |            6.30 |
|   CARRY4                 |    <0.001 |       99 |      8150 |            1.21 |
|   LUT as Distributed RAM |    <0.001 |       24 |      9600 |            0.25 |
|   Others                 |     0.000 |      456 |       --- |             --- |
| Signals                  |     0.231 |    11853 |       --- |             --- |
| Block RAM                |     0.027 |     19.5 |        50 |           39.00 |
| I/O                      |    <0.001 |        1 |       106 |            0.94 |
| Static Power             |     0.071 |          |           |                 |
| Total                    |     0.640 |          |           |                 |
+--------------------------+-----------+----------+-----------+-----------------+


1.2 Power Supply Summary
------------------------

+-----------+-------------+-----------+-------------+------------+-------------+-------------+------------+
| Source    | Voltage (V) | Total (A) | Dynamic (A) | Static (A) | Powerup (A) | Budget (A)  | Margin (A) |
+-----------+-------------+-----------+-------------+------------+-------------+-------------+------------+
| Vccint    |       1.000 |     0.578 |       0.567 |      0.011 |       NA    | Unspecified | NA         |
| Vccaux    |       1.800 |     0.013 |       0.000 |      0.013 |       NA    | Unspecified | NA         |
| Vcco33    |       3.300 |     0.000 |       0.000 |      0.000 |       NA    | Unspecified | NA         |
| Vcco25    |       2.500 |     0.000 |       0.000 |      0.000 |       NA    | Unspecified | NA         |
| Vcco18    |       1.800 |     0.000 |       0.000 |      0.000 |       NA    | Unspecified | NA         |
| Vcco15    |       1.500 |     0.000 |       0.000 |      0.000 |       NA    | Unspecified | NA         |
| Vcco135   |       1.350 |     0.000 |       0.000 |      0.000 |       NA    | Unspecified | NA         |
| Vcco12    |       1.200 |     0.000 |       0.000 |      0.000 |       NA    | Unspecified | NA         |
| Vccaux_io |       1.800 |     0.000 |       0.000 |      0.000 |       NA    | Unspecified | NA         |
| Vccbram   |       1.000 |     0.003 |       0.002 |      0.001 |       NA    | Unspecified | NA         |
| MGTAVcc   |       1.000 |     0.000 |       0.000 |      0.000 |       NA    | Unspecified | NA         |
| MGTAVtt   |       1.200 |     0.000 |       0.000 |      0.000 |       NA    | Unspecified | NA         |
| Vccadc    |       1.800 |     0.020 |       0.000 |      0.020 |       NA    | Unspecified | NA         |
+-----------+-------------+-----------+-------------+------------+-------------+-------------+------------+


1.3 Confidence Level
--------------------

+-----------------------------+------------+------------------------------------------------+------------------------------------------------------------------------------------------------------------+
| User Input Data             | Confidence | Details                                        | Action                                                                                                     |
+-----------------------------+------------+------------------------------------------------+------------------------------------------------------------------------------------------------------------+
| Design implementation state | High       | Design is routed                               |                                                                                                            |
| Clock nodes activity        | High       | User specified more than 95% of clocks         |                                                                                                            |
| I/O nodes activity          | High       | User specified more than 95% of inputs         |                                                                                                            |
| Internal nodes activity     | Medium     | User specified less than 25% of internal nodes | Provide missing internal nodes activity with simulation results or by editing the "By Resource Type" views |
| Device models               | High       | Device models are Production                   |                                                                                                            |
|                             |            |                                                |                                                                                                            |
| Overall confidence level    | Medium     |                                                |                                                                                                            |
+-----------------------------+------------+------------------------------------------------+------------------------------------------------------------------------------------------------------------+


2. Settings
-----------

2.1 Environment
---------------

+-----------------------+--------------------------+
| Ambient Temp (C)      | 25.0                     |
| ThetaJA (C/W)         | 5.0                      |
| Airflow (LFM)         | 250                      |
| Heat Sink             | medium (Medium Profile)  |
| ThetaSA (C/W)         | 4.6                      |
| Board Selection       | medium (10"x10")         |
| # of Board Layers     | 12to15 (12 to 15 Layers) |
| Board Temperature (C) | 25.0                     |
+-----------------------+--------------------------+


2.2 Clock Constraints
---------------------

+--------------------------------------------------------------------------------------------+-------------------------------------------------------------------+-----------------+
| Clock                                                                                      | Domain                                                            | Constraint (ns) |
+--------------------------------------------------------------------------------------------+-------------------------------------------------------------------+-----------------+
| clk                                                                                        | clk                                                               |            10.7 |
| dbg_hub/inst/BSCANID.u_xsdbm_id/SWITCH_N_EXT_BSCAN.bscan_inst/SERIES7_BSCAN.bscan_inst/TCK | dbg_hub/inst/BSCANID.u_xsdbm_id/SWITCH_N_EXT_BSCAN.bscan_inst/TCK |            33.0 |
+--------------------------------------------------------------------------------------------+-------------------------------------------------------------------+-----------------+


3. Detailed Reports
-------------------

3.1 By Hierarchy
----------------

+--------------------------+-----------+
| Name                     | Power (W) |
+--------------------------+-----------+
| AES                      |     0.569 |
|   BRAM0                  |     0.010 |
|     U0                   |     0.010 |
|       inst_blk_mem_gen   |     0.010 |
|   BRAM1                  |     0.011 |
|     U0                   |     0.011 |
|       inst_blk_mem_gen   |     0.011 |
|   a                      |     0.246 |
|     loop[1].er           |     0.018 |
|       s                  |     0.018 |
|     loop[2].er           |     0.019 |
|       s                  |     0.019 |
|     loop[3].er           |     0.018 |
|       s                  |     0.018 |
|     loop[4].er           |     0.018 |
|       s                  |     0.018 |
|     loop[5].er           |     0.019 |
|       s                  |     0.019 |
|     loop[6].er           |     0.018 |
|       s                  |     0.018 |
|     loop[7].er           |     0.019 |
|       s                  |     0.019 |
|     loop[8].er           |     0.018 |
|       s                  |     0.018 |
|     loop[9].er           |     0.018 |
|       s                  |     0.018 |
|     sb                   |     0.013 |
|   b                      |     0.248 |
|     loop[1].er           |     0.019 |
|       s                  |     0.019 |
|     loop[2].er           |     0.019 |
|       s                  |     0.019 |
|     loop[3].er           |     0.019 |
|       s                  |     0.019 |
|     loop[4].er           |     0.019 |
|       s                  |     0.019 |
|     loop[5].er           |     0.019 |
|       s                  |     0.019 |
|     loop[6].er           |     0.019 |
|       s                  |     0.019 |
|     loop[7].er           |     0.019 |
|       s                  |     0.019 |
|     loop[8].er           |     0.018 |
|       s                  |     0.018 |
|     loop[9].er           |     0.018 |
|       s                  |     0.018 |
|     sb                   |     0.012 |
|   dbg_hub                |     0.003 |
|     inst                 |     0.003 |
|       BSCANID.u_xsdbm_id |     0.003 |
|   ila0                   |     0.049 |
|     inst                 |     0.049 |
|       ila_core_inst      |     0.049 |
|   vio0                   |     0.001 |
|     inst                 |     0.001 |
|       U_XSDB_SLAVE       |     0.001 |
+--------------------------+-----------+


