
****** Vivado v2023.1 (64-bit)
  **** SW Build 3865809 on Sun May  7 15:04:56 MDT 2023
  **** IP Build 3864474 on Sun May  7 20:36:21 MDT 2023
  **** SharedData Build 3865790 on Sun May 07 13:33:03 MDT 2023
    ** Copyright 1986-2022 Xilinx, Inc. All Rights Reserved.
    ** Copyright 2022-2023 Advanced Micro Devices, Inc. All Rights Reserved.

source /home/dell/Desktop/FPGA/VivadoProjects/FPGA_project/AES/AES.runs/impl_1/.Xil/Vivado-53425-dell-Inspiron-5415/dc_drv.0/dc/debug_ip_core.tcl
# set_param runs.launchOptions { -jobs 8  }
# set_param project.singleFileAddWarning.threshold 0
# set_param synth.enableIncremental 0
# set_param chipscope.maxJobs 3
# set_param checkpoint.writeSynthRtdsInDcp 1
# set_param synth.incrementalSynthesisCache ./.Xil/Vivado-3058-dell-Inspiron-5415/incrSyn
# set_param chipscope.flow 0
# set_param ips.addSpecialDataToCacheID 0
# set script_paths /home/dell/Desktop/FPGA/VivadoProjects/FPGA_project/AES/AES.runs/impl_1/.Xil/Vivado-53425-dell-Inspiron-5415/dbg_hub_CV.0/out/get_cs_ip.tcl
# foreach script_path $script_paths { 
#     source $script_path
#     lappend debug_ip_vlnv $ip_vlnv 
#     lappend debug_ip_module_name $ip_module_name
#     lappend debug_params $params
#     lappend debug_intf_params $intf_params
#     lappend debug_connectivity $connectivity
#     lappend debug_output_xci $output_xci
#     lappend debug_output_dcp $output_dcp
#     lappend debug_output_dir $output_dir
#     lappend debug_synth_opts $synth_opts
#     lappend debug_xdc_files $xdc_files
# }
## set_param runs.launchOptions { -jobs 8  }
## set_param project.singleFileAddWarning.threshold 0
## set_param synth.enableIncremental 0
## set_param chipscope.maxJobs 3
## set_param checkpoint.writeSynthRtdsInDcp 1
## set_param synth.incrementalSynthesisCache ./.Xil/Vivado-3058-dell-Inspiron-5415/incrSyn
## set_param chipscope.flow 0
## set part xc7z020clg484-1
## set board_part_repo_paths {}
## set board_part xilinx.com:zc702:part0:1.4
## set board_connections {}
## set tool_flow Vivado
## set ip_vlnv xilinx.com:ip:xsdbm:3.0
## set ip_module_name dbg_hub
## set params {{{PARAM_VALUE.C_BSCAN_MODE} {false} {PARAM_VALUE.C_BSCAN_MODE_WITH_CORE} {false} {PARAM_VALUE.C_CLK_INPUT_FREQ_HZ} {300000000} {PARAM_VALUE.C_ENABLE_CLK_DIVIDER} {false} {PARAM_VALUE.C_EN_BSCANID_VEC} {false} {PARAM_VALUE.C_NUM_BSCAN_MASTER_PORTS} {0} {PARAM_VALUE.C_TWO_PRIM_MODE} {false} {PARAM_VALUE.C_USER_SCAN_CHAIN} {1} {PARAM_VALUE.C_USE_EXT_BSCAN} {false} {PARAM_VALUE.C_XSDB_NUM_SLAVES} {2}}}
## set intf_params {}
## set connectivity {}
## set output_xci /home/dell/Desktop/FPGA/VivadoProjects/FPGA_project/AES/AES.runs/impl_1/.Xil/Vivado-53425-dell-Inspiron-5415/dbg_hub_CV.0/out/result.xci
## set output_dcp /home/dell/Desktop/FPGA/VivadoProjects/FPGA_project/AES/AES.runs/impl_1/.Xil/Vivado-53425-dell-Inspiron-5415/dbg_hub_CV.0/out/result.dcp
## set output_dir /home/dell/Desktop/FPGA/VivadoProjects/FPGA_project/AES/AES.runs/impl_1/.Xil/Vivado-53425-dell-Inspiron-5415/dbg_hub_CV.0/out
## set ip_repo_paths {}
## set ip_output_repo /home/dell/Desktop/FPGA/VivadoProjects/FPGA_project/AES/AES.cache/ip
## set ip_cache_permissions {read write}
## set oopbus_ip_repo_paths [get_param chipscope.oopbus_ip_repo_paths]
## set synth_opts {}
## set xdc_files {}
# set debug_ip_repo_paths $ip_repo_paths
# set debug_ip_output_repo $ip_output_repo
# set debug_ip_cache_permissions $ip_cache_permissions
# set debug_oopbus_ip_repo_paths [get_param chipscope.oopbus_ip_repo_paths]
# set ordering_constrs 1
# set jobs 3
# source {/tools/Xilinx/Vivado/2023.1/scripts/ip/ipxchipscope.tcl}
create_project: Time (s): cpu = 00:00:08 ; elapsed = 00:00:08 . Memory (MB): peak = 1300.184 ; gain = 0.023 ; free physical = 165 ; free virtual = 1866
INFO: [IP_Flow 19-234] Refreshing IP repositories
INFO: [IP_Flow 19-1704] No user IP repositories specified
INFO: [IP_Flow 19-2313] Loaded Vivado IP repository '/tools/Xilinx/Vivado/2023.1/data/ip'.
IP SYNTH XDC FILES = 
Current synth_xdc_files = 
DBG: creating temporary IP: dbg_hub
INFO: [Device 21-403] Loading part xc7z020clg484-1
create_ip: Time (s): cpu = 00:00:06 ; elapsed = 00:00:07 . Memory (MB): peak = 1723.434 ; gain = 423.250 ; free physical = 140 ; free virtual = 1449
/home/dell/Desktop/FPGA/VivadoProjects/FPGA_project/AES/AES.runs/impl_1/.Xil/Vivado-53425-dell-Inspiron-5415/dc_drv.0/dc/prj_ip.srcs/sources_1/ip/dbg_hub/dbg_hub.xci
INFO: [IP_Flow 19-1686] Generating 'Instantiation Template' target for IP 'dbg_hub'...
INFO: [IP_Flow 19-1686] Generating 'Synthesis' target for IP 'dbg_hub'...
INFO: [IP_Flow 19-1686] Generating 'Simulation' target for IP 'dbg_hub'...
generation completed successfully
Succeeded copying xdc_files
Succeeded copying xci files
INFO: [IP_Flow 19-6924] IPCACHE: Running cache check for IP inst: dbg_hub
created run dbg_hub_synth_1
launching all runs dbg_hub_synth_1
INFO: [IP_Flow 19-6924] IPCACHE: Running cache check for IP inst: dbg_hub
[Tue Oct 29 14:29:14 2024] Launched dbg_hub_synth_1...
Run output will be captured here: /home/dell/Desktop/FPGA/VivadoProjects/FPGA_project/AES/AES.runs/impl_1/.Xil/Vivado-53425-dell-Inspiron-5415/dc_drv.0/dc/prj_ip.runs/dbg_hub_synth_1/runme.log
INFO: [InternalPartition_RunlogStart-1] dbg_hub
[Tue Oct 29 14:29:14 2024] Waiting for dbg_hub_synth_1 to finish...

*** Running vivado
    with args -log dbg_hub.vds -m64 -product Vivado -mode batch -messageDb vivado.pb -notrace -source dbg_hub.tcl


****** Vivado v2023.1 (64-bit)
  **** SW Build 3865809 on Sun May  7 15:04:56 MDT 2023
  **** IP Build 3864474 on Sun May  7 20:36:21 MDT 2023
  **** SharedData Build 3865790 on Sun May 07 13:33:03 MDT 2023
    ** Copyright 1986-2022 Xilinx, Inc. All Rights Reserved.
    ** Copyright 2022-2023 Advanced Micro Devices, Inc. All Rights Reserved.

source dbg_hub.tcl -notrace
create_project: Time (s): cpu = 00:00:06 ; elapsed = 00:00:06 . Memory (MB): peak = 1274.355 ; gain = 0.023 ; free physical = 149 ; free virtual = 1117
INFO: [IP_Flow 19-6924] IPCACHE: Running cache check for IP inst: dbg_hub
Command: synth_design -top dbg_hub -part xc7z020clg484-1 -incremental_mode off -mode out_of_context
Starting synth_design
Attempting to get a license for feature 'Synthesis' and/or device 'xc7z020'
INFO: [Common 17-349] Got license for feature 'Synthesis' and/or device 'xc7z020'
INFO: [Device 21-403] Loading part xc7z020clg484-1
INFO: [Synth 8-7079] Multithreading enabled for synth_design using a maximum of 4 processes.
INFO: [Synth 8-7078] Launching helper process for spawning children vivado processes
INFO: [Synth 8-7075] Helper process launched with PID 53714
INFO: [Synth 8-11241] undeclared symbol 'rddata_rst_i', assumed default net type 'wire' [/home/dell/Desktop/FPGA/VivadoProjects/FPGA_project/AES/AES.runs/impl_1/.Xil/Vivado-53425-dell-Inspiron-5415/dc_drv.0/dc/prj_ip.gen/sources_1/ip/dbg_hub/hdl/xsdbm_v3_0_vl_rfs.v:2188]
INFO: [Synth 8-11241] undeclared symbol 'datard_overflow', assumed default net type 'wire' [/home/dell/Desktop/FPGA/VivadoProjects/FPGA_project/AES/AES.runs/impl_1/.Xil/Vivado-53425-dell-Inspiron-5415/dc_drv.0/dc/prj_ip.gen/sources_1/ip/dbg_hub/hdl/xsdbm_v3_0_vl_rfs.v:2235]
INFO: [Synth 8-11241] undeclared symbol 'datard_underflow', assumed default net type 'wire' [/home/dell/Desktop/FPGA/VivadoProjects/FPGA_project/AES/AES.runs/impl_1/.Xil/Vivado-53425-dell-Inspiron-5415/dc_drv.0/dc/prj_ip.gen/sources_1/ip/dbg_hub/hdl/xsdbm_v3_0_vl_rfs.v:2236]
INFO: [Synth 8-11241] undeclared symbol 'tms_int', assumed default net type 'wire' [/home/dell/Desktop/FPGA/VivadoProjects/FPGA_project/AES/AES.runs/impl_1/.Xil/Vivado-53425-dell-Inspiron-5415/dc_drv.0/dc/prj_ip.gen/sources_1/ip/dbg_hub/hdl/xsdbm_v3_0_vl_rfs.v:6379]
INFO: [Synth 8-11241] undeclared symbol 'runtest_int', assumed default net type 'wire' [/home/dell/Desktop/FPGA/VivadoProjects/FPGA_project/AES/AES.runs/impl_1/.Xil/Vivado-53425-dell-Inspiron-5415/dc_drv.0/dc/prj_ip.gen/sources_1/ip/dbg_hub/hdl/xsdbm_v3_0_vl_rfs.v:6381]
INFO: [Synth 8-11241] undeclared symbol 'tms_int', assumed default net type 'wire' [/home/dell/Desktop/FPGA/VivadoProjects/FPGA_project/AES/AES.runs/impl_1/.Xil/Vivado-53425-dell-Inspiron-5415/dc_drv.0/dc/prj_ip.gen/sources_1/ip/dbg_hub/hdl/xsdbm_v3_0_vl_rfs.v:6412]
INFO: [Synth 8-11241] undeclared symbol 'runtest_int', assumed default net type 'wire' [/home/dell/Desktop/FPGA/VivadoProjects/FPGA_project/AES/AES.runs/impl_1/.Xil/Vivado-53425-dell-Inspiron-5415/dc_drv.0/dc/prj_ip.gen/sources_1/ip/dbg_hub/hdl/xsdbm_v3_0_vl_rfs.v:6414]
INFO: [Synth 8-11241] undeclared symbol 'tms_int', assumed default net type 'wire' [/home/dell/Desktop/FPGA/VivadoProjects/FPGA_project/AES/AES.runs/impl_1/.Xil/Vivado-53425-dell-Inspiron-5415/dc_drv.0/dc/prj_ip.gen/sources_1/ip/dbg_hub/hdl/xsdbm_v3_0_vl_rfs.v:6447]
INFO: [Synth 8-11241] undeclared symbol 'runtest_int', assumed default net type 'wire' [/home/dell/Desktop/FPGA/VivadoProjects/FPGA_project/AES/AES.runs/impl_1/.Xil/Vivado-53425-dell-Inspiron-5415/dc_drv.0/dc/prj_ip.gen/sources_1/ip/dbg_hub/hdl/xsdbm_v3_0_vl_rfs.v:6449]
INFO: [Synth 8-11241] undeclared symbol 'tms_int', assumed default net type 'wire' [/home/dell/Desktop/FPGA/VivadoProjects/FPGA_project/AES/AES.runs/impl_1/.Xil/Vivado-53425-dell-Inspiron-5415/dc_drv.0/dc/prj_ip.gen/sources_1/ip/dbg_hub/hdl/verilog/xsdbm_v3_0_0_bs_core_ext.vh:30]
INFO: [Synth 8-11241] undeclared symbol 'runtest_int', assumed default net type 'wire' [/home/dell/Desktop/FPGA/VivadoProjects/FPGA_project/AES/AES.runs/impl_1/.Xil/Vivado-53425-dell-Inspiron-5415/dc_drv.0/dc/prj_ip.gen/sources_1/ip/dbg_hub/hdl/verilog/xsdbm_v3_0_0_bs_core_ext.vh:32]
INFO: [Synth 8-11241] undeclared symbol 'tms_int', assumed default net type 'wire' [/home/dell/Desktop/FPGA/VivadoProjects/FPGA_project/AES/AES.runs/impl_1/.Xil/Vivado-53425-dell-Inspiron-5415/dc_drv.0/dc/prj_ip.gen/sources_1/ip/dbg_hub/hdl/verilog/xsdbm_v3_0_0_bs_core_ext.vh:69]
INFO: [Synth 8-11241] undeclared symbol 'runtest_int', assumed default net type 'wire' [/home/dell/Desktop/FPGA/VivadoProjects/FPGA_project/AES/AES.runs/impl_1/.Xil/Vivado-53425-dell-Inspiron-5415/dc_drv.0/dc/prj_ip.gen/sources_1/ip/dbg_hub/hdl/verilog/xsdbm_v3_0_0_bs_core_ext.vh:71]
INFO: [Synth 8-11241] undeclared symbol 'tms_int', assumed default net type 'wire' [/home/dell/Desktop/FPGA/VivadoProjects/FPGA_project/AES/AES.runs/impl_1/.Xil/Vivado-53425-dell-Inspiron-5415/dc_drv.0/dc/prj_ip.gen/sources_1/ip/dbg_hub/hdl/verilog/xsdbm_v3_0_0_bs_core_ext.vh:109]
INFO: [Synth 8-11241] undeclared symbol 'runtest_int', assumed default net type 'wire' [/home/dell/Desktop/FPGA/VivadoProjects/FPGA_project/AES/AES.runs/impl_1/.Xil/Vivado-53425-dell-Inspiron-5415/dc_drv.0/dc/prj_ip.gen/sources_1/ip/dbg_hub/hdl/verilog/xsdbm_v3_0_0_bs_core_ext.vh:111]
INFO: [Synth 8-11241] undeclared symbol 'tms_int', assumed default net type 'wire' [/home/dell/Desktop/FPGA/VivadoProjects/FPGA_project/AES/AES.runs/impl_1/.Xil/Vivado-53425-dell-Inspiron-5415/dc_drv.0/dc/prj_ip.gen/sources_1/ip/dbg_hub/hdl/verilog/xsdbm_v3_0_0_bs_core_ext.vh:150]
INFO: [Synth 8-11241] undeclared symbol 'runtest_int', assumed default net type 'wire' [/home/dell/Desktop/FPGA/VivadoProjects/FPGA_project/AES/AES.runs/impl_1/.Xil/Vivado-53425-dell-Inspiron-5415/dc_drv.0/dc/prj_ip.gen/sources_1/ip/dbg_hub/hdl/verilog/xsdbm_v3_0_0_bs_core_ext.vh:152]
INFO: [Synth 8-11241] undeclared symbol 'tms_int', assumed default net type 'wire' [/home/dell/Desktop/FPGA/VivadoProjects/FPGA_project/AES/AES.runs/impl_1/.Xil/Vivado-53425-dell-Inspiron-5415/dc_drv.0/dc/prj_ip.gen/sources_1/ip/dbg_hub/hdl/verilog/xsdbm_v3_0_0_bs_core_ext.vh:192]
INFO: [Synth 8-11241] undeclared symbol 'runtest_int', assumed default net type 'wire' [/home/dell/Desktop/FPGA/VivadoProjects/FPGA_project/AES/AES.runs/impl_1/.Xil/Vivado-53425-dell-Inspiron-5415/dc_drv.0/dc/prj_ip.gen/sources_1/ip/dbg_hub/hdl/verilog/xsdbm_v3_0_0_bs_core_ext.vh:194]
INFO: [Synth 8-11241] undeclared symbol 'tms_int', assumed default net type 'wire' [/home/dell/Desktop/FPGA/VivadoProjects/FPGA_project/AES/AES.runs/impl_1/.Xil/Vivado-53425-dell-Inspiron-5415/dc_drv.0/dc/prj_ip.gen/sources_1/ip/dbg_hub/hdl/verilog/xsdbm_v3_0_0_bs_core_ext.vh:235]
INFO: [Synth 8-11241] undeclared symbol 'runtest_int', assumed default net type 'wire' [/home/dell/Desktop/FPGA/VivadoProjects/FPGA_project/AES/AES.runs/impl_1/.Xil/Vivado-53425-dell-Inspiron-5415/dc_drv.0/dc/prj_ip.gen/sources_1/ip/dbg_hub/hdl/verilog/xsdbm_v3_0_0_bs_core_ext.vh:237]
INFO: [Synth 8-11241] undeclared symbol 'tms_int', assumed default net type 'wire' [/home/dell/Desktop/FPGA/VivadoProjects/FPGA_project/AES/AES.runs/impl_1/.Xil/Vivado-53425-dell-Inspiron-5415/dc_drv.0/dc/prj_ip.gen/sources_1/ip/dbg_hub/hdl/verilog/xsdbm_v3_0_0_bs_core_ext.vh:279]
INFO: [Synth 8-11241] undeclared symbol 'runtest_int', assumed default net type 'wire' [/home/dell/Desktop/FPGA/VivadoProjects/FPGA_project/AES/AES.runs/impl_1/.Xil/Vivado-53425-dell-Inspiron-5415/dc_drv.0/dc/prj_ip.gen/sources_1/ip/dbg_hub/hdl/verilog/xsdbm_v3_0_0_bs_core_ext.vh:281]
INFO: [Synth 8-11241] undeclared symbol 'tms_int', assumed default net type 'wire' [/home/dell/Desktop/FPGA/VivadoProjects/FPGA_project/AES/AES.runs/impl_1/.Xil/Vivado-53425-dell-Inspiron-5415/dc_drv.0/dc/prj_ip.gen/sources_1/ip/dbg_hub/hdl/verilog/xsdbm_v3_0_0_bs_core_ext.vh:324]
INFO: [Synth 8-11241] undeclared symbol 'runtest_int', assumed default net type 'wire' [/home/dell/Desktop/FPGA/VivadoProjects/FPGA_project/AES/AES.runs/impl_1/.Xil/Vivado-53425-dell-Inspiron-5415/dc_drv.0/dc/prj_ip.gen/sources_1/ip/dbg_hub/hdl/verilog/xsdbm_v3_0_0_bs_core_ext.vh:326]
INFO: [Synth 8-11241] undeclared symbol 'tms_int', assumed default net type 'wire' [/home/dell/Desktop/FPGA/VivadoProjects/FPGA_project/AES/AES.runs/impl_1/.Xil/Vivado-53425-dell-Inspiron-5415/dc_drv.0/dc/prj_ip.gen/sources_1/ip/dbg_hub/hdl/verilog/xsdbm_v3_0_0_bs_core_ext.vh:370]
INFO: [Synth 8-11241] undeclared symbol 'runtest_int', assumed default net type 'wire' [/home/dell/Desktop/FPGA/VivadoProjects/FPGA_project/AES/AES.runs/impl_1/.Xil/Vivado-53425-dell-Inspiron-5415/dc_drv.0/dc/prj_ip.gen/sources_1/ip/dbg_hub/hdl/verilog/xsdbm_v3_0_0_bs_core_ext.vh:372]
INFO: [Synth 8-11241] undeclared symbol 'tms_int', assumed default net type 'wire' [/home/dell/Desktop/FPGA/VivadoProjects/FPGA_project/AES/AES.runs/impl_1/.Xil/Vivado-53425-dell-Inspiron-5415/dc_drv.0/dc/prj_ip.gen/sources_1/ip/dbg_hub/hdl/verilog/xsdbm_v3_0_0_bs_core_ext.vh:417]
INFO: [Synth 8-11241] undeclared symbol 'runtest_int', assumed default net type 'wire' [/home/dell/Desktop/FPGA/VivadoProjects/FPGA_project/AES/AES.runs/impl_1/.Xil/Vivado-53425-dell-Inspiron-5415/dc_drv.0/dc/prj_ip.gen/sources_1/ip/dbg_hub/hdl/verilog/xsdbm_v3_0_0_bs_core_ext.vh:419]
INFO: [Synth 8-11241] undeclared symbol 'tms_int', assumed default net type 'wire' [/home/dell/Desktop/FPGA/VivadoProjects/FPGA_project/AES/AES.runs/impl_1/.Xil/Vivado-53425-dell-Inspiron-5415/dc_drv.0/dc/prj_ip.gen/sources_1/ip/dbg_hub/hdl/verilog/xsdbm_v3_0_0_bs_core_ext.vh:465]
INFO: [Synth 8-11241] undeclared symbol 'runtest_int', assumed default net type 'wire' [/home/dell/Desktop/FPGA/VivadoProjects/FPGA_project/AES/AES.runs/impl_1/.Xil/Vivado-53425-dell-Inspiron-5415/dc_drv.0/dc/prj_ip.gen/sources_1/ip/dbg_hub/hdl/verilog/xsdbm_v3_0_0_bs_core_ext.vh:467]
INFO: [Synth 8-11241] undeclared symbol 'tms_int', assumed default net type 'wire' [/home/dell/Desktop/FPGA/VivadoProjects/FPGA_project/AES/AES.runs/impl_1/.Xil/Vivado-53425-dell-Inspiron-5415/dc_drv.0/dc/prj_ip.gen/sources_1/ip/dbg_hub/hdl/verilog/xsdbm_v3_0_0_bs_core_ext.vh:514]
INFO: [Synth 8-11241] undeclared symbol 'runtest_int', assumed default net type 'wire' [/home/dell/Desktop/FPGA/VivadoProjects/FPGA_project/AES/AES.runs/impl_1/.Xil/Vivado-53425-dell-Inspiron-5415/dc_drv.0/dc/prj_ip.gen/sources_1/ip/dbg_hub/hdl/verilog/xsdbm_v3_0_0_bs_core_ext.vh:516]
INFO: [Synth 8-11241] undeclared symbol 'tms_int', assumed default net type 'wire' [/home/dell/Desktop/FPGA/VivadoProjects/FPGA_project/AES/AES.runs/impl_1/.Xil/Vivado-53425-dell-Inspiron-5415/dc_drv.0/dc/prj_ip.gen/sources_1/ip/dbg_hub/hdl/verilog/xsdbm_v3_0_0_bs_core_ext.vh:564]
INFO: [Synth 8-11241] undeclared symbol 'runtest_int', assumed default net type 'wire' [/home/dell/Desktop/FPGA/VivadoProjects/FPGA_project/AES/AES.runs/impl_1/.Xil/Vivado-53425-dell-Inspiron-5415/dc_drv.0/dc/prj_ip.gen/sources_1/ip/dbg_hub/hdl/verilog/xsdbm_v3_0_0_bs_core_ext.vh:566]
INFO: [Synth 8-11241] undeclared symbol 'tms_int', assumed default net type 'wire' [/home/dell/Desktop/FPGA/VivadoProjects/FPGA_project/AES/AES.runs/impl_1/.Xil/Vivado-53425-dell-Inspiron-5415/dc_drv.0/dc/prj_ip.gen/sources_1/ip/dbg_hub/hdl/verilog/xsdbm_v3_0_0_bs_core_ext.vh:615]
INFO: [Synth 8-11241] undeclared symbol 'runtest_int', assumed default net type 'wire' [/home/dell/Desktop/FPGA/VivadoProjects/FPGA_project/AES/AES.runs/impl_1/.Xil/Vivado-53425-dell-Inspiron-5415/dc_drv.0/dc/prj_ip.gen/sources_1/ip/dbg_hub/hdl/verilog/xsdbm_v3_0_0_bs_core_ext.vh:617]
INFO: [Synth 8-11241] undeclared symbol 'tms_int', assumed default net type 'wire' [/home/dell/Desktop/FPGA/VivadoProjects/FPGA_project/AES/AES.runs/impl_1/.Xil/Vivado-53425-dell-Inspiron-5415/dc_drv.0/dc/prj_ip.gen/sources_1/ip/dbg_hub/hdl/xsdbm_v3_0_vl_rfs.v:6554]
INFO: [Synth 8-11241] undeclared symbol 'runtest_int', assumed default net type 'wire' [/home/dell/Desktop/FPGA/VivadoProjects/FPGA_project/AES/AES.runs/impl_1/.Xil/Vivado-53425-dell-Inspiron-5415/dc_drv.0/dc/prj_ip.gen/sources_1/ip/dbg_hub/hdl/xsdbm_v3_0_vl_rfs.v:6556]
INFO: [Synth 8-11241] undeclared symbol 'tms_int', assumed default net type 'wire' [/home/dell/Desktop/FPGA/VivadoProjects/FPGA_project/AES/AES.runs/impl_1/.Xil/Vivado-53425-dell-Inspiron-5415/dc_drv.0/dc/prj_ip.gen/sources_1/ip/dbg_hub/hdl/xsdbm_v3_0_vl_rfs.v:6589]
INFO: [Synth 8-11241] undeclared symbol 'runtest_int', assumed default net type 'wire' [/home/dell/Desktop/FPGA/VivadoProjects/FPGA_project/AES/AES.runs/impl_1/.Xil/Vivado-53425-dell-Inspiron-5415/dc_drv.0/dc/prj_ip.gen/sources_1/ip/dbg_hub/hdl/xsdbm_v3_0_vl_rfs.v:6591]
INFO: [Synth 8-11241] undeclared symbol 'tms_int', assumed default net type 'wire' [/home/dell/Desktop/FPGA/VivadoProjects/FPGA_project/AES/AES.runs/impl_1/.Xil/Vivado-53425-dell-Inspiron-5415/dc_drv.0/dc/prj_ip.gen/sources_1/ip/dbg_hub/hdl/verilog/xsdbm_v3_0_0_bs_core.vh:30]
INFO: [Synth 8-11241] undeclared symbol 'runtest_int', assumed default net type 'wire' [/home/dell/Desktop/FPGA/VivadoProjects/FPGA_project/AES/AES.runs/impl_1/.Xil/Vivado-53425-dell-Inspiron-5415/dc_drv.0/dc/prj_ip.gen/sources_1/ip/dbg_hub/hdl/verilog/xsdbm_v3_0_0_bs_core.vh:32]
INFO: [Synth 8-11241] undeclared symbol 'tms_int', assumed default net type 'wire' [/home/dell/Desktop/FPGA/VivadoProjects/FPGA_project/AES/AES.runs/impl_1/.Xil/Vivado-53425-dell-Inspiron-5415/dc_drv.0/dc/prj_ip.gen/sources_1/ip/dbg_hub/hdl/verilog/xsdbm_v3_0_0_bs_core.vh:69]
INFO: [Synth 8-11241] undeclared symbol 'runtest_int', assumed default net type 'wire' [/home/dell/Desktop/FPGA/VivadoProjects/FPGA_project/AES/AES.runs/impl_1/.Xil/Vivado-53425-dell-Inspiron-5415/dc_drv.0/dc/prj_ip.gen/sources_1/ip/dbg_hub/hdl/verilog/xsdbm_v3_0_0_bs_core.vh:71]
INFO: [Synth 8-11241] undeclared symbol 'tms_int', assumed default net type 'wire' [/home/dell/Desktop/FPGA/VivadoProjects/FPGA_project/AES/AES.runs/impl_1/.Xil/Vivado-53425-dell-Inspiron-5415/dc_drv.0/dc/prj_ip.gen/sources_1/ip/dbg_hub/hdl/verilog/xsdbm_v3_0_0_bs_core.vh:109]
INFO: [Synth 8-11241] undeclared symbol 'runtest_int', assumed default net type 'wire' [/home/dell/Desktop/FPGA/VivadoProjects/FPGA_project/AES/AES.runs/impl_1/.Xil/Vivado-53425-dell-Inspiron-5415/dc_drv.0/dc/prj_ip.gen/sources_1/ip/dbg_hub/hdl/verilog/xsdbm_v3_0_0_bs_core.vh:111]
INFO: [Synth 8-11241] undeclared symbol 'tms_int', assumed default net type 'wire' [/home/dell/Desktop/FPGA/VivadoProjects/FPGA_project/AES/AES.runs/impl_1/.Xil/Vivado-53425-dell-Inspiron-5415/dc_drv.0/dc/prj_ip.gen/sources_1/ip/dbg_hub/hdl/verilog/xsdbm_v3_0_0_bs_core.vh:150]
INFO: [Synth 8-11241] undeclared symbol 'runtest_int', assumed default net type 'wire' [/home/dell/Desktop/FPGA/VivadoProjects/FPGA_project/AES/AES.runs/impl_1/.Xil/Vivado-53425-dell-Inspiron-5415/dc_drv.0/dc/prj_ip.gen/sources_1/ip/dbg_hub/hdl/verilog/xsdbm_v3_0_0_bs_core.vh:152]
INFO: [Synth 8-11241] undeclared symbol 'tms_int', assumed default net type 'wire' [/home/dell/Desktop/FPGA/VivadoProjects/FPGA_project/AES/AES.runs/impl_1/.Xil/Vivado-53425-dell-Inspiron-5415/dc_drv.0/dc/prj_ip.gen/sources_1/ip/dbg_hub/hdl/verilog/xsdbm_v3_0_0_bs_core.vh:192]
INFO: [Synth 8-11241] undeclared symbol 'runtest_int', assumed default net type 'wire' [/home/dell/Desktop/FPGA/VivadoProjects/FPGA_project/AES/AES.runs/impl_1/.Xil/Vivado-53425-dell-Inspiron-5415/dc_drv.0/dc/prj_ip.gen/sources_1/ip/dbg_hub/hdl/verilog/xsdbm_v3_0_0_bs_core.vh:194]
INFO: [Synth 8-11241] undeclared symbol 'tms_int', assumed default net type 'wire' [/home/dell/Desktop/FPGA/VivadoProjects/FPGA_project/AES/AES.runs/impl_1/.Xil/Vivado-53425-dell-Inspiron-5415/dc_drv.0/dc/prj_ip.gen/sources_1/ip/dbg_hub/hdl/verilog/xsdbm_v3_0_0_bs_core.vh:235]
INFO: [Synth 8-11241] undeclared symbol 'runtest_int', assumed default net type 'wire' [/home/dell/Desktop/FPGA/VivadoProjects/FPGA_project/AES/AES.runs/impl_1/.Xil/Vivado-53425-dell-Inspiron-5415/dc_drv.0/dc/prj_ip.gen/sources_1/ip/dbg_hub/hdl/verilog/xsdbm_v3_0_0_bs_core.vh:237]
INFO: [Synth 8-11241] undeclared symbol 'tms_int', assumed default net type 'wire' [/home/dell/Desktop/FPGA/VivadoProjects/FPGA_project/AES/AES.runs/impl_1/.Xil/Vivado-53425-dell-Inspiron-5415/dc_drv.0/dc/prj_ip.gen/sources_1/ip/dbg_hub/hdl/verilog/xsdbm_v3_0_0_bs_core.vh:279]
INFO: [Synth 8-11241] undeclared symbol 'runtest_int', assumed default net type 'wire' [/home/dell/Desktop/FPGA/VivadoProjects/FPGA_project/AES/AES.runs/impl_1/.Xil/Vivado-53425-dell-Inspiron-5415/dc_drv.0/dc/prj_ip.gen/sources_1/ip/dbg_hub/hdl/verilog/xsdbm_v3_0_0_bs_core.vh:281]
INFO: [Synth 8-11241] undeclared symbol 'tms_int', assumed default net type 'wire' [/home/dell/Desktop/FPGA/VivadoProjects/FPGA_project/AES/AES.runs/impl_1/.Xil/Vivado-53425-dell-Inspiron-5415/dc_drv.0/dc/prj_ip.gen/sources_1/ip/dbg_hub/hdl/verilog/xsdbm_v3_0_0_bs_core.vh:324]
INFO: [Synth 8-11241] undeclared symbol 'runtest_int', assumed default net type 'wire' [/home/dell/Desktop/FPGA/VivadoProjects/FPGA_project/AES/AES.runs/impl_1/.Xil/Vivado-53425-dell-Inspiron-5415/dc_drv.0/dc/prj_ip.gen/sources_1/ip/dbg_hub/hdl/verilog/xsdbm_v3_0_0_bs_core.vh:326]
INFO: [Synth 8-11241] undeclared symbol 'tms_int', assumed default net type 'wire' [/home/dell/Desktop/FPGA/VivadoProjects/FPGA_project/AES/AES.runs/impl_1/.Xil/Vivado-53425-dell-Inspiron-5415/dc_drv.0/dc/prj_ip.gen/sources_1/ip/dbg_hub/hdl/verilog/xsdbm_v3_0_0_bs_core.vh:370]
INFO: [Synth 8-11241] undeclared symbol 'runtest_int', assumed default net type 'wire' [/home/dell/Desktop/FPGA/VivadoProjects/FPGA_project/AES/AES.runs/impl_1/.Xil/Vivado-53425-dell-Inspiron-5415/dc_drv.0/dc/prj_ip.gen/sources_1/ip/dbg_hub/hdl/verilog/xsdbm_v3_0_0_bs_core.vh:372]
INFO: [Synth 8-11241] undeclared symbol 'tms_int', assumed default net type 'wire' [/home/dell/Desktop/FPGA/VivadoProjects/FPGA_project/AES/AES.runs/impl_1/.Xil/Vivado-53425-dell-Inspiron-5415/dc_drv.0/dc/prj_ip.gen/sources_1/ip/dbg_hub/hdl/verilog/xsdbm_v3_0_0_bs_core.vh:417]
INFO: [Synth 8-11241] undeclared symbol 'runtest_int', assumed default net type 'wire' [/home/dell/Desktop/FPGA/VivadoProjects/FPGA_project/AES/AES.runs/impl_1/.Xil/Vivado-53425-dell-Inspiron-5415/dc_drv.0/dc/prj_ip.gen/sources_1/ip/dbg_hub/hdl/verilog/xsdbm_v3_0_0_bs_core.vh:419]
INFO: [Synth 8-11241] undeclared symbol 'tms_int', assumed default net type 'wire' [/home/dell/Desktop/FPGA/VivadoProjects/FPGA_project/AES/AES.runs/impl_1/.Xil/Vivado-53425-dell-Inspiron-5415/dc_drv.0/dc/prj_ip.gen/sources_1/ip/dbg_hub/hdl/verilog/xsdbm_v3_0_0_bs_core.vh:465]
INFO: [Synth 8-11241] undeclared symbol 'runtest_int', assumed default net type 'wire' [/home/dell/Desktop/FPGA/VivadoProjects/FPGA_project/AES/AES.runs/impl_1/.Xil/Vivado-53425-dell-Inspiron-5415/dc_drv.0/dc/prj_ip.gen/sources_1/ip/dbg_hub/hdl/verilog/xsdbm_v3_0_0_bs_core.vh:467]
INFO: [Synth 8-11241] undeclared symbol 'tms_int', assumed default net type 'wire' [/home/dell/Desktop/FPGA/VivadoProjects/FPGA_project/AES/AES.runs/impl_1/.Xil/Vivado-53425-dell-Inspiron-5415/dc_drv.0/dc/prj_ip.gen/sources_1/ip/dbg_hub/hdl/verilog/xsdbm_v3_0_0_bs_core.vh:514]
INFO: [Synth 8-11241] undeclared symbol 'runtest_int', assumed default net type 'wire' [/home/dell/Desktop/FPGA/VivadoProjects/FPGA_project/AES/AES.runs/impl_1/.Xil/Vivado-53425-dell-Inspiron-5415/dc_drv.0/dc/prj_ip.gen/sources_1/ip/dbg_hub/hdl/verilog/xsdbm_v3_0_0_bs_core.vh:516]
INFO: [Synth 8-11241] undeclared symbol 'tms_int', assumed default net type 'wire' [/home/dell/Desktop/FPGA/VivadoProjects/FPGA_project/AES/AES.runs/impl_1/.Xil/Vivado-53425-dell-Inspiron-5415/dc_drv.0/dc/prj_ip.gen/sources_1/ip/dbg_hub/hdl/verilog/xsdbm_v3_0_0_bs_core.vh:564]
INFO: [Synth 8-11241] undeclared symbol 'runtest_int', assumed default net type 'wire' [/home/dell/Desktop/FPGA/VivadoProjects/FPGA_project/AES/AES.runs/impl_1/.Xil/Vivado-53425-dell-Inspiron-5415/dc_drv.0/dc/prj_ip.gen/sources_1/ip/dbg_hub/hdl/verilog/xsdbm_v3_0_0_bs_core.vh:566]
INFO: [Synth 8-11241] undeclared symbol 'tms_int', assumed default net type 'wire' [/home/dell/Desktop/FPGA/VivadoProjects/FPGA_project/AES/AES.runs/impl_1/.Xil/Vivado-53425-dell-Inspiron-5415/dc_drv.0/dc/prj_ip.gen/sources_1/ip/dbg_hub/hdl/verilog/xsdbm_v3_0_0_bs_core.vh:615]
INFO: [Synth 8-11241] undeclared symbol 'runtest_int', assumed default net type 'wire' [/home/dell/Desktop/FPGA/VivadoProjects/FPGA_project/AES/AES.runs/impl_1/.Xil/Vivado-53425-dell-Inspiron-5415/dc_drv.0/dc/prj_ip.gen/sources_1/ip/dbg_hub/hdl/verilog/xsdbm_v3_0_0_bs_core.vh:617]
INFO: [Synth 8-11241] undeclared symbol 'tms_int', assumed default net type 'wire' [/home/dell/Desktop/FPGA/VivadoProjects/FPGA_project/AES/AES.runs/impl_1/.Xil/Vivado-53425-dell-Inspiron-5415/dc_drv.0/dc/prj_ip.gen/sources_1/ip/dbg_hub/hdl/xsdbm_v3_0_vl_rfs.v:10347]
INFO: [Synth 8-11241] undeclared symbol 'runtest_int', assumed default net type 'wire' [/home/dell/Desktop/FPGA/VivadoProjects/FPGA_project/AES/AES.runs/impl_1/.Xil/Vivado-53425-dell-Inspiron-5415/dc_drv.0/dc/prj_ip.gen/sources_1/ip/dbg_hub/hdl/xsdbm_v3_0_vl_rfs.v:10349]
INFO: [Synth 8-11241] undeclared symbol 'tms_int', assumed default net type 'wire' [/home/dell/Desktop/FPGA/VivadoProjects/FPGA_project/AES/AES.runs/impl_1/.Xil/Vivado-53425-dell-Inspiron-5415/dc_drv.0/dc/prj_ip.gen/sources_1/ip/dbg_hub/hdl/xsdbm_v3_0_vl_rfs.v:10380]
INFO: [Synth 8-11241] undeclared symbol 'runtest_int', assumed default net type 'wire' [/home/dell/Desktop/FPGA/VivadoProjects/FPGA_project/AES/AES.runs/impl_1/.Xil/Vivado-53425-dell-Inspiron-5415/dc_drv.0/dc/prj_ip.gen/sources_1/ip/dbg_hub/hdl/xsdbm_v3_0_vl_rfs.v:10382]
INFO: [Synth 8-11241] undeclared symbol 'tms_int', assumed default net type 'wire' [/home/dell/Desktop/FPGA/VivadoProjects/FPGA_project/AES/AES.runs/impl_1/.Xil/Vivado-53425-dell-Inspiron-5415/dc_drv.0/dc/prj_ip.gen/sources_1/ip/dbg_hub/hdl/xsdbm_v3_0_vl_rfs.v:10413]
INFO: [Synth 8-11241] undeclared symbol 'runtest_int', assumed default net type 'wire' [/home/dell/Desktop/FPGA/VivadoProjects/FPGA_project/AES/AES.runs/impl_1/.Xil/Vivado-53425-dell-Inspiron-5415/dc_drv.0/dc/prj_ip.gen/sources_1/ip/dbg_hub/hdl/xsdbm_v3_0_vl_rfs.v:10415]
INFO: [Synth 8-11241] undeclared symbol 'tms_int', assumed default net type 'wire' [/home/dell/Desktop/FPGA/VivadoProjects/FPGA_project/AES/AES.runs/impl_1/.Xil/Vivado-53425-dell-Inspiron-5415/dc_drv.0/dc/prj_ip.gen/sources_1/ip/dbg_hub/hdl/verilog/xsdbm_v3_0_0_bs_core_vec.vh:30]
INFO: [Synth 8-11241] undeclared symbol 'runtest_int', assumed default net type 'wire' [/home/dell/Desktop/FPGA/VivadoProjects/FPGA_project/AES/AES.runs/impl_1/.Xil/Vivado-53425-dell-Inspiron-5415/dc_drv.0/dc/prj_ip.gen/sources_1/ip/dbg_hub/hdl/verilog/xsdbm_v3_0_0_bs_core_vec.vh:32]
INFO: [Synth 8-11241] undeclared symbol 'tms_int', assumed default net type 'wire' [/home/dell/Desktop/FPGA/VivadoProjects/FPGA_project/AES/AES.runs/impl_1/.Xil/Vivado-53425-dell-Inspiron-5415/dc_drv.0/dc/prj_ip.gen/sources_1/ip/dbg_hub/hdl/verilog/xsdbm_v3_0_0_bs_core_vec.vh:65]
INFO: [Synth 8-11241] undeclared symbol 'runtest_int', assumed default net type 'wire' [/home/dell/Desktop/FPGA/VivadoProjects/FPGA_project/AES/AES.runs/impl_1/.Xil/Vivado-53425-dell-Inspiron-5415/dc_drv.0/dc/prj_ip.gen/sources_1/ip/dbg_hub/hdl/verilog/xsdbm_v3_0_0_bs_core_vec.vh:67]
INFO: [Synth 8-11241] undeclared symbol 'tms_int', assumed default net type 'wire' [/home/dell/Desktop/FPGA/VivadoProjects/FPGA_project/AES/AES.runs/impl_1/.Xil/Vivado-53425-dell-Inspiron-5415/dc_drv.0/dc/prj_ip.gen/sources_1/ip/dbg_hub/hdl/verilog/xsdbm_v3_0_0_bs_core_vec.vh:100]
INFO: [Synth 8-11241] undeclared symbol 'runtest_int', assumed default net type 'wire' [/home/dell/Desktop/FPGA/VivadoProjects/FPGA_project/AES/AES.runs/impl_1/.Xil/Vivado-53425-dell-Inspiron-5415/dc_drv.0/dc/prj_ip.gen/sources_1/ip/dbg_hub/hdl/verilog/xsdbm_v3_0_0_bs_core_vec.vh:102]
INFO: [Synth 8-11241] undeclared symbol 'tms_int', assumed default net type 'wire' [/home/dell/Desktop/FPGA/VivadoProjects/FPGA_project/AES/AES.runs/impl_1/.Xil/Vivado-53425-dell-Inspiron-5415/dc_drv.0/dc/prj_ip.gen/sources_1/ip/dbg_hub/hdl/verilog/xsdbm_v3_0_0_bs_core_vec.vh:135]
INFO: [Synth 8-11241] undeclared symbol 'runtest_int', assumed default net type 'wire' [/home/dell/Desktop/FPGA/VivadoProjects/FPGA_project/AES/AES.runs/impl_1/.Xil/Vivado-53425-dell-Inspiron-5415/dc_drv.0/dc/prj_ip.gen/sources_1/ip/dbg_hub/hdl/verilog/xsdbm_v3_0_0_bs_core_vec.vh:137]
INFO: [Synth 8-11241] undeclared symbol 'tms_int', assumed default net type 'wire' [/home/dell/Desktop/FPGA/VivadoProjects/FPGA_project/AES/AES.runs/impl_1/.Xil/Vivado-53425-dell-Inspiron-5415/dc_drv.0/dc/prj_ip.gen/sources_1/ip/dbg_hub/hdl/verilog/xsdbm_v3_0_0_bs_core_vec.vh:170]
INFO: [Synth 8-11241] undeclared symbol 'runtest_int', assumed default net type 'wire' [/home/dell/Desktop/FPGA/VivadoProjects/FPGA_project/AES/AES.runs/impl_1/.Xil/Vivado-53425-dell-Inspiron-5415/dc_drv.0/dc/prj_ip.gen/sources_1/ip/dbg_hub/hdl/verilog/xsdbm_v3_0_0_bs_core_vec.vh:172]
INFO: [Synth 8-11241] undeclared symbol 'tms_int', assumed default net type 'wire' [/home/dell/Desktop/FPGA/VivadoProjects/FPGA_project/AES/AES.runs/impl_1/.Xil/Vivado-53425-dell-Inspiron-5415/dc_drv.0/dc/prj_ip.gen/sources_1/ip/dbg_hub/hdl/verilog/xsdbm_v3_0_0_bs_core_vec.vh:205]
INFO: [Synth 8-11241] undeclared symbol 'runtest_int', assumed default net type 'wire' [/home/dell/Desktop/FPGA/VivadoProjects/FPGA_project/AES/AES.runs/impl_1/.Xil/Vivado-53425-dell-Inspiron-5415/dc_drv.0/dc/prj_ip.gen/sources_1/ip/dbg_hub/hdl/verilog/xsdbm_v3_0_0_bs_core_vec.vh:207]
INFO: [Synth 8-11241] undeclared symbol 'tms_int', assumed default net type 'wire' [/home/dell/Desktop/FPGA/VivadoProjects/FPGA_project/AES/AES.runs/impl_1/.Xil/Vivado-53425-dell-Inspiron-5415/dc_drv.0/dc/prj_ip.gen/sources_1/ip/dbg_hub/hdl/verilog/xsdbm_v3_0_0_bs_core_vec.vh:240]
INFO: [Synth 8-11241] undeclared symbol 'runtest_int', assumed default net type 'wire' [/home/dell/Desktop/FPGA/VivadoProjects/FPGA_project/AES/AES.runs/impl_1/.Xil/Vivado-53425-dell-Inspiron-5415/dc_drv.0/dc/prj_ip.gen/sources_1/ip/dbg_hub/hdl/verilog/xsdbm_v3_0_0_bs_core_vec.vh:242]
INFO: [Synth 8-11241] undeclared symbol 'tms_int', assumed default net type 'wire' [/home/dell/Desktop/FPGA/VivadoProjects/FPGA_project/AES/AES.runs/impl_1/.Xil/Vivado-53425-dell-Inspiron-5415/dc_drv.0/dc/prj_ip.gen/sources_1/ip/dbg_hub/hdl/verilog/xsdbm_v3_0_0_bs_core_vec.vh:275]
INFO: [Synth 8-11241] undeclared symbol 'runtest_int', assumed default net type 'wire' [/home/dell/Desktop/FPGA/VivadoProjects/FPGA_project/AES/AES.runs/impl_1/.Xil/Vivado-53425-dell-Inspiron-5415/dc_drv.0/dc/prj_ip.gen/sources_1/ip/dbg_hub/hdl/verilog/xsdbm_v3_0_0_bs_core_vec.vh:277]
INFO: [Synth 8-11241] undeclared symbol 'tms_int', assumed default net type 'wire' [/home/dell/Desktop/FPGA/VivadoProjects/FPGA_project/AES/AES.runs/impl_1/.Xil/Vivado-53425-dell-Inspiron-5415/dc_drv.0/dc/prj_ip.gen/sources_1/ip/dbg_hub/hdl/verilog/xsdbm_v3_0_0_bs_core_vec.vh:310]
INFO: [Synth 8-11241] undeclared symbol 'runtest_int', assumed default net type 'wire' [/home/dell/Desktop/FPGA/VivadoProjects/FPGA_project/AES/AES.runs/impl_1/.Xil/Vivado-53425-dell-Inspiron-5415/dc_drv.0/dc/prj_ip.gen/sources_1/ip/dbg_hub/hdl/verilog/xsdbm_v3_0_0_bs_core_vec.vh:312]
INFO: [Synth 8-11241] undeclared symbol 'tms_int', assumed default net type 'wire' [/home/dell/Desktop/FPGA/VivadoProjects/FPGA_project/AES/AES.runs/impl_1/.Xil/Vivado-53425-dell-Inspiron-5415/dc_drv.0/dc/prj_ip.gen/sources_1/ip/dbg_hub/hdl/verilog/xsdbm_v3_0_0_bs_core_vec.vh:345]
INFO: [Synth 8-11241] undeclared symbol 'runtest_int', assumed default net type 'wire' [/home/dell/Desktop/FPGA/VivadoProjects/FPGA_project/AES/AES.runs/impl_1/.Xil/Vivado-53425-dell-Inspiron-5415/dc_drv.0/dc/prj_ip.gen/sources_1/ip/dbg_hub/hdl/verilog/xsdbm_v3_0_0_bs_core_vec.vh:347]
INFO: [Synth 8-11241] undeclared symbol 'tms_int', assumed default net type 'wire' [/home/dell/Desktop/FPGA/VivadoProjects/FPGA_project/AES/AES.runs/impl_1/.Xil/Vivado-53425-dell-Inspiron-5415/dc_drv.0/dc/prj_ip.gen/sources_1/ip/dbg_hub/hdl/verilog/xsdbm_v3_0_0_bs_core_vec.vh:380]
INFO: [Synth 8-11241] undeclared symbol 'runtest_int', assumed default net type 'wire' [/home/dell/Desktop/FPGA/VivadoProjects/FPGA_project/AES/AES.runs/impl_1/.Xil/Vivado-53425-dell-Inspiron-5415/dc_drv.0/dc/prj_ip.gen/sources_1/ip/dbg_hub/hdl/verilog/xsdbm_v3_0_0_bs_core_vec.vh:382]
INFO: [Synth 8-11241] undeclared symbol 'tms_int', assumed default net type 'wire' [/home/dell/Desktop/FPGA/VivadoProjects/FPGA_project/AES/AES.runs/impl_1/.Xil/Vivado-53425-dell-Inspiron-5415/dc_drv.0/dc/prj_ip.gen/sources_1/ip/dbg_hub/hdl/verilog/xsdbm_v3_0_0_bs_core_vec.vh:415]
INFO: [Synth 8-11241] undeclared symbol 'runtest_int', assumed default net type 'wire' [/home/dell/Desktop/FPGA/VivadoProjects/FPGA_project/AES/AES.runs/impl_1/.Xil/Vivado-53425-dell-Inspiron-5415/dc_drv.0/dc/prj_ip.gen/sources_1/ip/dbg_hub/hdl/verilog/xsdbm_v3_0_0_bs_core_vec.vh:417]
INFO: [Synth 8-11241] undeclared symbol 'tms_int', assumed default net type 'wire' [/home/dell/Desktop/FPGA/VivadoProjects/FPGA_project/AES/AES.runs/impl_1/.Xil/Vivado-53425-dell-Inspiron-5415/dc_drv.0/dc/prj_ip.gen/sources_1/ip/dbg_hub/hdl/verilog/xsdbm_v3_0_0_bs_core_vec.vh:450]
INFO: [Common 17-14] Message 'Synth 8-11241' appears 100 times and further instances of the messages will be disabled. Use the Tcl command set_msg_config to change the current settings.
---------------------------------------------------------------------------------
Starting RTL Elaboration : Time (s): cpu = 00:00:05 ; elapsed = 00:00:39 . Memory (MB): peak = 2025.406 ; gain = 379.770 ; free physical = 134 ; free virtual = 315
---------------------------------------------------------------------------------
