Vivado Simulator v2023.1
Copyright 1986-2022 Xilinx, Inc. All Rights Reserved.
Copyright 2022-2023 Advanced Micro Devices, Inc. All Rights Reserved.
Running: /tools/Xilinx/Vivado/2023.1/bin/unwrapped/lnx64.o/xelab --incr --debug typical --relax --mt 8 -L xil_defaultlib -L unisims_ver -L unimacro_ver -L secureip --snapshot AES_tb_behav xil_defaultlib.AES_tb xil_defaultlib.glbl -log elaborate.log 
Using 8 slave threads.
Starting static elaboration
Pass Through NonSizing Optimizer
WARNING: [VRFC 10-3091] actual bit length 1 differs from formal bit length 128 for port 'dia' [/home/dell/Desktop/IIITB/5thSem/FPGA/VivadoProjects/FPGA_project/AESunoptimizedArea/AESunoptimizedArea.srcs/sim_1/imports/new/AES_tb.v:42]
Completed static elaboration
Starting simulation data flow analysis
WARNING: [XSIM 43-4099] "/home/dell/Desktop/IIITB/5thSem/FPGA/VivadoProjects/FPGA_project/AESunoptimizedArea/AESunoptimizedArea.srcs/sources_1/imports/new/AES.v" Line 1. Module AES doesn't have a timescale but at least one module in design has a timescale.
WARNING: [XSIM 43-4099] "/home/dell/Desktop/IIITB/5thSem/FPGA/VivadoProjects/FPGA_project/AESunoptimizedArea/AESunoptimizedArea.srcs/sources_1/imports/sources_1/imports/new/helper.v" Line 11. Module keyExpansion doesn't have a timescale but at least one module in design has a timescale.
WARNING: [XSIM 43-4099] "/home/dell/Desktop/IIITB/5thSem/FPGA/VivadoProjects/FPGA_project/AESunoptimizedArea/AESunoptimizedArea.srcs/sources_1/imports/new/AES_Encryption.v" Line 1. Module AES_Encrypt_default doesn't have a timescale but at least one module in design has a timescale.
WARNING: [XSIM 43-4099] "/home/dell/Desktop/IIITB/5thSem/FPGA/VivadoProjects/FPGA_project/AESunoptimizedArea/AESunoptimizedArea.srcs/sources_1/imports/sources_1/imports/new/helper.v" Line 1. Module addRoundKey doesn't have a timescale but at least one module in design has a timescale.
WARNING: [XSIM 43-4099] "/home/dell/Desktop/IIITB/5thSem/FPGA/VivadoProjects/FPGA_project/AESunoptimizedArea/AESunoptimizedArea.srcs/sources_1/imports/new/encryptHelper.v" Line 1. Module encryptRound doesn't have a timescale but at least one module in design has a timescale.
WARNING: [XSIM 43-4099] "/home/dell/Desktop/IIITB/5thSem/FPGA/VivadoProjects/FPGA_project/AESunoptimizedArea/AESunoptimizedArea.srcs/sources_1/imports/new/encryptHelper.v" Line 96. Module subBytes_default doesn't have a timescale but at least one module in design has a timescale.
WARNING: [XSIM 43-4099] "/home/dell/Desktop/IIITB/5thSem/FPGA/VivadoProjects/FPGA_project/AESunoptimizedArea/AESunoptimizedArea.srcs/sources_1/imports/sources_1/imports/new/sbox.v" Line 1. Module sbox doesn't have a timescale but at least one module in design has a timescale.
WARNING: [XSIM 43-4099] "/home/dell/Desktop/IIITB/5thSem/FPGA/VivadoProjects/FPGA_project/AESunoptimizedArea/AESunoptimizedArea.srcs/sources_1/imports/sources_1/imports/new/sbox.v" Line 1. Module sbox doesn't have a timescale but at least one module in design has a timescale.
WARNING: [XSIM 43-4099] "/home/dell/Desktop/IIITB/5thSem/FPGA/VivadoProjects/FPGA_project/AESunoptimizedArea/AESunoptimizedArea.srcs/sources_1/imports/sources_1/imports/new/sbox.v" Line 1. Module sbox doesn't have a timescale but at least one module in design has a timescale.
WARNING: [XSIM 43-4099] "/home/dell/Desktop/IIITB/5thSem/FPGA/VivadoProjects/FPGA_project/AESunoptimizedArea/AESunoptimizedArea.srcs/sources_1/imports/sources_1/imports/new/sbox.v" Line 1. Module sbox doesn't have a timescale but at least one module in design has a timescale.
WARNING: [XSIM 43-4099] "/home/dell/Desktop/IIITB/5thSem/FPGA/VivadoProjects/FPGA_project/AESunoptimizedArea/AESunoptimizedArea.srcs/sources_1/imports/sources_1/imports/new/sbox.v" Line 1. Module sbox doesn't have a timescale but at least one module in design has a timescale.
WARNING: [XSIM 43-4099] "/home/dell/Desktop/IIITB/5thSem/FPGA/VivadoProjects/FPGA_project/AESunoptimizedArea/AESunoptimizedArea.srcs/sources_1/imports/sources_1/imports/new/sbox.v" Line 1. Module sbox doesn't have a timescale but at least one module in design has a timescale.
WARNING: [XSIM 43-4099] "/home/dell/Desktop/IIITB/5thSem/FPGA/VivadoProjects/FPGA_project/AESunoptimizedArea/AESunoptimizedArea.srcs/sources_1/imports/sources_1/imports/new/sbox.v" Line 1. Module sbox doesn't have a timescale but at least one module in design has a timescale.
WARNING: [XSIM 43-4099] "/home/dell/Desktop/IIITB/5thSem/FPGA/VivadoProjects/FPGA_project/AESunoptimizedArea/AESunoptimizedArea.srcs/sources_1/imports/sources_1/imports/new/sbox.v" Line 1. Module sbox doesn't have a timescale but at least one module in design has a timescale.
WARNING: [XSIM 43-4099] "/home/dell/Desktop/IIITB/5thSem/FPGA/VivadoProjects/FPGA_project/AESunoptimizedArea/AESunoptimizedArea.srcs/sources_1/imports/sources_1/imports/new/sbox.v" Line 1. Module sbox doesn't have a timescale but at least one module in design has a timescale.
WARNING: [XSIM 43-4099] "/home/dell/Desktop/IIITB/5thSem/FPGA/VivadoProjects/FPGA_project/AESunoptimizedArea/AESunoptimizedArea.srcs/sources_1/imports/sources_1/imports/new/sbox.v" Line 1. Module sbox doesn't have a timescale but at least one module in design has a timescale.
WARNING: [XSIM 43-4099] "/home/dell/Desktop/IIITB/5thSem/FPGA/VivadoProjects/FPGA_project/AESunoptimizedArea/AESunoptimizedArea.srcs/sources_1/imports/sources_1/imports/new/sbox.v" Line 1. Module sbox doesn't have a timescale but at least one module in design has a timescale.
WARNING: [XSIM 43-4099] "/home/dell/Desktop/IIITB/5thSem/FPGA/VivadoProjects/FPGA_project/AESunoptimizedArea/AESunoptimizedArea.srcs/sources_1/imports/sources_1/imports/new/sbox.v" Line 1. Module sbox doesn't have a timescale but at least one module in design has a timescale.
WARNING: [XSIM 43-4099] "/home/dell/Desktop/IIITB/5thSem/FPGA/VivadoProjects/FPGA_project/AESunoptimizedArea/AESunoptimizedArea.srcs/sources_1/imports/sources_1/imports/new/sbox.v" Line 1. Module sbox doesn't have a timescale but at least one module in design has a timescale.
WARNING: [XSIM 43-4099] "/home/dell/Desktop/IIITB/5thSem/FPGA/VivadoProjects/FPGA_project/AESunoptimizedArea/AESunoptimizedArea.srcs/sources_1/imports/sources_1/imports/new/sbox.v" Line 1. Module sbox doesn't have a timescale but at least one module in design has a timescale.
WARNING: [XSIM 43-4099] "/home/dell/Desktop/IIITB/5thSem/FPGA/VivadoProjects/FPGA_project/AESunoptimizedArea/AESunoptimizedArea.srcs/sources_1/imports/sources_1/imports/new/sbox.v" Line 1. Module sbox doesn't have a timescale but at least one module in design has a timescale.
WARNING: [XSIM 43-4099] "/home/dell/Desktop/IIITB/5thSem/FPGA/VivadoProjects/FPGA_project/AESunoptimizedArea/AESunoptimizedArea.srcs/sources_1/imports/sources_1/imports/new/sbox.v" Line 1. Module sbox doesn't have a timescale but at least one module in design has a timescale.
WARNING: [XSIM 43-4099] "/home/dell/Desktop/IIITB/5thSem/FPGA/VivadoProjects/FPGA_project/AESunoptimizedArea/AESunoptimizedArea.srcs/sources_1/imports/new/encryptHelper.v" Line 66. Module shiftRows doesn't have a timescale but at least one module in design has a timescale.
WARNING: [XSIM 43-4099] "/home/dell/Desktop/IIITB/5thSem/FPGA/VivadoProjects/FPGA_project/AESunoptimizedArea/AESunoptimizedArea.srcs/sources_1/imports/new/encryptHelper.v" Line 17. Module mixColumns doesn't have a timescale but at least one module in design has a timescale.
WARNING: [XSIM 43-4099] "/home/dell/Desktop/IIITB/5thSem/FPGA/VivadoProjects/FPGA_project/AESunoptimizedArea/AESunoptimizedArea.srcs/sources_1/imports/sources_1/imports/new/helper.v" Line 1. Module addRoundKey doesn't have a timescale but at least one module in design has a timescale.
WARNING: [XSIM 43-4099] "/home/dell/Desktop/IIITB/5thSem/FPGA/VivadoProjects/FPGA_project/AESunoptimizedArea/AESunoptimizedArea.srcs/sources_1/imports/new/encryptHelper.v" Line 1. Module encryptRound doesn't have a timescale but at least one module in design has a timescale.
WARNING: [XSIM 43-4099] "/home/dell/Desktop/IIITB/5thSem/FPGA/VivadoProjects/FPGA_project/AESunoptimizedArea/AESunoptimizedArea.srcs/sources_1/imports/new/encryptHelper.v" Line 96. Module subBytes_default doesn't have a timescale but at least one module in design has a timescale.
WARNING: [XSIM 43-4099] "/home/dell/Desktop/IIITB/5thSem/FPGA/VivadoProjects/FPGA_project/AESunoptimizedArea/AESunoptimizedArea.srcs/sources_1/imports/sources_1/imports/new/sbox.v" Line 1. Module sbox doesn't have a timescale but at least one module in design has a timescale.
WARNING: [XSIM 43-4099] "/home/dell/Desktop/IIITB/5thSem/FPGA/VivadoProjects/FPGA_project/AESunoptimizedArea/AESunoptimizedArea.srcs/sources_1/imports/sources_1/imports/new/sbox.v" Line 1. Module sbox doesn't have a timescale but at least one module in design has a timescale.
WARNING: [XSIM 43-4099] "/home/dell/Desktop/IIITB/5thSem/FPGA/VivadoProjects/FPGA_project/AESunoptimizedArea/AESunoptimizedArea.srcs/sources_1/imports/sources_1/imports/new/sbox.v" Line 1. Module sbox doesn't have a timescale but at least one module in design has a timescale.
WARNING: [XSIM 43-4099] "/home/dell/Desktop/IIITB/5thSem/FPGA/VivadoProjects/FPGA_project/AESunoptimizedArea/AESunoptimizedArea.srcs/sources_1/imports/sources_1/imports/new/sbox.v" Line 1. Module sbox doesn't have a timescale but at least one module in design has a timescale.
WARNING: [XSIM 43-4099] "/home/dell/Desktop/IIITB/5thSem/FPGA/VivadoProjects/FPGA_project/AESunoptimizedArea/AESunoptimizedArea.srcs/sources_1/imports/sources_1/imports/new/sbox.v" Line 1. Module sbox doesn't have a timescale but at least one module in design has a timescale.
WARNING: [XSIM 43-4099] "/home/dell/Desktop/IIITB/5thSem/FPGA/VivadoProjects/FPGA_project/AESunoptimizedArea/AESunoptimizedArea.srcs/sources_1/imports/sources_1/imports/new/sbox.v" Line 1. Module sbox doesn't have a timescale but at least one module in design has a timescale.
WARNING: [XSIM 43-4099] "/home/dell/Desktop/IIITB/5thSem/FPGA/VivadoProjects/FPGA_project/AESunoptimizedArea/AESunoptimizedArea.srcs/sources_1/imports/sources_1/imports/new/sbox.v" Line 1. Module sbox doesn't have a timescale but at least one module in design has a timescale.
WARNING: [XSIM 43-4099] "/home/dell/Desktop/IIITB/5thSem/FPGA/VivadoProjects/FPGA_project/AESunoptimizedArea/AESunoptimizedArea.srcs/sources_1/imports/sources_1/imports/new/sbox.v" Line 1. Module sbox doesn't have a timescale but at least one module in design has a timescale.
WARNING: [XSIM 43-4099] "/home/dell/Desktop/IIITB/5thSem/FPGA/VivadoProjects/FPGA_project/AESunoptimizedArea/AESunoptimizedArea.srcs/sources_1/imports/sources_1/imports/new/sbox.v" Line 1. Module sbox doesn't have a timescale but at least one module in design has a timescale.
WARNING: [XSIM 43-4099] "/home/dell/Desktop/IIITB/5thSem/FPGA/VivadoProjects/FPGA_project/AESunoptimizedArea/AESunoptimizedArea.srcs/sources_1/imports/sources_1/imports/new/sbox.v" Line 1. Module sbox doesn't have a timescale but at least one module in design has a timescale.
WARNING: [XSIM 43-4099] "/home/dell/Desktop/IIITB/5thSem/FPGA/VivadoProjects/FPGA_project/AESunoptimizedArea/AESunoptimizedArea.srcs/sources_1/imports/sources_1/imports/new/sbox.v" Line 1. Module sbox doesn't have a timescale but at least one module in design has a timescale.
WARNING: [XSIM 43-4099] "/home/dell/Desktop/IIITB/5thSem/FPGA/VivadoProjects/FPGA_project/AESunoptimizedArea/AESunoptimizedArea.srcs/sources_1/imports/sources_1/imports/new/sbox.v" Line 1. Module sbox doesn't have a timescale but at least one module in design has a timescale.
WARNING: [XSIM 43-4099] "/home/dell/Desktop/IIITB/5thSem/FPGA/VivadoProjects/FPGA_project/AESunoptimizedArea/AESunoptimizedArea.srcs/sources_1/imports/sources_1/imports/new/sbox.v" Line 1. Module sbox doesn't have a timescale but at least one module in design has a timescale.
WARNING: [XSIM 43-4099] "/home/dell/Desktop/IIITB/5thSem/FPGA/VivadoProjects/FPGA_project/AESunoptimizedArea/AESunoptimizedArea.srcs/sources_1/imports/sources_1/imports/new/sbox.v" Line 1. Module sbox doesn't have a timescale but at least one module in design has a timescale.
WARNING: [XSIM 43-4099] "/home/dell/Desktop/IIITB/5thSem/FPGA/VivadoProjects/FPGA_project/AESunoptimizedArea/AESunoptimizedArea.srcs/sources_1/imports/sources_1/imports/new/sbox.v" Line 1. Module sbox doesn't have a timescale but at least one module in design has a timescale.
WARNING: [XSIM 43-4099] "/home/dell/Desktop/IIITB/5thSem/FPGA/VivadoProjects/FPGA_project/AESunoptimizedArea/AESunoptimizedArea.srcs/sources_1/imports/sources_1/imports/new/sbox.v" Line 1. Module sbox doesn't have a timescale but at least one module in design has a timescale.
WARNING: [XSIM 43-4099] "/home/dell/Desktop/IIITB/5thSem/FPGA/VivadoProjects/FPGA_project/AESunoptimizedArea/AESunoptimizedArea.srcs/sources_1/imports/new/encryptHelper.v" Line 66. Module shiftRows doesn't have a timescale but at least one module in design has a timescale.
WARNING: [XSIM 43-4099] "/home/dell/Desktop/IIITB/5thSem/FPGA/VivadoProjects/FPGA_project/AESunoptimizedArea/AESunoptimizedArea.srcs/sources_1/imports/new/encryptHelper.v" Line 17. Module mixColumns doesn't have a timescale but at least one module in design has a timescale.
WARNING: [XSIM 43-4099] "/home/dell/Desktop/IIITB/5thSem/FPGA/VivadoProjects/FPGA_project/AESunoptimizedArea/AESunoptimizedArea.srcs/sources_1/imports/sources_1/imports/new/helper.v" Line 1. Module addRoundKey doesn't have a timescale but at least one module in design has a timescale.
WARNING: [XSIM 43-4099] "/home/dell/Desktop/IIITB/5thSem/FPGA/VivadoProjects/FPGA_project/AESunoptimizedArea/AESunoptimizedArea.srcs/sources_1/imports/new/encryptHelper.v" Line 1. Module encryptRound doesn't have a timescale but at least one module in design has a timescale.
WARNING: [XSIM 43-4099] "/home/dell/Desktop/IIITB/5thSem/FPGA/VivadoProjects/FPGA_project/AESunoptimizedArea/AESunoptimizedArea.srcs/sources_1/imports/new/encryptHelper.v" Line 96. Module subBytes_default doesn't have a timescale but at least one module in design has a timescale.
WARNING: [XSIM 43-4099] "/home/dell/Desktop/IIITB/5thSem/FPGA/VivadoProjects/FPGA_project/AESunoptimizedArea/AESunoptimizedArea.srcs/sources_1/imports/sources_1/imports/new/sbox.v" Line 1. Module sbox doesn't have a timescale but at least one module in design has a timescale.
WARNING: [XSIM 43-4099] "/home/dell/Desktop/IIITB/5thSem/FPGA/VivadoProjects/FPGA_project/AESunoptimizedArea/AESunoptimizedArea.srcs/sources_1/imports/sources_1/imports/new/sbox.v" Line 1. Module sbox doesn't have a timescale but at least one module in design has a timescale.
WARNING: [XSIM 43-4099] "/home/dell/Desktop/IIITB/5thSem/FPGA/VivadoProjects/FPGA_project/AESunoptimizedArea/AESunoptimizedArea.srcs/sources_1/imports/sources_1/imports/new/sbox.v" Line 1. Module sbox doesn't have a timescale but at least one module in design has a timescale.
WARNING: [XSIM 43-4099] "/home/dell/Desktop/IIITB/5thSem/FPGA/VivadoProjects/FPGA_project/AESunoptimizedArea/AESunoptimizedArea.srcs/sources_1/imports/sources_1/imports/new/sbox.v" Line 1. Module sbox doesn't have a timescale but at least one module in design has a timescale.
WARNING: [XSIM 43-4099] "/home/dell/Desktop/IIITB/5thSem/FPGA/VivadoProjects/FPGA_project/AESunoptimizedArea/AESunoptimizedArea.srcs/sources_1/imports/sources_1/imports/new/sbox.v" Line 1. Module sbox doesn't have a timescale but at least one module in design has a timescale.
WARNING: [XSIM 43-4099] "/home/dell/Desktop/IIITB/5thSem/FPGA/VivadoProjects/FPGA_project/AESunoptimizedArea/AESunoptimizedArea.srcs/sources_1/imports/sources_1/imports/new/sbox.v" Line 1. Module sbox doesn't have a timescale but at least one module in design has a timescale.
WARNING: [XSIM 43-4099] "/home/dell/Desktop/IIITB/5thSem/FPGA/VivadoProjects/FPGA_project/AESunoptimizedArea/AESunoptimizedArea.srcs/sources_1/imports/sources_1/imports/new/sbox.v" Line 1. Module sbox doesn't have a timescale but at least one module in design has a timescale.
WARNING: [XSIM 43-4099] "/home/dell/Desktop/IIITB/5thSem/FPGA/VivadoProjects/FPGA_project/AESunoptimizedArea/AESunoptimizedArea.srcs/sources_1/imports/sources_1/imports/new/sbox.v" Line 1. Module sbox doesn't have a timescale but at least one module in design has a timescale.
WARNING: [XSIM 43-4099] "/home/dell/Desktop/IIITB/5thSem/FPGA/VivadoProjects/FPGA_project/AESunoptimizedArea/AESunoptimizedArea.srcs/sources_1/imports/sources_1/imports/new/sbox.v" Line 1. Module sbox doesn't have a timescale but at least one module in design has a timescale.
WARNING: [XSIM 43-4099] "/home/dell/Desktop/IIITB/5thSem/FPGA/VivadoProjects/FPGA_project/AESunoptimizedArea/AESunoptimizedArea.srcs/sources_1/imports/sources_1/imports/new/sbox.v" Line 1. Module sbox doesn't have a timescale but at least one module in design has a timescale.
WARNING: [XSIM 43-4099] "/home/dell/Desktop/IIITB/5thSem/FPGA/VivadoProjects/FPGA_project/AESunoptimizedArea/AESunoptimizedArea.srcs/sources_1/imports/sources_1/imports/new/sbox.v" Line 1. Module sbox doesn't have a timescale but at least one module in design has a timescale.
WARNING: [XSIM 43-4099] "/home/dell/Desktop/IIITB/5thSem/FPGA/VivadoProjects/FPGA_project/AESunoptimizedArea/AESunoptimizedArea.srcs/sources_1/imports/sources_1/imports/new/sbox.v" Line 1. Module sbox doesn't have a timescale but at least one module in design has a timescale.
WARNING: [XSIM 43-4099] "/home/dell/Desktop/IIITB/5thSem/FPGA/VivadoProjects/FPGA_project/AESunoptimizedArea/AESunoptimizedArea.srcs/sources_1/imports/sources_1/imports/new/sbox.v" Line 1. Module sbox doesn't have a timescale but at least one module in design has a timescale.
WARNING: [XSIM 43-4099] "/home/dell/Desktop/IIITB/5thSem/FPGA/VivadoProjects/FPGA_project/AESunoptimizedArea/AESunoptimizedArea.srcs/sources_1/imports/sources_1/imports/new/sbox.v" Line 1. Module sbox doesn't have a timescale but at least one module in design has a timescale.
WARNING: [XSIM 43-4099] "/home/dell/Desktop/IIITB/5thSem/FPGA/VivadoProjects/FPGA_project/AESunoptimizedArea/AESunoptimizedArea.srcs/sources_1/imports/sources_1/imports/new/sbox.v" Line 1. Module sbox doesn't have a timescale but at least one module in design has a timescale.
WARNING: [XSIM 43-4099] "/home/dell/Desktop/IIITB/5thSem/FPGA/VivadoProjects/FPGA_project/AESunoptimizedArea/AESunoptimizedArea.srcs/sources_1/imports/sources_1/imports/new/sbox.v" Line 1. Module sbox doesn't have a timescale but at least one module in design has a timescale.
WARNING: [XSIM 43-4099] "/home/dell/Desktop/IIITB/5thSem/FPGA/VivadoProjects/FPGA_project/AESunoptimizedArea/AESunoptimizedArea.srcs/sources_1/imports/new/encryptHelper.v" Line 66. Module shiftRows doesn't have a timescale but at least one module in design has a timescale.
WARNING: [XSIM 43-4099] "/home/dell/Desktop/IIITB/5thSem/FPGA/VivadoProjects/FPGA_project/AESunoptimizedArea/AESunoptimizedArea.srcs/sources_1/imports/new/encryptHelper.v" Line 17. Module mixColumns doesn't have a timescale but at least one module in design has a timescale.
WARNING: [XSIM 43-4099] "/home/dell/Desktop/IIITB/5thSem/FPGA/VivadoProjects/FPGA_project/AESunoptimizedArea/AESunoptimizedArea.srcs/sources_1/imports/sources_1/imports/new/helper.v" Line 1. Module addRoundKey doesn't have a timescale but at least one module in design has a timescale.
WARNING: [XSIM 43-4099] "/home/dell/Desktop/IIITB/5thSem/FPGA/VivadoProjects/FPGA_project/AESunoptimizedArea/AESunoptimizedArea.srcs/sources_1/imports/new/encryptHelper.v" Line 1. Module encryptRound doesn't have a timescale but at least one module in design has a timescale.
WARNING: [XSIM 43-4099] "/home/dell/Desktop/IIITB/5thSem/FPGA/VivadoProjects/FPGA_project/AESunoptimizedArea/AESunoptimizedArea.srcs/sources_1/imports/new/encryptHelper.v" Line 96. Module subBytes_default doesn't have a timescale but at least one module in design has a timescale.
WARNING: [XSIM 43-4099] "/home/dell/Desktop/IIITB/5thSem/FPGA/VivadoProjects/FPGA_project/AESunoptimizedArea/AESunoptimizedArea.srcs/sources_1/imports/sources_1/imports/new/sbox.v" Line 1. Module sbox doesn't have a timescale but at least one module in design has a timescale.
WARNING: [XSIM 43-4099] "/home/dell/Desktop/IIITB/5thSem/FPGA/VivadoProjects/FPGA_project/AESunoptimizedArea/AESunoptimizedArea.srcs/sources_1/imports/sources_1/imports/new/sbox.v" Line 1. Module sbox doesn't have a timescale but at least one module in design has a timescale.
WARNING: [XSIM 43-4099] "/home/dell/Desktop/IIITB/5thSem/FPGA/VivadoProjects/FPGA_project/AESunoptimizedArea/AESunoptimizedArea.srcs/sources_1/imports/sources_1/imports/new/sbox.v" Line 1. Module sbox doesn't have a timescale but at least one module in design has a timescale.
WARNING: [XSIM 43-4099] "/home/dell/Desktop/IIITB/5thSem/FPGA/VivadoProjects/FPGA_project/AESunoptimizedArea/AESunoptimizedArea.srcs/sources_1/imports/sources_1/imports/new/sbox.v" Line 1. Module sbox doesn't have a timescale but at least one module in design has a timescale.
WARNING: [XSIM 43-4099] "/home/dell/Desktop/IIITB/5thSem/FPGA/VivadoProjects/FPGA_project/AESunoptimizedArea/AESunoptimizedArea.srcs/sources_1/imports/sources_1/imports/new/sbox.v" Line 1. Module sbox doesn't have a timescale but at least one module in design has a timescale.
WARNING: [XSIM 43-4099] "/home/dell/Desktop/IIITB/5thSem/FPGA/VivadoProjects/FPGA_project/AESunoptimizedArea/AESunoptimizedArea.srcs/sources_1/imports/sources_1/imports/new/sbox.v" Line 1. Module sbox doesn't have a timescale but at least one module in design has a timescale.
WARNING: [XSIM 43-4099] "/home/dell/Desktop/IIITB/5thSem/FPGA/VivadoProjects/FPGA_project/AESunoptimizedArea/AESunoptimizedArea.srcs/sources_1/imports/sources_1/imports/new/sbox.v" Line 1. Module sbox doesn't have a timescale but at least one module in design has a timescale.
WARNING: [XSIM 43-4099] "/home/dell/Desktop/IIITB/5thSem/FPGA/VivadoProjects/FPGA_project/AESunoptimizedArea/AESunoptimizedArea.srcs/sources_1/imports/sources_1/imports/new/sbox.v" Line 1. Module sbox doesn't have a timescale but at least one module in design has a timescale.
WARNING: [XSIM 43-4099] "/home/dell/Desktop/IIITB/5thSem/FPGA/VivadoProjects/FPGA_project/AESunoptimizedArea/AESunoptimizedArea.srcs/sources_1/imports/sources_1/imports/new/sbox.v" Line 1. Module sbox doesn't have a timescale but at least one module in design has a timescale.
WARNING: [XSIM 43-4099] "/home/dell/Desktop/IIITB/5thSem/FPGA/VivadoProjects/FPGA_project/AESunoptimizedArea/AESunoptimizedArea.srcs/sources_1/imports/sources_1/imports/new/sbox.v" Line 1. Module sbox doesn't have a timescale but at least one module in design has a timescale.
WARNING: [XSIM 43-4099] "/home/dell/Desktop/IIITB/5thSem/FPGA/VivadoProjects/FPGA_project/AESunoptimizedArea/AESunoptimizedArea.srcs/sources_1/imports/sources_1/imports/new/sbox.v" Line 1. Module sbox doesn't have a timescale but at least one module in design has a timescale.
WARNING: [XSIM 43-4099] "/home/dell/Desktop/IIITB/5thSem/FPGA/VivadoProjects/FPGA_project/AESunoptimizedArea/AESunoptimizedArea.srcs/sources_1/imports/sources_1/imports/new/sbox.v" Line 1. Module sbox doesn't have a timescale but at least one module in design has a timescale.
WARNING: [XSIM 43-4099] "/home/dell/Desktop/IIITB/5thSem/FPGA/VivadoProjects/FPGA_project/AESunoptimizedArea/AESunoptimizedArea.srcs/sources_1/imports/sources_1/imports/new/sbox.v" Line 1. Module sbox doesn't have a timescale but at least one module in design has a timescale.
WARNING: [XSIM 43-4099] "/home/dell/Desktop/IIITB/5thSem/FPGA/VivadoProjects/FPGA_project/AESunoptimizedArea/AESunoptimizedArea.srcs/sources_1/imports/sources_1/imports/new/sbox.v" Line 1. Module sbox doesn't have a timescale but at least one module in design has a timescale.
WARNING: [XSIM 43-4099] "/home/dell/Desktop/IIITB/5thSem/FPGA/VivadoProjects/FPGA_project/AESunoptimizedArea/AESunoptimizedArea.srcs/sources_1/imports/sources_1/imports/new/sbox.v" Line 1. Module sbox doesn't have a timescale but at least one module in design has a timescale.
WARNING: [XSIM 43-4099] "/home/dell/Desktop/IIITB/5thSem/FPGA/VivadoProjects/FPGA_project/AESunoptimizedArea/AESunoptimizedArea.srcs/sources_1/imports/sources_1/imports/new/sbox.v" Line 1. Module sbox doesn't have a timescale but at least one module in design has a timescale.
WARNING: [XSIM 43-4099] "/home/dell/Desktop/IIITB/5thSem/FPGA/VivadoProjects/FPGA_project/AESunoptimizedArea/AESunoptimizedArea.srcs/sources_1/imports/new/encryptHelper.v" Line 66. Module shiftRows doesn't have a timescale but at least one module in design has a timescale.
WARNING: [XSIM 43-4099] "/home/dell/Desktop/IIITB/5thSem/FPGA/VivadoProjects/FPGA_project/AESunoptimizedArea/AESunoptimizedArea.srcs/sources_1/imports/new/encryptHelper.v" Line 17. Module mixColumns doesn't have a timescale but at least one module in design has a timescale.
WARNING: [XSIM 43-4099] "/home/dell/Desktop/IIITB/5thSem/FPGA/VivadoProjects/FPGA_project/AESunoptimizedArea/AESunoptimizedArea.srcs/sources_1/imports/sources_1/imports/new/helper.v" Line 1. Module addRoundKey doesn't have a timescale but at least one module in design has a timescale.
WARNING: [XSIM 43-4099] "/home/dell/Desktop/IIITB/5thSem/FPGA/VivadoProjects/FPGA_project/AESunoptimizedArea/AESunoptimizedArea.srcs/sources_1/imports/new/encryptHelper.v" Line 1. Module encryptRound doesn't have a timescale but at least one module in design has a timescale.
WARNING: [XSIM 43-4099] "/home/dell/Desktop/IIITB/5thSem/FPGA/VivadoProjects/FPGA_project/AESunoptimizedArea/AESunoptimizedArea.srcs/sources_1/imports/new/encryptHelper.v" Line 96. Module subBytes_default doesn't have a timescale but at least one module in design has a timescale.
WARNING: [XSIM 43-4099] "/home/dell/Desktop/IIITB/5thSem/FPGA/VivadoProjects/FPGA_project/AESunoptimizedArea/AESunoptimizedArea.srcs/sources_1/imports/sources_1/imports/new/sbox.v" Line 1. Module sbox doesn't have a timescale but at least one module in design has a timescale.
WARNING: [XSIM 43-4099] "/home/dell/Desktop/IIITB/5thSem/FPGA/VivadoProjects/FPGA_project/AESunoptimizedArea/AESunoptimizedArea.srcs/sources_1/imports/sources_1/imports/new/sbox.v" Line 1. Module sbox doesn't have a timescale but at least one module in design has a timescale.
WARNING: [XSIM 43-4099] "/home/dell/Desktop/IIITB/5thSem/FPGA/VivadoProjects/FPGA_project/AESunoptimizedArea/AESunoptimizedArea.srcs/sources_1/imports/sources_1/imports/new/sbox.v" Line 1. Module sbox doesn't have a timescale but at least one module in design has a timescale.
WARNING: [XSIM 43-4099] "/home/dell/Desktop/IIITB/5thSem/FPGA/VivadoProjects/FPGA_project/AESunoptimizedArea/AESunoptimizedArea.srcs/sources_1/imports/sources_1/imports/new/sbox.v" Line 1. Module sbox doesn't have a timescale but at least one module in design has a timescale.
WARNING: [XSIM 43-4099] "/home/dell/Desktop/IIITB/5thSem/FPGA/VivadoProjects/FPGA_project/AESunoptimizedArea/AESunoptimizedArea.srcs/sources_1/imports/sources_1/imports/new/sbox.v" Line 1. Module sbox doesn't have a timescale but at least one module in design has a timescale.
WARNING: [XSIM 43-4099] "/home/dell/Desktop/IIITB/5thSem/FPGA/VivadoProjects/FPGA_project/AESunoptimizedArea/AESunoptimizedArea.srcs/sources_1/imports/sources_1/imports/new/sbox.v" Line 1. Module sbox doesn't have a timescale but at least one module in design has a timescale.
WARNING: [XSIM 43-4099] "/home/dell/Desktop/IIITB/5thSem/FPGA/VivadoProjects/FPGA_project/AESunoptimizedArea/AESunoptimizedArea.srcs/sources_1/imports/sources_1/imports/new/sbox.v" Line 1. Module sbox doesn't have a timescale but at least one module in design has a timescale.
WARNING: [XSIM 43-4099] "/home/dell/Desktop/IIITB/5thSem/FPGA/VivadoProjects/FPGA_project/AESunoptimizedArea/AESunoptimizedArea.srcs/sources_1/imports/sources_1/imports/new/sbox.v" Line 1. Module sbox doesn't have a timescale but at least one module in design has a timescale.
WARNING: [XSIM 43-4099] "/home/dell/Desktop/IIITB/5thSem/FPGA/VivadoProjects/FPGA_project/AESunoptimizedArea/AESunoptimizedArea.srcs/sources_1/imports/sources_1/imports/new/sbox.v" Line 1. Module sbox doesn't have a timescale but at least one module in design has a timescale.
WARNING: [XSIM 43-4099] "/home/dell/Desktop/IIITB/5thSem/FPGA/VivadoProjects/FPGA_project/AESunoptimizedArea/AESunoptimizedArea.srcs/sources_1/imports/sources_1/imports/new/sbox.v" Line 1. Module sbox doesn't have a timescale but at least one module in design has a timescale.
INFO: [Common 17-14] Message 'XSIM 43-4099' appears 100 times and further instances of the messages will be disabled. Use the Tcl command set_msg_config to change the current settings.
Completed simulation data flow analysis
Time Resolution for simulation is 1ps
Compiling module xil_defaultlib.keyExpansion
Compiling module xil_defaultlib.addRoundKey
Compiling module xil_defaultlib.sbox
Compiling module xil_defaultlib.subBytes_default
Compiling module xil_defaultlib.shiftRows
Compiling module xil_defaultlib.mixColumns
Compiling module xil_defaultlib.encryptRound
Compiling module xil_defaultlib.AES_Encrypt_default
Compiling module xil_defaultlib.AES
Compiling module xil_defaultlib.ram
Compiling module xil_defaultlib.AES_tb
Compiling module xil_defaultlib.glbl
Built simulation snapshot AES_tb_behav
