Time resolution is 1 ps
reset:0 addra:  0 cmacReg:xxxxxxxxxxxxxxxxxxxxxxxxxxxxxxxx cIn:ffd8ffe000104a464946000101000001 cmacIn:ffd8ffe000104a464946000101000001
reset:0 addra:  1 cmacReg:xxxxxxxxxxxxxxxxxxxxxxxxxxxxxxxx cIn:ffd8ffe000104a464946000101000001 cmacIn:xxxxxxxxxxxxxxxxxxxxxxxxxxxxxxxx
reset:0 addra:  2 cmacReg:xxxxxxxxxxxxxxxxxxxxxxxxxxxxxxxx cIn:00010000ffdb00430008060607060508 cmacIn:xxxxxxxxxxxxxxxxxxxxxxxxxxxxxxxx
reset:0 addra:  3 cmacReg:xxxxxxxxxxxxxxxxxxxxxxxxxxxxxxxx cIn:0707070909080a0c140d0c0b0b0c1912 cmacIn:xxxxxxxxxxxxxxxxxxxxxxxxxxxxxxxx
reset:0 addra:  4 cmacReg:xxxxxxxxxxxxxxxxxxxxxxxxxxxxxxxx cIn:130f141d1a1f1e1d1a1c1c20242e2720 cmacIn:xxxxxxxxxxxxxxxxxxxxxxxxxxxxxxxx
reset:0 addra:  5 cmacReg:xxxxxxxxxxxxxxxxxxxxxxxxxxxxxxxx cIn:222c231c1c2837292c30313434341f27 cmacIn:xxxxxxxxxxxxxxxxxxxxxxxxxxxxxxxx
reset:0 addra:  6 cmacReg:xxxxxxxxxxxxxxxxxxxxxxxxxxxxxxxx cIn:393d38323c2e333432ffdb0043010909 cmacIn:xxxxxxxxxxxxxxxxxxxxxxxxxxxxxxxx
reset:0 addra:  7 cmacReg:xxxxxxxxxxxxxxxxxxxxxxxxxxxxxxxx cIn:090c0b0c180d0d1832211c2132323232 cmacIn:xxxxxxxxxxxxxxxxxxxxxxxxxxxxxxxx
reset:0 addra:  8 cmacReg:9958fdec8e2d65c80160cfc0e66432fa cIn:32323232323232323232323232323232 cmacIn:xxxxxxxxxxxxxxxxxxxxxxxxxxxxxxxx
reset:0 addra:  9 cmacReg:9958fdec8e2d65c80160cfc0e66432fa cIn:32323232323232323232323232323232 cmacIn:ab6acfdebc1f57fa3352fdf2d45600c8
reset:0 addra: 10 cmacReg:9958fdec8e2d65c80160cfc0e66432fa cIn:3232323232323232323232323232ffc0 cmacIn:ab6acfdebc1f57fa3352fdf2d45600c8
reset:0 addra: 11 cmacReg:9958fdec8e2d65c80160cfc0e66432fa cIn:00110800800080030122000211010311 cmacIn:ab6acfdebc1f57fa3352fdf2d456cd3a
reset:0 addra: 12 cmacReg:9958fdec8e2d65c80160cfc0e66432fa cIn:01ffc4001f0000010501010101010100 cmacIn:9949f5ec0e2de5cb0042cfc2f76531eb
reset:0 addra: 13 cmacReg:9958fdec8e2d65c80160cfc0e66432fa cIn:00000000000000010203040506070809 cmacIn:98a739ec912d65c90461cec1e76533fa
reset:0 addra: 14 cmacReg:9958fdec8e2d65c80160cfc0e66432fa cIn:0a0bffc400b510000201030302040305 cmacIn:9958fdec8e2d65c90363cbc5e0633af3
reset:0 addra: 15 cmacReg:9958fdec8e2d65c80160cfc0e66432fa cIn:0504040000017d010203000411051221 cmacIn:935302288e9875c80361ccc3e46031ff
reset:0 addra: 16 cmacReg:9958fdec8e2d65c80160cfc0e66432fa cIn:31410613516107227114328191a10823 cmacIn:9c5cf9ec8e2c18c90363cfc4f76120db
reset:0 addra: 17 cmacReg:9958fdec8e2d65c80160cfc0e66432fa cIn:42b1c11552d1f02433627282090a1617 cmacIn:a819fbffdf4c62ea7074fd4177c53ad9
reset:0 addra: 18 cmacReg:9958fdec8e2d65c80160cfc0e66432fa cIn:18191a25262728292a3435363738393a cmacIn:dbe93cf9dcfc95ec3202bd42ef6e24ed
reset:0 addra: 19 cmacReg:08e5a8423f5a8eab8a6ad2e108468822 cIn:434445464748494a535455565758595a cmacIn:8141e7c9a80a4de12b54faf6d15c0bc0
reset:0 addra: 20 cmacReg:08e5a8423f5a8eab8a6ad2e108468822 cIn:636465666768696a737475767778797a cmacIn:4ba1ed047812c7e1d93e87b75f1ed178
reset:0 addra: 21 cmacReg:86e7908ee6d9acc3fe5ec3671345991d cIn:838485868788898a9293949596979899 cmacIn:6b81cd245832e7c1f91ea7977f3ef158
reset:0 addra: 22 cmacReg:774af2673e1c3b6cae898a5fa29343d0 cIn:9aa2a3a4a5a6a7a8a9aab2b3b4b5b6b7 cmacIn:05631508615125496ccd57f285d20184
reset:0 addra: 23 cmacReg:7de20c0fc8aedcb650280a2dd0cfc004 cIn:b8b9bac2c3c4c5c6c7c8c9cad2d3d4d5 cmacIn:ede851c39bba9cc4072338ec1626f567
reset:0 addra: 24 cmacReg:f74cb7ec0273f9c1a45399fc8c0efc19 cIn:d6d7d8d9dae1e2e3e4e5e6e7e8e9eaf1 cmacIn:c55bb6cd0b6a197097e0c3e7021c14d1
reset:0 addra: 25 cmacReg:356c10dba2a0e6675d34a323dc4b92ac cIn:f2f3f4f5f6f7f8f9faffc4001f010003 cmacIn:219b6f35d8921b2240b67f1b64e716e8
reset:0 addra: 26 cmacReg:3dcea05beca03d56216e1624701a9604 cIn:01010101010101010100000000000001 cmacIn:c79fe42e54571e9ea7cb6723c34a92af
reset:0 addra: 27 cmacReg:25cb123f29f6dd83fe33bb04d80fb2b2 cIn:02030405060708090a0bffc400b51100 cmacIn:3ccfa15aeda13c57206e1624701a9605
reset:0 addra: 28 cmacReg:82288d4b5ff307755911c4539ccb228d cIn:02010204040304070504040001027700 cmacIn:27c8163a2ff1d58af43844c0d8baa3b2
reset:0 addra: 29 cmacReg:54286005cdc1f02898ad724a5347d222 cIn:01020311040521310612415107617113 cmacIn:80298f4f5bf003725c15c0539dc9558d
reset:0 addra: 30 cmacReg:9d388c5a4ac1943a00e3f8b953ca4b69 cIn:22328108144291a1b1c109233352f015 cmacIn:552a6314c9c4d1199ebf331b5426a331
reset:0 addra: 31 cmacReg:d470fd0cdec77dacaf2e5f9d89f26576 cIn:6272d10a162434e125f11718191a2627 cmacIn:bf0a0d525e83059bb122f19a6098bb7c
reset:0 addra: 32 cmacReg:9dbae4d97fb06671cf8b4f1f7eb3d673 cIn:28292a35363738393a43444546474849 cmacIn:b6022c06c8e3494d8adf488590e84351
reset:0 addra: 33 cmacReg:bdef7e9e1e1ad0f0a9d871e1ee349bcb cIn:4a535455565758595a63646566676869 cmacIn:b593ceec49875e48f5c80b5a38f49e3a
reset:0 addra: 34 cmacReg:6695accb23ac6df3fc0208589ebbf84c cIn:6a737475767778797a82838485868788 cmacIn:f7bc2acb484d88a9f3bb15848853f3a2
reset:0 addra: 35 cmacReg:9f0b084c60312e8f29518240f33f25e1 cIn:898a92939495969798999aa2a3a4a5a6 cmacIn:0ce6d8be55db158a86808bdc1b3d7fc4
reset:0 addra: 36 cmacReg:9969bc652822ab3d434f7dec18e9c3f8 cIn:a7a8a9aab2b3b4b5b6b7b8b9bac2c3c4 cmacIn:16819adff4a4b818b1c818e2509b8047
reset:0 addra: 37 cmacReg:497a24187a55928cd0994b1b094d7773 cIn:c5c6c7c8c9cad2d3d4d5d6d7d8d9dae2 cmacIn:3ec115cf9a911f88f5f8c555a22b003c
reset:0 addra: 38 cmacReg:9d0a08a58268c006a04df0e34488523a cIn:e3e4e5e6e7e8e9eaf2f3f4f5f6f7f8f9 cmacIn:8cbce3d0b39f405f044c9dccd194ad91
reset:0 addra: 39 cmacReg:102c8ea1119900986e071bb21866f011 cIn:faffda000c03010002110311003f00f7 cmacIn:7eeeed43658029ec52be0416b27faac3
reset:0 addra: 40 cmacReg:9b92ab43260a16d4f23c0fd5a3cfd0f1 cIn:093fd6b7d4d11ffac5fa8a575632310a cmacIn:ead354a11d9a01986c1618a31859f0e6
reset:0 addra: 41 cmacReg:f33cc085cde0e902147aac9c47dbf140 cIn:4827ae29515c3a92ac003dc5005c3d2a cmacIn:92ad7df4f2db092e37c68582f5fde1fb
reset:0 addra: 42 cmacReg:5866e8105c87fd7a44aeceda31b95d0e cIn:1b9ff543eb527989fde5fcea1b991042 cmacIn:bb1b6eac9cbcd390b87a91594787cc6a
reset:0 addra: 43 cmacReg:8e3565b2b47ae10ceb09a9804aa2e7dd cIn:5b7ae17924b700526ec0571d6acdb9c2 cmacIn:43f91d53b7d584f3b94b32302a204d4c
reset:0 addra: 44 cmacReg:29df256a478502b1a546bef83aeaba47 cIn:1f5cd73cfac4d7876691024b183cddcd cmacIn:d54f84cb90cde15e85c9fe9d206f5e1f
reset:0 addra: 45 cmacReg:edc8b1fad052560d4a9c9346d631946a cIn:f2c3ff000103993f0c2ffb59e299fd98 cmacIn:3683f256bd41d536c3d7bcb322d6678a
reset:0 addra: 46 cmacReg:8e1f59b47b6dd9d869b2a232d6086478 cIn:f72c1afef6e6e891cc6afe5443fe00a4 cmacIn:1f0b4efad151cf3246b3681f34a869f2
reset:0 addra: 47 cmacReg:d8945207dd5091b6d9741464286c00a0 cIn:647fbc5beb5cb531708e8b566d1a2def cmacIn:7933434a8d8b3149a5d85c6695f664dc
reset:0 addra: 48 cmacReg:a5c29b53355688de0a8c6ac270ee6b2d cIn:a1bb75ab69d64c16eefada063da59554 cmacIn:bcebee5c360c2487a9fa9f3245762d4f
reset:0 addra: 49 cmacReg:84eb384547d3423d099139c799711630 cIn:fea6b2e4f136886462353b72a4f50491 cmacIn:0479eef85c80c4c8e476b0c44d4bfe79
reset:0 addra: 50 cmacReg:2067015f9510b19bba0b6d65bba57d36 cIn:f981496fa75a5a67ecb696f06792628c cmacIn:7a4d8aa1b6e5ca596ba402b53d8412a1
reset:0 addra: 51 cmacReg:5952759a6158410d97b5f49b6d729576 cIn:2e7f215332bff78e3e95cb2c7cba2348 cmacIn:d9e64830324aebfc56bdfb95dc371fba
reset:0 addra: 52 cmacReg:b74f1b5cb1308efd7215b3736107fccc cIn:d08f562db6b1a65d48ab6fa8da4ae718 cmacIn:772d54c953e7b683a9203fb711c8b63e
reset:0 addra: 53 cmacReg:ce9c83fdb367b3aa69c6acef29068065 cIn:5599777e55b40e79e2b9ab9b382e936d cmacIn:67c04d71078128a03abedcdbbb4d1bd4
reset:0 addra: 54 cmacReg:c3b115006a32bfe64b6129842b39ad14 cIn:cc314c9fdd95030fd45535d305a9cd84 cmacIn:9b05f483e6d3bdd38b7f077411281308
reset:0 addra: 55 cmacReg:d21edb85e6b29831da6aa18174b64145 cIn:f73624745864253fef86cafe9f9511cc cmacIn:0f80599fb7a7bce99f341c572e906090
reset:0 addra: 56 cmacReg:5d011483b0974dd6fbbb134e6fc45d44 cIn:b5f790de193f859d6dc7fa93556b1575 cmacIn:2528fff1bed6bd0e35ec6b7feb235089
reset:0 addra: 57 cmacReg:053719bc47065a7b83fc3728d6dcf7de cIn:cbcb442ba9c1e6c3ff003f16a8c4a8f5 cmacIn:e8f6845da9a8c84b967ce9dd3aaf4831
reset:0 addra: 58 cmacReg:4cde944711a49670afef77a0a15e37b8 cIn:78fa81eea587d2b620952ea159ade412 cmacIn:cefc5d97eec7bcb87cfc083e7e185f2b
reset:0 addra: 59 cmacReg:ffdd74d23b378bedb5f54c61cc3f351f cIn:c4e32ae841047e15df46bc2aabc59cf2 cmacIn:342415a9b42344c68f7a5901f8f3d3aa
reset:0 addra: 60 cmacReg:72da0db4b5d7e70215505aa0ab7381b5 cIn:a7286e5bb5e8d562ab407606dff2fd6a cmacIn:3b3e5e3a7a33f5f86ab3f04b67faa9ed
reset:0 addra: 61 cmacReg:491a5e2088a886ba2bbb2c19c7cfa770 cIn:6f313fbcbf9d6c41567ff5e7fcf6a8ea cmacIn:d5f263ef003f3260be102ca674817cdf
reset:0 addra: 62 cmacReg:c8250f2617320be6551c0b02390c8aab cIn:594334a5954b03df14df2dff00badf95 cmacIn:262b619c3735eafb7dc4d9fe3b390f9a
reset:0 addra: 63 cmacReg:a3ec0e4a31cdaaeb05b0c4df44e82335 cIn:005b8ffd5afd05127fab6fa1a62ca8aa cmacIn:91663b838279083941c326fd39b6553e
reset:0 addra: 64 cmacReg:86fa3a8f9dd721cb597b4a5f3b497a2b cIn:158e08183c523cc8518061920f5a4f40 cmacIn:a3b781b76b30aff97a1bab7ee2c48b9f
reset:0 addra: 65 cmacReg:2e1c1045f0bdd0bc6c25e76929827243 cIn:285cdd43676f25c5c481228c65d9813f cmacIn:93743297a1851d0308fb2bcd3413356b
reset:0 addra: 66 cmacReg:ca0564849fa3962b53fc52d44e449bfd cIn:962b1fecf3eb0de6dfa18ed7398ac49f cmacIn:0640cd0697d2f579a8a4c5e54c5bf37c
reset:0 addra: 67 cmacReg:f81197ac1a59b344c1d1ef3c25a5bc0a cIn:c434b8eaddc2f41d4e48e08d8eaf76b7 cmacIn:5c2e7b686c489bcd8c5ddc0377ce5f62
reset:0 addra: 68 cmacReg:f232198a366dd2db8f4e3ef93dd0a220 cIn:cea7ec70b1fb1a11f78ffcf53f5e8bed cmacIn:3c252f46c79b47598f990fb1ab0acabd
reset:0 addra: 69 cmacReg:9a46ce3f426effa47f7f65986487ac4f cIn:cf52316350d46db49b26b9b962103055 cmacIn:3c95f5fa8796c8ca78c1c20c028e29cd
reset:0 addra: 70 cmacReg:8fdd4cad6c72de13814d43829b8e7dff cIn:551b99d8f4551dcd79988c439be48ec7 cmacIn:5514ff5c12ba9210e459dc2106979c1a
reset:0 addra: 71 cmacReg:781bce51628f65b15f656a0f588ba185 cIn:5c21657ea5d4438038e98e2a411d72db cmacIn:dac6d5759827c3def8d5cfc1006af338
reset:0 addra: 72 cmacReg:c7acb7cdfb4635a1d19d9cb8a704f6c3 cIn:fc4da8e2413dbe9109e56331f9d363b6 cmacIn:243aab2fc75b2631678ce4251996d35e
reset:0 addra: 73 cmacReg:cf7b6b62fa68ccdbf538bc4f1fa6d327 cIn:f27807d874a9639bc49a6664925b7d62 cmacIn:3be11f2fba7b8b30d878ff895ed79575
reset:0 addra: 74 cmacReg:9acbe77d9d0ef2000d4e98ed1a0f4659 cIn:01cb2451f933e3fd9e76b63d3bd44684 cmacIn:3d036cba8ec1af4031a2da2b8dfdae45
reset:0 addra: 75 cmacReg:673c04d3980059b877262b1338469be6 cIn:ad768a6fcd5ce9365359314585edb6a7 cmacIn:9b00c32c643d11fd93382ed021db00dd
reset:0 addra: 76 cmacReg:d7f9ad44916c0338c4f29230d69a097a cIn:669736b27991b64648c1523aa9079047 cmacIn:ca4a8ebc555cb08e247f1a56bdab2d41
reset:0 addra: 77 cmacReg:1a2ced3476a9536bff5291a41b44a895 cIn:a1e6a664a52a44a96a5429cd022cd175 cmacIn:b16e9bf6e8fdb57e8c33c00a7f9d993d
reset:0 addra: 78 cmacReg:86ac01b40c2f32b716a8acbc86e888b9 cIn:3436b0bcd3cab1451a96776380aa3b93 cmacIn:bbca4b50d38317c29506b869196879e0
reset:0 addra: 79 cmacReg:22699d8561e727c2df2a7a668822233d cIn:dab9c5d475dd640934c8e1d36c8fdc9e cmacIn:b29ab108dfe583f20c3edbdf0642b32a
reset:0 addra: 80 cmacReg:267be3d8607df93bb9115a20a9b29a8a cIn:e90b4ae3fbc13a28f4cd631a3cced634 cmacIn:f8d05851143a43cbebe29bb5e4adffa3
reset:0 addra: 81 cmacReg:8a52ef7f028885ca96601574fd2b0242 cIn:e6d0e824b73e98acc682e34eb9377a69 cmacIn:cf70a93b9bbcc3134ddc393a957c4cbe
reset:0 addra: 82 cmacReg:e3f74f7b154d60f14cdd601f05521f3b cIn:0b231ccb6e4ed8e5fc3f85bfda1f8d56 cmacIn:6c82075bb5b61d6650e2f63a441c782b
reset:0 addra: 83 cmacReg:307865c5c6da4816b7768bf468095478 cIn:58bc4f6c77a6a769a88ea619e11093ec cmacIn:e8d453b07b03b814b0e2e5a0df4d926d
reset:0 addra: 84 cmacReg:e158c4e34ec795dce7b05cc2c5b195a5 cIn:197bfd78abd65a847a9412811c905cc2 cmacIn:68c42aa9b17cef7f1ff82ded8919c794
reset:0 addra: 85 cmacReg:bc87c61fb9e8823115109191e827a557 cIn:db67b797878cf6ce3a83d88eb4aa519d cmacIn:f823399be511cf589d244e43d921c967
reset:0 addra: 86 cmacReg:244b205c6cfce2301f06d0ade8dd4896 cIn:27cd0d195192968ddcd6b5d4e0d52d96 cmacIn:67e071883e6474ff2f93491f5c8df4ca
reset:0 addra: 87 cmacReg:25d8cf010f0a1fb9c5166af8ea7cb0dc cIn:68030da4a491c836b46e31f2b0f5fd0f cmacIn:03862d453d6e74bdc3d0657908086500
reset:0 addra: 88 cmacReg:c0ef071876b5eb68df2d2898f00c3711 cIn:51907353572f72d2e9f77fda16a9ba45 cmacIn:4ddbc2a5ab9bd78f71785b0a5a894dd3
reset:0 addra: 89 cmacReg:57cfa52e6a91a0dd016ae36e715536dd cIn:5db3c40ffae8c76ff787254fe1deba7b cmacIn:917f744b219a99ba36da5742e6a58d54
reset:0 addra: 90 cmacReg:8d96c8d068b86e0502848a939d8d179b cIn:5912f6d62b9b66592195432306ea0d7a cmacIn:0a7c6121907967b2f6edc621908b8ca6
reset:0 addra: 91 cmacReg:eaf32332500b4eb238833ec9b3a73b9e cIn:582c5ac447cd1cb5a8fb3775b1761ff5 cmacIn:d4843e064323085c2311c9b09b671ae1
reset:0 addra: 92 cmacReg:cda031abfd57c1b5878fa8134201f6fb cIn:2bfe7bd4b50248b1a0473823ad3bcf8f cmacIn:b2df79f617c65207907809bc02d1246b
reset:0 addra: 93 cmacReg:f8908e851152e9933f777e8c5b743557 cIn:fbd5da60557ff58df5358badb9ba6834 cmacIn:e65e4a7f4855890427c89030ef3a3974
reset:0 addra: 94 cmacReg:a7903e2be9895901026190f2be34234d cIn:98ce05c82d391d4423a8ff00811f947b cmacIn:034554e5442d1c1eca42f521e2ce5d63
reset:0 addra: 95 cmacReg:cfe3d8711f8d59f212086e067008163e cIn:6eade6859f2c08c1e6b99b273737b7b7 cmacIn:3f5e3be3c4b0444521c96ff23f2bb736
reset:0 addra: 96 cmacReg:9d13f84665e19302a1edd9319f7919dd cIn:cc722597cb8ffeb9a7ca3f3393f8d71e cmacIn:a14e3ef480a15133f4b1f521473fa189
reset:0 addra: 97 cmacReg:f97f797cce2b3e3a621b93f51eeb1ba5 cIn:36afb3a765bb36a10e695fb1a518da00 cmacIn:5161ddd1ae6e6dbb0627e6020c81cec3
reset:0 addra: 98 cmacReg:2cc31930d97242fd7905879ccb67b8e8 cIn:03007419edd056469d6ffdb9ae4da8ca cmacIn:cfd0cadbab90089b6c72cc44bbf3c1a5
reset:0 addra: 99 cmacReg:8c64353aae43cfd707ae9960d4e8dd3e cIn:14db59bb5bd98ea370fbeff52781ec2b cmacIn:2fc36d2934a214bbe46a7a25652a1022
reset:0 addra:100 cmacReg:c9d990309dd0e1e3c5f3c6484627d5cc cIn:4ee2530da4f32fde8e3661f5009152f8 cmacIn:98bf6c81f59a417477557695f3693115
reset:0 addra:101 cmacReg:9a16b9831fc5a9bb0cc35505e98a4bd5 cIn:66d05a685611756102b31f566f989fcc cmacIn:873bc33d3923ce3d4bc5a7bd46b68734
reset:0 addra:102 cmacReg:8a82f19aee599d33fc195f40ecea37be cIn:d7260a0a52bb36ad2e546b436e918e17 cmacIn:fcc6e3eb49d4dcda0e704a538612d419
reset:0 addra:103 cmacReg:d340ffdd8ccc3ca8c72eb12c9c1b4344 cIn:693c9ee4fd4d13db4720e5467d475af1 cmacIn:5da4fb90bce2ab9ed24d3403827bb9a9
reset:0 addra:104 cmacReg:81fad0d13c934e0be4074575d1034811 cIn:af116adadf8ffc537fa1e917b7365a4e cmacIn:ba7c613971812f73800e546ae15c19b5
reset:0 addra:105 cmacReg:29486c403824fb7c1de272ac0d2d9308 cIn:9f335b38b572925c48a30e588fe10780 cmacIn:2eebba0be31cb2589ba6ac626635125f
reset:0 addra:106 cmacReg:97318aa53894c0ef73635efc4aacf44f cIn:3a1c67a918f331ad7897e17f89d56cf5 cmacIn:b67b37788d56692055417cf482cc9488
reset:0 addra:107 cmacReg:43c79062dff2f0c4d01db2a5277649cb cIn:1b8921ddfbc8257dd1cbcf20ae719f7e cmacIn:ad2ded0c2067f1420bf4bf83c37998ba
reset:0 addra:108 cmacReg:10d337b7cac60d1118b4f73b50464c9e cIn:a335eb9c763e8f30b693e2149867ecd7 cmacIn:584eb1bf243ad5b901d67d858907d6b5
reset:0 addra:109 cmacReg:eb40cbede51eee8a4cf8148f5ff85338 cIn:ee22b80071e6ff00049ec4fdd3ebc1ad cmacIn:b3e6dc2bbcf88221ae27152fc821a049
reset:0 addra:110 cmacReg:e507385250c1aa4cce02fe3cb64297b7 cIn:d232bdb3d4d61c97f6de23f0843ab5aa cmacIn:056273ed94f8118a4866d0728c139295
reset:0 addra:111 cmacReg:d98a56c364cbcfde918d96bdd3db0777 cIn:9f2ae2dd6e63071953c36d38e320820e cmacIn:373585e18417b6db38dcddcc3278221d
reset:0 addra:112 cmacReg:f3f62b7ba3067d4d48da324b448f9419 cIn:0f515b61d648b78e8e030fa119ae4ab1 cmacIn:46a0b41e0aa8c8c7c24efb8530fb8579
reset:0 addra:113 cmacReg:e4334380e0596863863d274a42a6e836 cIn:b3364ef66731a8c5fdb5e228f4d3f359 cmacIn:fca7701a754ecac3c6d93dea5d21dea8
reset:0 addra:114 cmacReg:4b1b2fa6bc9c258d000eb11db11d78e2 cIn:d8859ee579c4921ff5687d401f311f4a cmacIn:57050d768768c0a67b88c562b6751b6f
reset:0 addra:115 cmacReg:6b661044e85aa14a8f1ed32ab836b43f cIn:eaaded6351b8a82dea6b0bc3b1997fb4 cmacIn:939eb143c558b792f566cc5dae2c67a8
reset:0 addra:116 cmacReg:16f27ed7a3e03e89d8a212227ebecaa7 cIn:6ec8fde5c5fcdf37a843e58fd16bcc75 cmacIn:81cbfd27b9e209676575d8e909afcb8b
reset:0 addra:117 cmacReg:d9d34234531c081a1c9b97f1addb9b11 cIn:8d4bc4bf12752bf8b46d42ef4fd22ce4 cmacIn:783a8332661ce1be70e1f7adafd506d2
reset:0 addra:118 cmacReg:97741721207693d83a83c39509dd0b67 cIn:68638eda428d36d2433c8c392091c2f4 cmacIn:5498868b416923e2a8f6d51ee209b7f5
reset:0 addra:119 cmacReg:8f685492f80fe2eb9640d1d018b3ef08 cIn:e3f1abc3c14637ee2a8eeec7b83c0920 cmacIn:ff1799fb62fba50a79bf4fac294cc993
reset:0 addra:120 cmacReg:3b958bffc72a3a4689545942f821745e cIn:2194303d88ae675fb26b1922d5a00cd2 cmacIn:6c99ff513949d505bcce3f17a08fe628
reset:0 addra:121 cmacReg:947701be09de05102443369b8e440d45 cIn:db022450326483ab27b91f797d30477a cmacIn:1a01bbc24f845d193b3f40602d81788c
reset:0 addra:122 cmacReg:3410d172400f519b4fd43d26ac6afc91 cIn:f9e34bf19789fe1af89d6de4d42e6ef4 cmacIn:4f7525ee3bba86bb03fa29e2f3744a3f
reset:0 addra:123 cmacReg:44508af3bf76bda9a72484e1c3ab6578 cIn:f53fbcb59a42e8c84f3807eeb7b8c7bf cmacIn:cdf39a83d786af81b74950c278449265
reset:0 addra:124 cmacReg:9320bccd9df7d4d2be7ea4739bf592a5 cIn:15f51437106a9a6437511dd05c46b229 cmacIn:b16f364625345561e81c830f7413a2c7
reset:0 addra:125 cmacReg:949a7365fd64f7f9ef87c9b4d7099306 cIn:38e558023a7d6b4ab0538b4c883e5660 cmacIn:86d5a8fa8d9d4eb6892fb9a3c7b3208c
reset:0 addra:126 cmacReg:e9cece7c42da9a98b84344cc6586a799 cIn:5c329f990823aab2f7fa7b52786ef7ec cmacIn:ac7f2b67c7199cb35fd442f85f37c566
reset:0 addra:127 cmacReg:9cf47b54f5dc28c7b9df46141ce2bbd4 cIn:7aa4ba6b9fdcdc66683d1587df4fc721 cmacIn:b5fc51e54af9302a4fb93f9e1de85075
reset:0 addra:128 cmacReg:b26818137d9c27bcfafc5ecc1545cc3e cIn:87d48ed54ed7e4b08e138fdcee87fef8 cmacIn:e650c13f6a00f4a1d1e25393c3ad7cf5
reset:0 addra:129 cmacReg:c47d04f4da7c88cd59ced538d516f648 cIn:62a3f45aa779235becba8c1df6b209d7 cmacIn:35bc96c6334bc30c74efd110fbc232c6
reset:0 addra:130 cmacReg:fbdcf371c79cc1a05b47f94e0debccb1 cIn:1d4edce47e2bb87e35f2742bba189bae cmacIn:a6def0ae7d05ab96b574592523a4ff9f
reset:0 addra:131 cmacReg:734089505f9fca3a04cb0717afea21eb cIn:f63d995255295ba9de4dfeb8ff009ed5 cmacIn:e6922f95b9b779de6eb58d65b7f3571f
reset:0 addra:132 cmacReg:7e6d9dae554bb419361b196e7ebd229c cIn:1d48805dc6b3c6eac8ea0a91dc76a77d cmacIn:857d10020ab69193da86f9af50eabf3e
reset:0 addra:133 cmacReg:849e89362e110d4bcaa6b1e87686196d cIn:99fd56bebd3b9e26ab4645a95c9b4d1a cmacIn:63251df393f872f3fef113ffa2cb85e1
reset:0 addra:134 cmacReg:0e8e28b3222059e4677bf2ef8bedffb1 cIn:e2e036d31c0cc0fbe38fd6b074f8bc8b cmacIn:1d63df88932a936d61e0f4412a1d5477
reset:0 addra:135 cmacReg:e36a97d9932294bc604c26d2fe04c329 cIn:0b784e4148d41cfae393f99abde27907 cmacIn:ec6e1e603e2c991f84f4245fff15433a
reset:0 addra:136 cmacReg:9d76cafb6e281a10e774605af295da03 cIn:fc23d7516dfbc163ce7d580aaeac3cc6 cmacIn:e812d998dbf6884683dfdf4843e6ba2e
reset:0 addra:137 cmacReg:caf02e9f66a7b5bf2dc2b709ea30b9b8 cIn:f4ce2bc5cce7efc51db855eeb62de219 cmacIn:61551daa03d3db73290938505c39e6c5
reset:0 addra:138 cmacReg:c188fc53576b8bb363b40fb31d41d4c2 cIn:6c2e635eaf0ba8fa95357bc3f2acda2d cmacIn:3e3e055aaa405a7a307ae2e75c1d5ba1
reset:0 addra:139 cmacReg:6f0dfc55a33857ff68106389abc34cbe cIn:8383f7ada31fa63f9d564620e4751eb5 cmacIn:ada69f0df8602349f6817470efed0eef
reset:0 addra:140 cmacReg:a9ebfa52a3f15c311b7ca0746bd94fc8 cIn:1680c2ca5b8d349e21632c19ef0b1c81 cmacIn:ec8e0bf80027f1c0f54625a94fb6520b
reset:0 addra:141 cmacReg:50e74475dfacb5b7b1096f05f12da2f8 cIn:ff00016c8fcaaf2fa894acfa8abc743c cmacIn:bf6b3898f87c68af3a1f8c6d84d25349
reset:0 addra:142 cmacReg:e0ac00fe632a86e0248606768d7c9f18 cIn:035ed5f56f86bf1175a80c4cb15d5d49 cmacIn:afe7451950661a98199dc3ff7b91d6c4
reset:0 addra:143 cmacReg:39c33b2624f9dc6d771a018c7c4937cd cIn:770b8fe24909208cf5c74f62a6b83d5f cmacIn:e3f2d50b0cac39f1512e0a3a3c21c251
reset:0 addra:144 cmacReg:75bf87832057311e4707ea74f1408311 cIn:56bef146b02568e4927958224680bb33 cmacIn:4ec8b4c46df0fce182dd4eeedaf10a92
reset:0 addra:145 cmacReg:2ae0f2efb72135c37eaadca40a37504f cIn:13c003b927b57d8baff85f43f16592db cmacIn:230176c5907259fad57eb256b7c03822
reset:0 addra:146 cmacReg:8e61990a87e20d98a4f1bebb7ab251ac cIn:6b7a743771a9ca1625594ffb2ea430fc cmacIn:3920f15690944848d15283e7fb52c294
reset:0 addra:147 cmacReg:289c3598af22b70d13c1f1bf5f3f5e4a cIn:0d66681f0d7c25e17be17fa5e8f1c776 cmacIn:e51bed3df64bc78e81a8f14054166150
reset:0 addra:148 cmacReg:60ebaadc01f5d3c5d7428347f47238a5 cIn:b9d93492348cb9e3e5dc4853db239e6b cmacIn:25fa5d87a25e92ec68208e1ab7ce993c
reset:0 addra:149 cmacReg:0c2ecaf0695370d02dd9e8316e53bd46 cIn:d838ee1e17d164f0f7c3dd3747b8e67b cmacIn:d9329e4e35796a26329ecb142f51a6ce
reset:0 addra:150 cmacReg:d6ccc2e6772c2bf482d36308da530776 cIn:7b4092a9c70ed92cb9ef82c4647a5741 cmacIn:d41624ee7e821420da1a350629eb5b3d
reset:0 addra:151 cmacReg:71a67167893f41acc23ada789089a8fc cIn:c468a9fdd0063e9814c99fcc91554f1d cmacIn:ad8c504fb022f2d83b3ce1ccbe295037
reset:0 addra:152 cmacReg:eaee2c33269193a1f8cf43679252284c cIn:49f51ebfe7d29acf9c8eb9ae1c4d4b4a cmacIn:b5ced89a59397f34d6f345b401dce7e1
reset:0 addra:153 cmacReg:c6c8136ebb8f6d2225c0d476fa6dd1d0 cIn:c6d4e266f87d0b5adf5a3920c77b728d cmacIn:a31b328cc143096e6441fac98e1f6306
reset:0 addra:154 cmacReg:1035bfee2f00be1ffef7275dae92e9da cIn:8ec1db78fd1c57ce76fe2ad5fe1c6b9a cmacIn:001cf10843f26678fa9aed563d16a35d
reset:0 addra:155 cmacReg:98c2c83fc87f5f9f6dfefa8dbe52d16e cIn:968d3c522c90cccaa78ced27af3d7230 cmacIn:9ef46496d21ce9d188090d88508e8240
reset:0 addra:156 cmacReg:92a4d6edef67d278caa5530a9e0e20bb cIn:73ef5f4642ff0063d7242dc437c011cf cmacIn:0e4ff46de4ef9355ca7217aa116fa35e
reset:0 addra:157 cmacReg:9119357f67a5038fb28b4de471069bcb cIn:499411f9b2fe7b715178a3c09e1cf1a4 cmacIn:e14b89abad98d21b1d817ecea9ce3174
reset:0 addra:158 cmacReg:29e6d536217c0fcb92298732dce35cbe cIn:719d5ec835c46b88ee616d92a8f4cf71 cmacIn:d88d2486d55b78fee3f3ee24ef1a6a6f
reset:0 addra:159 cmacReg:ba9b96c0611134435ccfe822febc0140 cIn:ecd915be1e6a7044d45667c8faa6a177 cmacIn:587b8bfe14b864437c48eaa0741793cf
reset:0 addra:160 cmacReg:8434ad80005d0369380352daf67f484a cIn:e24d70c822679ae1c24510249c93c0e7 cmacIn:5642837e7f7b440788998fea041aa037
reset:0 addra:161 cmacReg:f9817718cc493e4d0b80f568f6cd62b3 cIn:bf4afb1bc37a63687e12d274b91897b6 cmacIn:6679dd48223a9988fa4642fe6aec88ad
reset:0 addra:162 cmacReg:3f9d372bec11a8814a1b965954006d9e cIn:b68e2727d40e7f5ac5f0b7c2df0af842 cmacIn:46cb8c030f335d257592271c4fd5f505
reset:0 addra:163 cmacReg:3c3bbbdcefd7ed9e01fbfecea79ea9a7 cIn:e56eec2c9e6bc5185b9ba7deebf4e000 cmacIn:8913100c381fd7db8feb219b8b0a95dc
reset:0 addra:164 cmacReg:35dfd6cb9cccbdd35c63c4a5593ec9dd cIn:7dc0cd749a8dd7956aec3ef7dd5fa9e0 cmacIn:d95557f071bc28865a6059104c6a49a7
reset:0 addra:165 cmacReg:ba911d7a06225bd7649bb13add4b0f89 cIn:569526a117264c1734924735c14623a1 cmacIn:481f1bbf06416a46368ffa528461603d
reset:0 addra:166 cmacReg:75973a652647b3fe7e0593e2c93d1c5b cIn:91dbf3627fad519ce1b3ee3fcff9f5ab cmacIn:ec043bdb110417c05009f60f1c0d2c28
reset:0 addra:167 cmacReg:e57a9e57696a0b669b773bd321329641 cIn:b29dab8f4e2b36e5ba8ffebd7c255a97 cmacIn:e44cc90759eae2629fb67ddd06c4e9f0
reset:0 addra:168 cmacReg:7a691fff2fec874724575d99cd6af646 cIn:a8e47d0d28fbb63adf08c9e67872d509 cmacIn:57e735d827413d8321f8c56e5d17ccd6
reset:0 addra:169 cmacReg:d13ca7cfe386cd009f52a881d92a8f1c cIn:04c3ba1fc118a8fd00adfae4fc19395d cmacIn:d28d62f20717317dfb5f947fb518234f
reset:0 addra:170 cmacReg:1b7bc6087eeabe277e6d966e4946ad26 cIn:32ec15185bc71c7fbaa7fad747f6aff6 cmacIn:d5ff1dd0229e65fd9fff52652533b641
reset:0 addra:171 cmacReg:d3feda62b948727b81143a0f7af0cf72 cIn:3f5afb5c24b9a8c5f91e0d78daac9799 cmacIn:2997d310252da258c4ca6cb90eb002d0
reset:0 addra:172 cmacReg:0bef53fede476887e664ecafb3e1db38 cIn:89e2852742bd61d5006fc985560d891b cmacIn:eca4213e9df1dabe780a3777a05c58eb
reset:0 addra:173 cmacReg:7db01131731e7cdbba5c9cec276666d1 cIn:07b9adad46cc5de97751004bcb0b2e3d cmacIn:820dd6d99cfa0952e60b252ae5ec5223
reset:0 addra:174 cmacReg:35b20dc54179ad65809a7ea20c9f41dd cIn:c8ff001ae62c27f3acede5e72d18ce7b cmacIn:7a09bc9c35d22132cd0d9ca7ec6d48ec
reset:0 addra:175 cmacReg:065e1995ed5e2f065fced608ef3d1cdd cIn:1e87f515e4e6e9a9c647660dde2d1a8a cmacIn:fd4d0ddfa7558a962c779b4521878fa6
reset:0 addra:176 cmacReg:f7105b4fe46e8d11eaf42d5084d48756 cIn:fc50e9e66c74731cb19ca38eaa7b8f70 cmacIn:18d9ec8009b8c6af9989b00531100657
reset:0 addra:177 cmacReg:9e8de1d9142745da8ca1946186f16a75 cIn:7a63f975a851bdea656fceb8295669dd cmacIn:0b40b2a9881afe0d5b688ede2eaf0826
reset:0 addra:178 cmacReg:c840459eae88d75d5b495b3035f70cd5 cIn:1b4e172e5bde3e36cc9b1c7704143f4e cmacIn:e4ee18acbc76f830e9ce5ad9afa703a8
reset:0 addra:179 cmacReg:ef3087bc1cf36ec0020919d405910da0 cIn:e3e87f5a964b92dc0aa21f14edfc57a6 cmacIn:d30e52b0f556e96b97d2474731e3339b
reset:0 addra:180 cmacReg:7ddf0877e33e418d0259935816bc379f cIn:b309dac733c3c6f72c6eeff9d319aa30 cmacIn:0cd8f8e68ab8fc1c08ab06c0e86d5a06
reset:0 addra:181 cmacReg:cb4a5203c7dbbd2250a6ed68a54ed45f cIn:d4d2f5cb3ace5ab2e30b6c32e628ee21 cmacIn:ced6d2b0d0fd877a2e377ca1c5a59daf
reset:0 addra:182 cmacReg:cc2b30bef4c4e93ff8fe8602e8bde6a1 cIn:314a0953e9c1047420f623ad4b6d7d24 cmacIn:1f98a7c8fd15e790b3ad815a43663a7e
reset:0 addra:183 cmacReg:bb858ac15f4ea031e847b00dbbf2ab67 cIn:5f25c02d8e9328fbdf503a1fd2a267a8 cmacIn:fd6139ed1d05ed4bd808a5afa3d09b85
reset:0 addra:184 cmacReg:fa4eed31f1d49a54c65ea6b4b15fc9ca cIn:59cd4c3192a4ef1653a2a7b9a526a50a cmacIn:e4a04aecd1dd88ca37178a126950cccf
reset:0 addra:185 cmacReg:b961cf2f353b8d280273dbae23a1e970 cIn:ae776ee3eeaf7ac8b9b86b860ef80abd cmacIn:a383a1006370754295fc010d14796cc0
reset:0 addra:186 cmacReg:4c9c2a0376419b85aa1e6e47bdf87acf cIn:00a466aaf2c9c6075ae7c5e6356b2e57 cmacIn:1716a1ccdb94f7e0bbcbb0282d59e3cd
reset:0 addra:187 cmacReg:946ab8e71162ad460a46e11631cecef0 cIn:b1ad1c3460ee882673deb2e77c823b9a cmacIn:4c384ca984885d82f0f9aba188935498
reset:0 addra:188 cmacReg:a98ef18d6f8d2f11ec3ab7d42f7825e6 cIn:b571276cfe159d3be491dbfc9af2deba cmacIn:25c7a4d3718c2560799853f14d4cf56a
reset:0 addra:189 cmacReg:44a17355f9e8be62f79e56bbdf61ec9d cIn:1e8c236d4ea7c1a31a55cb0e8f76f8ff cmacIn:1cffd6e19198b22a08ab6c28b58afb5c
reset:0 addra:190 cmacReg:376834dfca374627a87f8065c52c6660 cIn:00be541fe55d0d66f84ed02786ad1986 cmacIn:5a2d5038b74f7fc1edcb9db550171462
reset:0 addra:191 cmacReg:892965c39d57ba05a7d6d9e28e953070 cIn:0cdba7247fb6c587e8456e7d993d5abe cmacIn:37d660c02f6a4b415031504243817fe6
reset:0 addra:192 cmacReg:06b8c469dec083e6091c0ec9012c4ed5 cIn:ef091e5a105e47ce579735593f31cbf7 cmacIn:85f2c2e7e2e17f824f93b79f17a86ace
reset:0 addra:193 cmacReg:072ba08afea74fc922bd62e6f4ee36cd cIn:107b0ae23cafb06a37962461524f362f cmacIn:e9b1da33ce9ec4285e8b3b903e1d8522
reset:0 addra:194 cmacReg:a56f4bede4bd40f5671c8ced02f2d36c cIn:fae6fc8fc8e47e15d834ae18aa9c0070 cmacIn:1750aa68c208ffa3152b4687a6a100e2
reset:0 addra:195 cmacReg:e6bcf4c3b89ce25b67f51831df366a82 cIn:38ae77c4d01448b554e5edc159863968 cmacIn:5f89b7622c593ee0bf2822f5a86ed31c
reset:0 addra:196 cmacReg:71f2508f330ce1fe911502c9f328a684 cIn:49e4fd54fcdf4cd7366543dad06d6eb5 cmacIn:de1283076888aaee3310f5f086b053ea
reset:0 addra:197 cmacReg:21a8b1f8ee7f5d52e3956a581e40befd cIn:2f095392a6bb32356e2a456f7aa11cbd cmacIn:3816addbcfd3ad29a77041132345c831
reset:0 addra:198 cmacReg:8107fe0e3fbd6e43430d29a9575b9822 cIn:30783df1d455857cf7af9453b1ebb896 cmacIn:0ea1e26a48c46f678dbf2f3764e1a240
reset:0 addra:199 cmacReg:917fe9dddd08c63459b409fb5d0f65f4 cIn:c3d383d550d4e2fc71d7b56b1aa66e04 cmacIn:b17fc3ffebe8eb3fb4a2bdfae6b020b4
reset:0 addra:200 cmacReg:389c33305ac9c7e18ce4f5fd95aa9523 cIn:ed3050492001ce4d64278a74896e3c84 cmacIn:52ac6a088ddc24c82863bc9047a90bf0
reset:0 addra:201 cmacReg:e88a18235a4552ab0d412faf4c0472cd cIn:bf88b938070db49f663c1a4bfb27d66f cmacIn:d5ac63797ac809ace8c37f891cc4a9a7
reset:0 addra:202 cmacReg:90329bcab038e61c3910d1fb5980c973 cIn:ed3450ee96f3069ae990e098948f941e cmacIn:5702a11b5d48e6346b7d35e4b723a4a2
reset:0 addra:203 cmacReg:5f68f45126c47574826c22b1545712ef cIn:d96207d2ba09bc23a14d666cdf4cb511 cmacIn:7d06cb2426cbe086d0803163cd0f5d6d
reset:0 addra:204 cmacReg:ffad9bcfbd8baa855dc439539d1ddaee cIn:95da0ac6030fa375cd7a587c24ebc398 cmacIn:860af3839ccdc957232144dd8b1ba7fe
reset:0 addra:205 cmacReg:96810f9693cfcfaf92585caaf99a1238 cIn:e79d6853766522fc66a32d9e2b3b4b8e cmacIn:6a779109be8409f090be612fb9f61976
reset:0 addra:206 cmacReg:d96bd5385873e83347dbde53d437e19f cIn:7b1173a55c486492c6411a48472f1100 cmacIn:711c67c5e5aaed53f4fb7134d2a159b6
reset:0 addra:207 cmacReg:cfd2483ec16762fe863e54b9a0f4bc9a cIn:a13ef8c8ff0080d5c9081919c1f5af2e cmacIn:a27aa69d043b8ca1819ac41b9318f09f
reset:0 addra:208 cmacReg:349e111d43533624c2c3272c2b0795b9 cIn:b4650938b3a6166ae84924c0aa534bc1 cmacIn:6eecb0f63e67e22b4f364da0610113b4
reset:0 addra:209 cmacReg:3ef5a35ebb22973b0d413697583b6c10 cIn:19e7d852cd26dcfad509a4c648ea4d73 cmacIn:80fb1825f0f5204e2a8a03ec8154de78
reset:0 addra:210 cmacReg:f043d7997b7bd3feaa682b69ecfa8197 cIn:3674c2236697a8cd53313de4b15aa677 cmacIn:27127b0c76044bc1d848925110d12163
reset:0 addra:211 cmacReg:1db95e7f0e1b3f1bf73a690d31984f74 cIn:dc388863b03d4fe0b93f852c8e4e4819 cmacIn:c63715ba1dec7b33f959168d5da027e0
reset:0 addra:212 cmacReg:1d812c6787b53963fe3677fef51e50bf cIn:c74ad7f0cd88965975271f220315be7a cmacIn:c181d61cbe2670fb4e05ec21bfd6076d
reset:0 addra:213 cmacReg:9fd942712c434a90324991cf537fc700 cIn:127efb0ffd07f3ae9c0e1dd7aea23c45 cmacIn:dacbfb974a3daf3a8b1168dcf60beec5
reset:0 addra:214 cmacReg:652ffd65d5977a18b0c8c76358a456ed cIn:454a93676f632225b4491fcb1a8da83d cmacIn:8da7b97ed144b93eae478c18fdddfb45
reset:0 addra:215 cmacReg:187c35654c22b9838bd8b1de98f4e7d5 cIn:1474fd2b414ee5cd7331dc3c32ec47c0 cmacIn:20656e02baf4583d0481d8a84229fed0
reset:0 addra:216 cmacReg:7b88468e1a0a76c8c75d45ae0be36f66 cIn:e80d6adbdc4a63e5bf4afb84925647cc cmacIn:0c08c84e0d6c5c4ef8e96de2aa18a015
reset:0 addra:217 cmacReg:78cd13de759c7c607ebbf3da8343a9b5 cIn:6af564927fad6fa9aa776ee850ae7ad6 cmacIn:93852c55c640152d7817be2a99b528aa
reset:0 addra:218 cmacReg:d9d20b7063814de5d90ce175b29f20ec cIn:ba2ab2292a0923ae2a1bab6496161b57 cmacIn:1238774c0a3113c9d4cc9d32d3edd363
reset:0 addra:219 cmacReg:f8093fa1b60ca913166f9d31d903e2b6 cIn:3838ed45ae0b4382bab63a55c2c31f36 cmacIn:63f8b95949886e4bf3174a1124893bbb
reset:0 addra:220 cmacReg:6582335d5108cfcebfb35f2f0d5f06bb cIn:521c5bb76438cf947e9d57db8ea397a4 cmacIn:c031d2e41807ea91acd9a7641bc0fd80
reset:0 addra:221 cmacReg:fffbb52ce8e41637b9fb6193180d0b38 cIn:c0f15a9750928f05c2f990c830c8fdc7 cmacIn:379e68ea3530005ac12e08f483fc911f
reset:0 addra:222 cmacReg:3a61101039b7c318953006a262bf9071 cIn:f43e86b9fb98a5d306f9dccb6b9c0b92 cmacIn:3f0aefbbb87699327b02f15b28c5f6ff
reset:0 addra:223 cmacReg:2a8fc4d453740cf3b8db515c6a242d78 cIn:395f4593d0f60c383df06be6b32cb9c5 cmacIn:ce5f96a9c22f66cb93c9da6909239be3
reset:0 addra:224 cmacReg:d1295c117f2483b3a23735e4078f5e80 cIn:bab4d687b185c4a92e496e6a47267835 cmacIn:13d08147838200cb852b3abad90894bd
reset:0 addra:225 cmacReg:7bbfde85d3c7b49c1c53db457222dc41 cIn:615c1e7dba7a566c3307006793cf5eb5 cmacIn:6b9d8a96cea1471a8c7e5b8e40a926b5
reset:0 addra:226 cmacReg:fd2f9ca403920e3c60a6041824c2d32f cIn:691f38af2e9c2e754d1a7a3c78d7bcee cmacIn:1ae3c0f869bde2f02f54db22e1ed82f4
reset:0 addra:227 cmacReg:57fff14db9704a147c6f90b22de63018 cIn:a0db1407fe040d74e4f15c7c33bc12ac cmacIn:9430a40b2d0e20492dbc7e245c156fc1
reset:0 addra:228 cmacReg:c7b180633a69d4ad2c73316e92d8eb72 cIn:89f797919e9f8d6a36ba4c3f25bbf984 cmacIn:f724e54a47744760989eccce1e5a22b4
reset:0 addra:229 cmacReg:3c0a1d0ab4a6bda29707d2c10a4c4bde cIn:71bba0afa1c062614e972cfa1e56228c cmacIn:4e4617f2a4f659c71ac97d51b76312f6
reset:0 addra:230 cmacReg:ba6f3250fc9ba5f78865140fcd821837 cIn:a53e64676a4a175abc9401f32c69ff00 cmacIn:4db1bda51566dfc3d990fe3b141a6952
reset:0 addra:231 cmacReg:e40aa09a2b803c40622098ca70f1552f cIn:7c863ffb355095bfad4eeeeeccecdb9d cmacIn:1f51563796d1b2ad34f115fce1ebe737
reset:0 addra:232 cmacReg:777f3590f1ecbcd78b959062ece62852 cIn:892c7deabc8a7f1e2bc9c45aa4dccefa cmacIn:988c9f611ed0a9ffcf6e7624bc1d8eb2
reset:0 addra:233 cmacReg:2689d3535c36fe5aaf7644118dbf3a94 cIn:2b962932a4dd7e9cf4e959b39ee071eb cmacIn:fe53487a4d66c3c9a05c5438483ae6a8
reset:0 addra:234 cmacReg:af3e7ee65d941c29fe3c54f3408b9cda cIn:8eb57ee6454e0f2476faf1546dad6e35 cmacIn:0d1ffa61f8eb80c65b9f1da2135f4b7f
reset:0 addra:235 cmacReg:09797f27211e7d00d8cea1597de6252d cIn:6b864b5188f3b64b86c948fdbfda6ff6 cmacIn:218b000018da130d88c6a5a72d26f2ef
reset:0 addra:236 cmacReg:d8b3759e451a511d2c642a99934c71a9 cIn:47d4e2b8d519559a8416a75a9c60b9a4 cmacIn:62ff3476a9edcb4b5e07e9a4c23c4adb
reset:0 addra:237 cmacReg:44f5f1de18fcff982ec3944d057bfc8d cIn:32c6ca5d56f45bc4762ae0cf2e388979 cmacIn:9f67972690030487a8728dc30f2cc80d
reset:0 addra:238 cmacReg:8a8bde3f3a4775cd2662d68f24a5a34f cIn:1ff7d1eddff0aede28e38218a1854245 cmacIn:76333b834e08a45c58e974822b4375f4
reset:0 addra:239 cmacReg:30a109a39085fe857918962b972aef08 cIn:1a84441d945528ad21d32dd6ded032a7 cmacIn:957c0fd2e5b7db130e8154978520e10a
reset:0 addra:240 cmacReg:32ec3e7c7666f927ccd7aa32231e9b2b cIn:2cee4e5a46fef31ee7f41d070054f0c7 cmacIn:2a254dbe04d0d62858cbbbfd49faddaf
reset:0 addra:241 cmacReg:6b5c93b43d9bfe39344fbb38762771b8 cIn:34e70a5b1ea4d7d5e0306b0d0b753c4c cmacIn:1e02702630980a392b23b735234a6bec
reset:0 addra:242 cmacReg:af578c432265a3211fdb95bf8d323fd4 cIn:5625d6969b06c2f73c56cc49e5c6054d cmacIn:5fbb99ef233f29ecd47fd0357d524df4
reset:0 addra:243 cmacReg:567d3b47fb2a266b7ddb9bd3402553e2 cIn:63649142a58067ea49156fcb4feeafe5 cmacIn:f9725ad5b96361d6238d59f668f43a99
reset:0 addra:244 cmacReg:5e057e9e30f8a4542366416951fbec83 cIn:5de718a9fead7e82893fd5b7d0d5293f cmacIn:3519aa055eaa418134cef4180fcbfc07
reset:0 addra:245 cmacReg:f3e71e8cd7b66484abcf22d3adc3cf46 cIn:d6b7d4d11ffac5fa8a60472471c8a43a cmacIn:03e26637ce55dad6aa5994de812ec5bc
reset:0 addra:246 cmacReg:1c5a8ec428099ea4847925dfae09c99f cIn:823155534d1e61f29bef29dcadd08e2b cmacIn:2550ca5dc84ca17e21af65f7dc0b6b7c
reset:0 addra:247 cmacReg:e1c72dd8a1b39d67eb5074d3f1ba7151 cIn:70f4a86e7fd50fad16be8071f79e1492 cmacIn:9e6bdb976517ff561f960c0303d947b4
reset:0 addra:248 cmacReg:c6ca91061d433fc5b6d5d9492f8d2592 cIn:363269e4db375f2705e127fd903e64fa cmacIn:913385b6de6692cafdeef4a2062465c3
reset:0 addra:249 cmacReg:35d5b35958e4f57f1ad90c352270abfb cIn:0e3dab2e696fb4d38beb29a34ff9ea83 cmacIn:f0f8f8e2c67460e2b334feb4bfb34168
reset:0 addra:250 cmacReg:07ea3d9e6826ac54e3c225a1e08bb541 cIn:cc43f88e9f8e0d7743ad5880650e4679 cmacIn:3be81877318b41ac913225966d894178
reset:0 addra:251 cmacReg:8b1c3f9bef69cd81fd705262886a1363 cIn:af3abe5d4aa3e65a3f23b29e32a415a5 cmacIn:cba9c510f7a8a123a06f7d218585f338
reset:0 addra:252 cmacReg:9be17360ae1d26cbf9833781e1602d3b cIn:aa380835ab297eecd1b1edb581ab0752 cmacIn:242681c6a5ca2bdbc253e0fcbace06c6
reset:0 addra:253 cmacReg:5523d6de048cf937407f88597646d872 cIn:b72b9c8e41272326bb1b8d274fbc6cdc cmacIn:31d97b55053458272832da3460cb2a69
reset:0 addra:254 cmacReg:f9a9262da6d0b2bbe7ad7dcb4132eb67 cIn:d8dbcadeb244ac7f51591278534112b7 cmacIn:e2084a5045abda11fb64057e39fab4ae
reset:0 addra:255 cmacReg:08329fe27b77a2a434bbb5e0fa4b88f8 cIn:fc4a6d7af65c7e82b93fb32a2f867f7a cmacIn:2172ecf314941ec4b6f46fb31273f9d0
reset:0 addra:256 cmacReg:7776cb13a11840fa7affa955ef112f73 cIn:3658ca6f789cf5c6b16b10dc6455c762 cmacIn:f478f2988d2bdc268d8406cad5cdf782
reset:0 addra:257 cmacReg:fa95216b14fc71b10055bf9b85ca1ad2 cIn:76ff0033553fb42eafb8b1b596651cee cmacIn:412e017cd984b53ccb94b9898b44e811
reset:0 addra:258 cmacReg:172285021848982e6ec2bd90b4330bc3 cIn:55c27fdf6d81dfd6bb5b5d1f4cb4706d cmacIn:8c6a215841c3c59fafed0e2e13af063c
reset:0 addra:259 cmacReg:d5b4087cc91d29dac28cb17436505e05 cIn:f4eb488f18290a83f9d6d2a85e800ab8 cmacIn:42e0fadd75c947f8d599e08ff8877bae
reset:0 addra:260 cmacReg:b65f1569c999c53a6f2b9baef4a11163 cIn:e54dfc72fb84f1c97c313cfac3c35717 cmacIn:215f40f3d13423593b5a63dc68d054bd
reset:0 addra:261 cmacReg:32556c78ff4f2448fb5c32a1a8c1c582 cIn:122b6a1b9c0e904190bf4663dbd971ef cmacIn:5312e91b321d34f3131aa75437624674
reset:0 addra:262 cmacReg:fa3083e0f07362b671ec741ac1a744c7 cIn:5d4c1a54891246a915bc483091a00028 cmacIn:207e06636341b4096be374c27318b46d
reset:0 addra:263 cmacReg:275d3349f4605330b0113365a0f567bf cIn:f40056a4e479479aab5e950c352a2ad0 cmacIn:a77c99b47961241f64503c2a500744ef
reset:0 addra:264 cmacReg:6b3e33b47227a25dff9621af76f7b81b cIn:56392ad79d5779323934e8622a5b2ede cmacIn:d35d65ed101914aa1b4fa66995df4d6f
reset:0 addra:265 cmacReg:8440a7a93dcd68ce02c0b49c97949265 cIn:fd2a40028000000ec2acdaf46ab15b98 cmacIn:3d071963ef70db6fc6a2c9cd5cac96c5
reset:0 addra:266 cmacReg:b464eb90d74670664d4d6de1c918c7fb cIn:9143fea57fcf7a96a94ffebcff009ed5 cmacIn:xxxxxxxxxxxxxxxxxxxxxxxxxxxxxxxx
reset:0 addra:267 cmacReg:8581cce96572f21f8c0ad42ef0c7fee1 cIn:1d007fffd90000000000000000000000 cmacIn:25271535a8890af0e402935d3618592e
reset:0 addra:268 cmacReg:3d85c9a70dc1b4baafdf47c4df3e8e9c cIn:xxxxxxxxxxxxxxxxxxxxxxxxxxxxxxxx cmacIn:9881b316bc72f21f8c0ad42ef0c7fee1
reset:0 addra:268 cmacReg:a56db6552a2b2681ff230d9612aeb290 cIn:xxxxxxxxxxxxxxxxxxxxxxxxxxxxxxxx cmacIn:9881b316bc72f21f8c0ad42ef0c7fee1
reset:0 addra:268 cmacReg:752b66f80d1725d52f45a4460fcfa79e cIn:xxxxxxxxxxxxxxxxxxxxxxxxxxxxxxxx cmacIn:9881b316bc72f21f8c0ad42ef0c7fee1
reset:0 addra:268 cmacReg:2450bf12fec2df958183e2726907e2d0 cIn:xxxxxxxxxxxxxxxxxxxxxxxxxxxxxxxx cmacIn:9881b316bc72f21f8c0ad42ef0c7fee1
reset:0 addra:268 cmacReg:9a585918897b1623a667d6bf079360fd cIn:xxxxxxxxxxxxxxxxxxxxxxxxxxxxxxxx cmacIn:9881b316bc72f21f8c0ad42ef0c7fee1
reset:0 addra:268 cmacReg:7b495ac2a241e19eb473e9b1f7328205 cIn:xxxxxxxxxxxxxxxxxxxxxxxxxxxxxxxx cmacIn:9881b316bc72f21f8c0ad42ef0c7fee1
reset:0 addra:268 cmacReg:74909a24913d90e4b5a1918b73118ce4 cIn:xxxxxxxxxxxxxxxxxxxxxxxxxxxxxxxx cmacIn:9881b316bc72f21f8c0ad42ef0c7fee1
reset:0 addra:268 cmacReg:86a8b9551a7e490a3773469c90f5f0ae cIn:xxxxxxxxxxxxxxxxxxxxxxxxxxxxxxxx cmacIn:9881b316bc72f21f8c0ad42ef0c7fee1
reset:0 addra:268 cmacReg:86a8b9551a7e490a3773469c90f5f0ae cIn:xxxxxxxxxxxxxxxxxxxxxxxxxxxxxxxx cmacIn:9881b316bc72f21f8c0ad42ef0c7fee1
reset:0 addra:268 cmacReg:2f956a6fae869689ffc14e541258ffd2 cIn:xxxxxxxxxxxxxxxxxxxxxxxxxxxxxxxx cmacIn:9881b316bc72f21f8c0ad42ef0c7fee1
reset:0 addra:268 cmacReg:624b1078117b8b97717eb8bc487b9f95 cIn:xxxxxxxxxxxxxxxxxxxxxxxxxxxxxxxx cmacIn:9881b316bc72f21f8c0ad42ef0c7fee1
reset:0 addra:268 cmacReg:624b1078117b8b97717eb8bc487b9f95 cIn:xxxxxxxxxxxxxxxxxxxxxxxxxxxxxxxx cmacIn:9881b316bc72f21f8c0ad42ef0c7fee1
reset:0 addra:268 cmacReg:624b1078117b8b97717eb8bc487b9f95 cIn:xxxxxxxxxxxxxxxxxxxxxxxxxxxxxxxx cmacIn:9881b316bc72f21f8c0ad42ef0c7fee1
reset:0 addra:268 cmacReg:624b1078117b8b97717eb8bc487b9f95 cIn:xxxxxxxxxxxxxxxxxxxxxxxxxxxxxxxx cmacIn:9881b316bc72f21f8c0ad42ef0c7fee1
reset:0 addra:268 cmacReg:624b1078117b8b97717eb8bc487b9f95 cIn:xxxxxxxxxxxxxxxxxxxxxxxxxxxxxxxx cmacIn:9881b316bc72f21f8c0ad42ef0c7fee1
reset:0 addra:268 cmacReg:624b1078117b8b97717eb8bc487b9f95 cIn:xxxxxxxxxxxxxxxxxxxxxxxxxxxxxxxx cmacIn:9881b316bc72f21f8c0ad42ef0c7fee1
reset:0 addra:268 cmacReg:624b1078117b8b97717eb8bc487b9f95 cIn:xxxxxxxxxxxxxxxxxxxxxxxxxxxxxxxx cmacIn:9881b316bc72f21f8c0ad42ef0c7fee1
reset:0 addra:268 cmacReg:624b1078117b8b97717eb8bc487b9f95 cIn:xxxxxxxxxxxxxxxxxxxxxxxxxxxxxxxx cmacIn:9881b316bc72f21f8c0ad42ef0c7fee1
reset:0 addra:268 cmacReg:624b1078117b8b97717eb8bc487b9f95 cIn:xxxxxxxxxxxxxxxxxxxxxxxxxxxxxxxx cmacIn:9881b316bc72f21f8c0ad42ef0c7fee1
reset:0 addra:268 cmacReg:624b1078117b8b97717eb8bc487b9f95 cIn:xxxxxxxxxxxxxxxxxxxxxxxxxxxxxxxx cmacIn:9881b316bc72f21f8c0ad42ef0c7fee1
reset:0 addra:268 cmacReg:624b1078117b8b97717eb8bc487b9f95 cIn:xxxxxxxxxxxxxxxxxxxxxxxxxxxxxxxx cmacIn:9881b316bc72f21f8c0ad42ef0c7fee1
reset:0 addra:268 cmacReg:624b1078117b8b97717eb8bc487b9f95 cIn:xxxxxxxxxxxxxxxxxxxxxxxxxxxxxxxx cmacIn:9881b316bc72f21f8c0ad42ef0c7fee1
reset:0 addra:268 cmacReg:624b1078117b8b97717eb8bc487b9f95 cIn:xxxxxxxxxxxxxxxxxxxxxxxxxxxxxxxx cmacIn:9881b316bc72f21f8c0ad42ef0c7fee1
reset:0 addra:268 cmacReg:624b1078117b8b97717eb8bc487b9f95 cIn:xxxxxxxxxxxxxxxxxxxxxxxxxxxxxxxx cmacIn:9881b316bc72f21f8c0ad42ef0c7fee1
reset:0 addra:268 cmacReg:624b1078117b8b97717eb8bc487b9f95 cIn:xxxxxxxxxxxxxxxxxxxxxxxxxxxxxxxx cmacIn:9881b316bc72f21f8c0ad42ef0c7fee1
reset:0 addra:268 cmacReg:624b1078117b8b97717eb8bc487b9f95 cIn:xxxxxxxxxxxxxxxxxxxxxxxxxxxxxxxx cmacIn:9881b316bc72f21f8c0ad42ef0c7fee1
reset:0 addra:268 cmacReg:624b1078117b8b97717eb8bc487b9f95 cIn:xxxxxxxxxxxxxxxxxxxxxxxxxxxxxxxx cmacIn:9881b316bc72f21f8c0ad42ef0c7fee1
reset:0 addra:268 cmacReg:624b1078117b8b97717eb8bc487b9f95 cIn:xxxxxxxxxxxxxxxxxxxxxxxxxxxxxxxx cmacIn:9881b316bc72f21f8c0ad42ef0c7fee1
reset:0 addra:268 cmacReg:624b1078117b8b97717eb8bc487b9f95 cIn:xxxxxxxxxxxxxxxxxxxxxxxxxxxxxxxx cmacIn:9881b316bc72f21f8c0ad42ef0c7fee1
reset:0 addra:268 cmacReg:624b1078117b8b97717eb8bc487b9f95 cIn:xxxxxxxxxxxxxxxxxxxxxxxxxxxxxxxx cmacIn:9881b316bc72f21f8c0ad42ef0c7fee1
reset:0 addra:268 cmacReg:624b1078117b8b97717eb8bc487b9f95 cIn:xxxxxxxxxxxxxxxxxxxxxxxxxxxxxxxx cmacIn:9881b316bc72f21f8c0ad42ef0c7fee1
reset:0 addra:268 cmacReg:624b1078117b8b97717eb8bc487b9f95 cIn:xxxxxxxxxxxxxxxxxxxxxxxxxxxxxxxx cmacIn:9881b316bc72f21f8c0ad42ef0c7fee1
reset:0 addra:268 cmacReg:624b1078117b8b97717eb8bc487b9f95 cIn:xxxxxxxxxxxxxxxxxxxxxxxxxxxxxxxx cmacIn:9881b316bc72f21f8c0ad42ef0c7fee1
reset:0 addra:268 cmacReg:624b1078117b8b97717eb8bc487b9f95 cIn:xxxxxxxxxxxxxxxxxxxxxxxxxxxxxxxx cmacIn:9881b316bc72f21f8c0ad42ef0c7fee1
reset:0 addra:268 cmacReg:624b1078117b8b97717eb8bc487b9f95 cIn:xxxxxxxxxxxxxxxxxxxxxxxxxxxxxxxx cmacIn:9881b316bc72f21f8c0ad42ef0c7fee1
reset:0 addra:268 cmacReg:624b1078117b8b97717eb8bc487b9f95 cIn:xxxxxxxxxxxxxxxxxxxxxxxxxxxxxxxx cmacIn:9881b316bc72f21f8c0ad42ef0c7fee1
reset:0 addra:268 cmacReg:624b1078117b8b97717eb8bc487b9f95 cIn:xxxxxxxxxxxxxxxxxxxxxxxxxxxxxxxx cmacIn:9881b316bc72f21f8c0ad42ef0c7fee1
reset:0 addra:268 cmacReg:624b1078117b8b97717eb8bc487b9f95 cIn:xxxxxxxxxxxxxxxxxxxxxxxxxxxxxxxx cmacIn:9881b316bc72f21f8c0ad42ef0c7fee1
reset:0 addra:268 cmacReg:624b1078117b8b97717eb8bc487b9f95 cIn:xxxxxxxxxxxxxxxxxxxxxxxxxxxxxxxx cmacIn:9881b316bc72f21f8c0ad42ef0c7fee1
reset:0 addra:268 cmacReg:624b1078117b8b97717eb8bc487b9f95 cIn:xxxxxxxxxxxxxxxxxxxxxxxxxxxxxxxx cmacIn:9881b316bc72f21f8c0ad42ef0c7fee1
reset:0 addra:268 cmacReg:624b1078117b8b97717eb8bc487b9f95 cIn:xxxxxxxxxxxxxxxxxxxxxxxxxxxxxxxx cmacIn:9881b316bc72f21f8c0ad42ef0c7fee1
reset:0 addra:268 cmacReg:624b1078117b8b97717eb8bc487b9f95 cIn:xxxxxxxxxxxxxxxxxxxxxxxxxxxxxxxx cmacIn:9881b316bc72f21f8c0ad42ef0c7fee1
reset:0 addra:268 cmacReg:624b1078117b8b97717eb8bc487b9f95 cIn:xxxxxxxxxxxxxxxxxxxxxxxxxxxxxxxx cmacIn:9881b316bc72f21f8c0ad42ef0c7fee1
reset:0 addra:268 cmacReg:624b1078117b8b97717eb8bc487b9f95 cIn:xxxxxxxxxxxxxxxxxxxxxxxxxxxxxxxx cmacIn:9881b316bc72f21f8c0ad42ef0c7fee1
reset:0 addra:268 cmacReg:624b1078117b8b97717eb8bc487b9f95 cIn:xxxxxxxxxxxxxxxxxxxxxxxxxxxxxxxx cmacIn:9881b316bc72f21f8c0ad42ef0c7fee1
reset:0 addra:268 cmacReg:624b1078117b8b97717eb8bc487b9f95 cIn:xxxxxxxxxxxxxxxxxxxxxxxxxxxxxxxx cmacIn:9881b316bc72f21f8c0ad42ef0c7fee1
reset:0 addra:268 cmacReg:624b1078117b8b97717eb8bc487b9f95 cIn:xxxxxxxxxxxxxxxxxxxxxxxxxxxxxxxx cmacIn:9881b316bc72f21f8c0ad42ef0c7fee1
reset:0 addra:268 cmacReg:624b1078117b8b97717eb8bc487b9f95 cIn:xxxxxxxxxxxxxxxxxxxxxxxxxxxxxxxx cmacIn:9881b316bc72f21f8c0ad42ef0c7fee1
reset:0 addra:268 cmacReg:624b1078117b8b97717eb8bc487b9f95 cIn:xxxxxxxxxxxxxxxxxxxxxxxxxxxxxxxx cmacIn:9881b316bc72f21f8c0ad42ef0c7fee1
reset:0 addra:268 cmacReg:624b1078117b8b97717eb8bc487b9f95 cIn:xxxxxxxxxxxxxxxxxxxxxxxxxxxxxxxx cmacIn:9881b316bc72f21f8c0ad42ef0c7fee1
reset:0 addra:268 cmacReg:624b1078117b8b97717eb8bc487b9f95 cIn:xxxxxxxxxxxxxxxxxxxxxxxxxxxxxxxx cmacIn:9881b316bc72f21f8c0ad42ef0c7fee1
reset:0 addra:268 cmacReg:624b1078117b8b97717eb8bc487b9f95 cIn:xxxxxxxxxxxxxxxxxxxxxxxxxxxxxxxx cmacIn:9881b316bc72f21f8c0ad42ef0c7fee1
reset:0 addra:268 cmacReg:624b1078117b8b97717eb8bc487b9f95 cIn:xxxxxxxxxxxxxxxxxxxxxxxxxxxxxxxx cmacIn:9881b316bc72f21f8c0ad42ef0c7fee1
reset:0 addra:268 cmacReg:624b1078117b8b97717eb8bc487b9f95 cIn:xxxxxxxxxxxxxxxxxxxxxxxxxxxxxxxx cmacIn:9881b316bc72f21f8c0ad42ef0c7fee1
reset:0 addra:268 cmacReg:624b1078117b8b97717eb8bc487b9f95 cIn:xxxxxxxxxxxxxxxxxxxxxxxxxxxxxxxx cmacIn:9881b316bc72f21f8c0ad42ef0c7fee1
reset:0 addra:268 cmacReg:624b1078117b8b97717eb8bc487b9f95 cIn:xxxxxxxxxxxxxxxxxxxxxxxxxxxxxxxx cmacIn:9881b316bc72f21f8c0ad42ef0c7fee1
reset:0 addra:268 cmacReg:624b1078117b8b97717eb8bc487b9f95 cIn:xxxxxxxxxxxxxxxxxxxxxxxxxxxxxxxx cmacIn:9881b316bc72f21f8c0ad42ef0c7fee1
reset:0 addra:268 cmacReg:624b1078117b8b97717eb8bc487b9f95 cIn:xxxxxxxxxxxxxxxxxxxxxxxxxxxxxxxx cmacIn:9881b316bc72f21f8c0ad42ef0c7fee1
reset:0 addra:268 cmacReg:624b1078117b8b97717eb8bc487b9f95 cIn:xxxxxxxxxxxxxxxxxxxxxxxxxxxxxxxx cmacIn:9881b316bc72f21f8c0ad42ef0c7fee1
reset:0 addra:268 cmacReg:624b1078117b8b97717eb8bc487b9f95 cIn:xxxxxxxxxxxxxxxxxxxxxxxxxxxxxxxx cmacIn:9881b316bc72f21f8c0ad42ef0c7fee1
reset:0 addra:268 cmacReg:624b1078117b8b97717eb8bc487b9f95 cIn:xxxxxxxxxxxxxxxxxxxxxxxxxxxxxxxx cmacIn:9881b316bc72f21f8c0ad42ef0c7fee1
reset:0 addra:268 cmacReg:624b1078117b8b97717eb8bc487b9f95 cIn:xxxxxxxxxxxxxxxxxxxxxxxxxxxxxxxx cmacIn:9881b316bc72f21f8c0ad42ef0c7fee1
reset:0 addra:268 cmacReg:624b1078117b8b97717eb8bc487b9f95 cIn:xxxxxxxxxxxxxxxxxxxxxxxxxxxxxxxx cmacIn:9881b316bc72f21f8c0ad42ef0c7fee1
reset:0 addra:268 cmacReg:624b1078117b8b97717eb8bc487b9f95 cIn:xxxxxxxxxxxxxxxxxxxxxxxxxxxxxxxx cmacIn:9881b316bc72f21f8c0ad42ef0c7fee1
reset:0 addra:268 cmacReg:624b1078117b8b97717eb8bc487b9f95 cIn:xxxxxxxxxxxxxxxxxxxxxxxxxxxxxxxx cmacIn:9881b316bc72f21f8c0ad42ef0c7fee1
reset:0 addra:268 cmacReg:624b1078117b8b97717eb8bc487b9f95 cIn:xxxxxxxxxxxxxxxxxxxxxxxxxxxxxxxx cmacIn:9881b316bc72f21f8c0ad42ef0c7fee1
reset:0 addra:268 cmacReg:624b1078117b8b97717eb8bc487b9f95 cIn:xxxxxxxxxxxxxxxxxxxxxxxxxxxxxxxx cmacIn:9881b316bc72f21f8c0ad42ef0c7fee1
reset:0 addra:268 cmacReg:624b1078117b8b97717eb8bc487b9f95 cIn:xxxxxxxxxxxxxxxxxxxxxxxxxxxxxxxx cmacIn:9881b316bc72f21f8c0ad42ef0c7fee1
reset:0 addra:268 cmacReg:624b1078117b8b97717eb8bc487b9f95 cIn:xxxxxxxxxxxxxxxxxxxxxxxxxxxxxxxx cmacIn:9881b316bc72f21f8c0ad42ef0c7fee1
reset:0 addra:268 cmacReg:624b1078117b8b97717eb8bc487b9f95 cIn:xxxxxxxxxxxxxxxxxxxxxxxxxxxxxxxx cmacIn:9881b316bc72f21f8c0ad42ef0c7fee1
reset:0 addra:268 cmacReg:624b1078117b8b97717eb8bc487b9f95 cIn:xxxxxxxxxxxxxxxxxxxxxxxxxxxxxxxx cmacIn:9881b316bc72f21f8c0ad42ef0c7fee1
reset:0 addra:268 cmacReg:624b1078117b8b97717eb8bc487b9f95 cIn:xxxxxxxxxxxxxxxxxxxxxxxxxxxxxxxx cmacIn:9881b316bc72f21f8c0ad42ef0c7fee1
reset:0 addra:268 cmacReg:624b1078117b8b97717eb8bc487b9f95 cIn:xxxxxxxxxxxxxxxxxxxxxxxxxxxxxxxx cmacIn:9881b316bc72f21f8c0ad42ef0c7fee1
reset:0 addra:268 cmacReg:624b1078117b8b97717eb8bc487b9f95 cIn:xxxxxxxxxxxxxxxxxxxxxxxxxxxxxxxx cmacIn:9881b316bc72f21f8c0ad42ef0c7fee1
reset:0 addra:268 cmacReg:624b1078117b8b97717eb8bc487b9f95 cIn:xxxxxxxxxxxxxxxxxxxxxxxxxxxxxxxx cmacIn:9881b316bc72f21f8c0ad42ef0c7fee1
reset:0 addra:268 cmacReg:624b1078117b8b97717eb8bc487b9f95 cIn:xxxxxxxxxxxxxxxxxxxxxxxxxxxxxxxx cmacIn:9881b316bc72f21f8c0ad42ef0c7fee1
reset:0 addra:268 cmacReg:624b1078117b8b97717eb8bc487b9f95 cIn:xxxxxxxxxxxxxxxxxxxxxxxxxxxxxxxx cmacIn:9881b316bc72f21f8c0ad42ef0c7fee1
reset:0 addra:268 cmacReg:624b1078117b8b97717eb8bc487b9f95 cIn:xxxxxxxxxxxxxxxxxxxxxxxxxxxxxxxx cmacIn:9881b316bc72f21f8c0ad42ef0c7fee1
reset:0 addra:268 cmacReg:624b1078117b8b97717eb8bc487b9f95 cIn:xxxxxxxxxxxxxxxxxxxxxxxxxxxxxxxx cmacIn:9881b316bc72f21f8c0ad42ef0c7fee1
reset:0 addra:268 cmacReg:624b1078117b8b97717eb8bc487b9f95 cIn:xxxxxxxxxxxxxxxxxxxxxxxxxxxxxxxx cmacIn:9881b316bc72f21f8c0ad42ef0c7fee1
reset:0 addra:268 cmacReg:624b1078117b8b97717eb8bc487b9f95 cIn:xxxxxxxxxxxxxxxxxxxxxxxxxxxxxxxx cmacIn:9881b316bc72f21f8c0ad42ef0c7fee1
reset:0 addra:268 cmacReg:624b1078117b8b97717eb8bc487b9f95 cIn:xxxxxxxxxxxxxxxxxxxxxxxxxxxxxxxx cmacIn:9881b316bc72f21f8c0ad42ef0c7fee1
reset:0 addra:268 cmacReg:624b1078117b8b97717eb8bc487b9f95 cIn:xxxxxxxxxxxxxxxxxxxxxxxxxxxxxxxx cmacIn:9881b316bc72f21f8c0ad42ef0c7fee1
reset:0 addra:268 cmacReg:624b1078117b8b97717eb8bc487b9f95 cIn:xxxxxxxxxxxxxxxxxxxxxxxxxxxxxxxx cmacIn:9881b316bc72f21f8c0ad42ef0c7fee1
reset:0 addra:268 cmacReg:624b1078117b8b97717eb8bc487b9f95 cIn:xxxxxxxxxxxxxxxxxxxxxxxxxxxxxxxx cmacIn:9881b316bc72f21f8c0ad42ef0c7fee1
reset:0 addra:268 cmacReg:624b1078117b8b97717eb8bc487b9f95 cIn:xxxxxxxxxxxxxxxxxxxxxxxxxxxxxxxx cmacIn:9881b316bc72f21f8c0ad42ef0c7fee1
reset:0 addra:268 cmacReg:624b1078117b8b97717eb8bc487b9f95 cIn:xxxxxxxxxxxxxxxxxxxxxxxxxxxxxxxx cmacIn:9881b316bc72f21f8c0ad42ef0c7fee1
reset:0 addra:268 cmacReg:624b1078117b8b97717eb8bc487b9f95 cIn:xxxxxxxxxxxxxxxxxxxxxxxxxxxxxxxx cmacIn:9881b316bc72f21f8c0ad42ef0c7fee1
reset:0 addra:268 cmacReg:624b1078117b8b97717eb8bc487b9f95 cIn:xxxxxxxxxxxxxxxxxxxxxxxxxxxxxxxx cmacIn:9881b316bc72f21f8c0ad42ef0c7fee1
reset:0 addra:268 cmacReg:624b1078117b8b97717eb8bc487b9f95 cIn:xxxxxxxxxxxxxxxxxxxxxxxxxxxxxxxx cmacIn:9881b316bc72f21f8c0ad42ef0c7fee1
reset:0 addra:268 cmacReg:624b1078117b8b97717eb8bc487b9f95 cIn:xxxxxxxxxxxxxxxxxxxxxxxxxxxxxxxx cmacIn:9881b316bc72f21f8c0ad42ef0c7fee1
reset:0 addra:268 cmacReg:624b1078117b8b97717eb8bc487b9f95 cIn:xxxxxxxxxxxxxxxxxxxxxxxxxxxxxxxx cmacIn:9881b316bc72f21f8c0ad42ef0c7fee1
reset:0 addra:268 cmacReg:624b1078117b8b97717eb8bc487b9f95 cIn:xxxxxxxxxxxxxxxxxxxxxxxxxxxxxxxx cmacIn:9881b316bc72f21f8c0ad42ef0c7fee1
reset:0 addra:268 cmacReg:624b1078117b8b97717eb8bc487b9f95 cIn:xxxxxxxxxxxxxxxxxxxxxxxxxxxxxxxx cmacIn:9881b316bc72f21f8c0ad42ef0c7fee1
reset:0 addra:268 cmacReg:624b1078117b8b97717eb8bc487b9f95 cIn:xxxxxxxxxxxxxxxxxxxxxxxxxxxxxxxx cmacIn:9881b316bc72f21f8c0ad42ef0c7fee1
reset:0 addra:268 cmacReg:624b1078117b8b97717eb8bc487b9f95 cIn:xxxxxxxxxxxxxxxxxxxxxxxxxxxxxxxx cmacIn:9881b316bc72f21f8c0ad42ef0c7fee1
reset:0 addra:268 cmacReg:624b1078117b8b97717eb8bc487b9f95 cIn:xxxxxxxxxxxxxxxxxxxxxxxxxxxxxxxx cmacIn:9881b316bc72f21f8c0ad42ef0c7fee1
reset:0 addra:268 cmacReg:624b1078117b8b97717eb8bc487b9f95 cIn:xxxxxxxxxxxxxxxxxxxxxxxxxxxxxxxx cmacIn:9881b316bc72f21f8c0ad42ef0c7fee1
reset:0 addra:268 cmacReg:624b1078117b8b97717eb8bc487b9f95 cIn:xxxxxxxxxxxxxxxxxxxxxxxxxxxxxxxx cmacIn:9881b316bc72f21f8c0ad42ef0c7fee1
reset:0 addra:268 cmacReg:624b1078117b8b97717eb8bc487b9f95 cIn:xxxxxxxxxxxxxxxxxxxxxxxxxxxxxxxx cmacIn:9881b316bc72f21f8c0ad42ef0c7fee1
reset:0 addra:268 cmacReg:624b1078117b8b97717eb8bc487b9f95 cIn:xxxxxxxxxxxxxxxxxxxxxxxxxxxxxxxx cmacIn:9881b316bc72f21f8c0ad42ef0c7fee1
reset:0 addra:268 cmacReg:624b1078117b8b97717eb8bc487b9f95 cIn:xxxxxxxxxxxxxxxxxxxxxxxxxxxxxxxx cmacIn:9881b316bc72f21f8c0ad42ef0c7fee1
reset:0 addra:268 cmacReg:624b1078117b8b97717eb8bc487b9f95 cIn:xxxxxxxxxxxxxxxxxxxxxxxxxxxxxxxx cmacIn:9881b316bc72f21f8c0ad42ef0c7fee1
reset:0 addra:268 cmacReg:624b1078117b8b97717eb8bc487b9f95 cIn:xxxxxxxxxxxxxxxxxxxxxxxxxxxxxxxx cmacIn:9881b316bc72f21f8c0ad42ef0c7fee1
reset:0 addra:268 cmacReg:624b1078117b8b97717eb8bc487b9f95 cIn:xxxxxxxxxxxxxxxxxxxxxxxxxxxxxxxx cmacIn:9881b316bc72f21f8c0ad42ef0c7fee1
reset:0 addra:268 cmacReg:624b1078117b8b97717eb8bc487b9f95 cIn:xxxxxxxxxxxxxxxxxxxxxxxxxxxxxxxx cmacIn:9881b316bc72f21f8c0ad42ef0c7fee1
reset:0 addra:268 cmacReg:624b1078117b8b97717eb8bc487b9f95 cIn:xxxxxxxxxxxxxxxxxxxxxxxxxxxxxxxx cmacIn:9881b316bc72f21f8c0ad42ef0c7fee1
reset:0 addra:268 cmacReg:624b1078117b8b97717eb8bc487b9f95 cIn:xxxxxxxxxxxxxxxxxxxxxxxxxxxxxxxx cmacIn:9881b316bc72f21f8c0ad42ef0c7fee1
reset:0 addra:268 cmacReg:624b1078117b8b97717eb8bc487b9f95 cIn:xxxxxxxxxxxxxxxxxxxxxxxxxxxxxxxx cmacIn:9881b316bc72f21f8c0ad42ef0c7fee1
reset:0 addra:268 cmacReg:624b1078117b8b97717eb8bc487b9f95 cIn:xxxxxxxxxxxxxxxxxxxxxxxxxxxxxxxx cmacIn:9881b316bc72f21f8c0ad42ef0c7fee1
reset:0 addra:268 cmacReg:624b1078117b8b97717eb8bc487b9f95 cIn:xxxxxxxxxxxxxxxxxxxxxxxxxxxxxxxx cmacIn:9881b316bc72f21f8c0ad42ef0c7fee1
reset:0 addra:268 cmacReg:624b1078117b8b97717eb8bc487b9f95 cIn:xxxxxxxxxxxxxxxxxxxxxxxxxxxxxxxx cmacIn:9881b316bc72f21f8c0ad42ef0c7fee1
reset:0 addra:268 cmacReg:624b1078117b8b97717eb8bc487b9f95 cIn:xxxxxxxxxxxxxxxxxxxxxxxxxxxxxxxx cmacIn:9881b316bc72f21f8c0ad42ef0c7fee1
reset:0 addra:268 cmacReg:624b1078117b8b97717eb8bc487b9f95 cIn:xxxxxxxxxxxxxxxxxxxxxxxxxxxxxxxx cmacIn:9881b316bc72f21f8c0ad42ef0c7fee1
reset:0 addra:268 cmacReg:624b1078117b8b97717eb8bc487b9f95 cIn:xxxxxxxxxxxxxxxxxxxxxxxxxxxxxxxx cmacIn:9881b316bc72f21f8c0ad42ef0c7fee1
reset:0 addra:268 cmacReg:624b1078117b8b97717eb8bc487b9f95 cIn:xxxxxxxxxxxxxxxxxxxxxxxxxxxxxxxx cmacIn:9881b316bc72f21f8c0ad42ef0c7fee1
reset:0 addra:268 cmacReg:624b1078117b8b97717eb8bc487b9f95 cIn:xxxxxxxxxxxxxxxxxxxxxxxxxxxxxxxx cmacIn:9881b316bc72f21f8c0ad42ef0c7fee1
reset:0 addra:268 cmacReg:624b1078117b8b97717eb8bc487b9f95 cIn:xxxxxxxxxxxxxxxxxxxxxxxxxxxxxxxx cmacIn:9881b316bc72f21f8c0ad42ef0c7fee1
reset:0 addra:268 cmacReg:624b1078117b8b97717eb8bc487b9f95 cIn:xxxxxxxxxxxxxxxxxxxxxxxxxxxxxxxx cmacIn:9881b316bc72f21f8c0ad42ef0c7fee1
reset:0 addra:268 cmacReg:624b1078117b8b97717eb8bc487b9f95 cIn:xxxxxxxxxxxxxxxxxxxxxxxxxxxxxxxx cmacIn:9881b316bc72f21f8c0ad42ef0c7fee1
reset:0 addra:268 cmacReg:624b1078117b8b97717eb8bc487b9f95 cIn:xxxxxxxxxxxxxxxxxxxxxxxxxxxxxxxx cmacIn:9881b316bc72f21f8c0ad42ef0c7fee1
reset:0 addra:268 cmacReg:624b1078117b8b97717eb8bc487b9f95 cIn:xxxxxxxxxxxxxxxxxxxxxxxxxxxxxxxx cmacIn:9881b316bc72f21f8c0ad42ef0c7fee1
reset:0 addra:268 cmacReg:624b1078117b8b97717eb8bc487b9f95 cIn:xxxxxxxxxxxxxxxxxxxxxxxxxxxxxxxx cmacIn:9881b316bc72f21f8c0ad42ef0c7fee1
reset:0 addra:268 cmacReg:624b1078117b8b97717eb8bc487b9f95 cIn:xxxxxxxxxxxxxxxxxxxxxxxxxxxxxxxx cmacIn:9881b316bc72f21f8c0ad42ef0c7fee1
reset:0 addra:268 cmacReg:624b1078117b8b97717eb8bc487b9f95 cIn:xxxxxxxxxxxxxxxxxxxxxxxxxxxxxxxx cmacIn:9881b316bc72f21f8c0ad42ef0c7fee1
reset:0 addra:268 cmacReg:624b1078117b8b97717eb8bc487b9f95 cIn:xxxxxxxxxxxxxxxxxxxxxxxxxxxxxxxx cmacIn:9881b316bc72f21f8c0ad42ef0c7fee1
reset:0 addra:268 cmacReg:624b1078117b8b97717eb8bc487b9f95 cIn:xxxxxxxxxxxxxxxxxxxxxxxxxxxxxxxx cmacIn:9881b316bc72f21f8c0ad42ef0c7fee1
reset:0 addra:268 cmacReg:624b1078117b8b97717eb8bc487b9f95 cIn:xxxxxxxxxxxxxxxxxxxxxxxxxxxxxxxx cmacIn:9881b316bc72f21f8c0ad42ef0c7fee1
reset:0 addra:268 cmacReg:624b1078117b8b97717eb8bc487b9f95 cIn:xxxxxxxxxxxxxxxxxxxxxxxxxxxxxxxx cmacIn:9881b316bc72f21f8c0ad42ef0c7fee1
reset:0 addra:268 cmacReg:624b1078117b8b97717eb8bc487b9f95 cIn:xxxxxxxxxxxxxxxxxxxxxxxxxxxxxxxx cmacIn:9881b316bc72f21f8c0ad42ef0c7fee1
reset:0 addra:268 cmacReg:624b1078117b8b97717eb8bc487b9f95 cIn:xxxxxxxxxxxxxxxxxxxxxxxxxxxxxxxx cmacIn:9881b316bc72f21f8c0ad42ef0c7fee1
reset:0 addra:268 cmacReg:624b1078117b8b97717eb8bc487b9f95 cIn:xxxxxxxxxxxxxxxxxxxxxxxxxxxxxxxx cmacIn:9881b316bc72f21f8c0ad42ef0c7fee1
reset:0 addra:268 cmacReg:624b1078117b8b97717eb8bc487b9f95 cIn:xxxxxxxxxxxxxxxxxxxxxxxxxxxxxxxx cmacIn:9881b316bc72f21f8c0ad42ef0c7fee1
reset:0 addra:268 cmacReg:624b1078117b8b97717eb8bc487b9f95 cIn:xxxxxxxxxxxxxxxxxxxxxxxxxxxxxxxx cmacIn:9881b316bc72f21f8c0ad42ef0c7fee1
reset:0 addra:268 cmacReg:624b1078117b8b97717eb8bc487b9f95 cIn:xxxxxxxxxxxxxxxxxxxxxxxxxxxxxxxx cmacIn:9881b316bc72f21f8c0ad42ef0c7fee1
reset:0 addra:268 cmacReg:624b1078117b8b97717eb8bc487b9f95 cIn:xxxxxxxxxxxxxxxxxxxxxxxxxxxxxxxx cmacIn:9881b316bc72f21f8c0ad42ef0c7fee1
reset:0 addra:268 cmacReg:624b1078117b8b97717eb8bc487b9f95 cIn:xxxxxxxxxxxxxxxxxxxxxxxxxxxxxxxx cmacIn:9881b316bc72f21f8c0ad42ef0c7fee1
reset:0 addra:268 cmacReg:624b1078117b8b97717eb8bc487b9f95 cIn:xxxxxxxxxxxxxxxxxxxxxxxxxxxxxxxx cmacIn:9881b316bc72f21f8c0ad42ef0c7fee1
reset:0 addra:268 cmacReg:624b1078117b8b97717eb8bc487b9f95 cIn:xxxxxxxxxxxxxxxxxxxxxxxxxxxxxxxx cmacIn:9881b316bc72f21f8c0ad42ef0c7fee1
reset:0 addra:268 cmacReg:624b1078117b8b97717eb8bc487b9f95 cIn:xxxxxxxxxxxxxxxxxxxxxxxxxxxxxxxx cmacIn:9881b316bc72f21f8c0ad42ef0c7fee1
reset:0 addra:268 cmacReg:624b1078117b8b97717eb8bc487b9f95 cIn:xxxxxxxxxxxxxxxxxxxxxxxxxxxxxxxx cmacIn:9881b316bc72f21f8c0ad42ef0c7fee1
reset:0 addra:268 cmacReg:624b1078117b8b97717eb8bc487b9f95 cIn:xxxxxxxxxxxxxxxxxxxxxxxxxxxxxxxx cmacIn:9881b316bc72f21f8c0ad42ef0c7fee1
reset:0 addra:268 cmacReg:624b1078117b8b97717eb8bc487b9f95 cIn:xxxxxxxxxxxxxxxxxxxxxxxxxxxxxxxx cmacIn:9881b316bc72f21f8c0ad42ef0c7fee1
reset:0 addra:268 cmacReg:624b1078117b8b97717eb8bc487b9f95 cIn:xxxxxxxxxxxxxxxxxxxxxxxxxxxxxxxx cmacIn:9881b316bc72f21f8c0ad42ef0c7fee1
reset:0 addra:268 cmacReg:624b1078117b8b97717eb8bc487b9f95 cIn:xxxxxxxxxxxxxxxxxxxxxxxxxxxxxxxx cmacIn:9881b316bc72f21f8c0ad42ef0c7fee1
reset:0 addra:268 cmacReg:624b1078117b8b97717eb8bc487b9f95 cIn:xxxxxxxxxxxxxxxxxxxxxxxxxxxxxxxx cmacIn:9881b316bc72f21f8c0ad42ef0c7fee1
reset:0 addra:268 cmacReg:624b1078117b8b97717eb8bc487b9f95 cIn:xxxxxxxxxxxxxxxxxxxxxxxxxxxxxxxx cmacIn:9881b316bc72f21f8c0ad42ef0c7fee1
reset:0 addra:268 cmacReg:624b1078117b8b97717eb8bc487b9f95 cIn:xxxxxxxxxxxxxxxxxxxxxxxxxxxxxxxx cmacIn:9881b316bc72f21f8c0ad42ef0c7fee1
reset:0 addra:268 cmacReg:624b1078117b8b97717eb8bc487b9f95 cIn:xxxxxxxxxxxxxxxxxxxxxxxxxxxxxxxx cmacIn:9881b316bc72f21f8c0ad42ef0c7fee1
reset:0 addra:268 cmacReg:624b1078117b8b97717eb8bc487b9f95 cIn:xxxxxxxxxxxxxxxxxxxxxxxxxxxxxxxx cmacIn:9881b316bc72f21f8c0ad42ef0c7fee1
reset:0 addra:268 cmacReg:624b1078117b8b97717eb8bc487b9f95 cIn:xxxxxxxxxxxxxxxxxxxxxxxxxxxxxxxx cmacIn:9881b316bc72f21f8c0ad42ef0c7fee1
reset:0 addra:268 cmacReg:624b1078117b8b97717eb8bc487b9f95 cIn:xxxxxxxxxxxxxxxxxxxxxxxxxxxxxxxx cmacIn:9881b316bc72f21f8c0ad42ef0c7fee1
reset:0 addra:268 cmacReg:624b1078117b8b97717eb8bc487b9f95 cIn:xxxxxxxxxxxxxxxxxxxxxxxxxxxxxxxx cmacIn:9881b316bc72f21f8c0ad42ef0c7fee1
reset:0 addra:268 cmacReg:624b1078117b8b97717eb8bc487b9f95 cIn:xxxxxxxxxxxxxxxxxxxxxxxxxxxxxxxx cmacIn:9881b316bc72f21f8c0ad42ef0c7fee1
reset:0 addra:268 cmacReg:624b1078117b8b97717eb8bc487b9f95 cIn:xxxxxxxxxxxxxxxxxxxxxxxxxxxxxxxx cmacIn:9881b316bc72f21f8c0ad42ef0c7fee1
reset:0 addra:268 cmacReg:624b1078117b8b97717eb8bc487b9f95 cIn:xxxxxxxxxxxxxxxxxxxxxxxxxxxxxxxx cmacIn:9881b316bc72f21f8c0ad42ef0c7fee1
reset:0 addra:268 cmacReg:624b1078117b8b97717eb8bc487b9f95 cIn:xxxxxxxxxxxxxxxxxxxxxxxxxxxxxxxx cmacIn:9881b316bc72f21f8c0ad42ef0c7fee1
reset:0 addra:268 cmacReg:624b1078117b8b97717eb8bc487b9f95 cIn:xxxxxxxxxxxxxxxxxxxxxxxxxxxxxxxx cmacIn:9881b316bc72f21f8c0ad42ef0c7fee1
reset:0 addra:268 cmacReg:624b1078117b8b97717eb8bc487b9f95 cIn:xxxxxxxxxxxxxxxxxxxxxxxxxxxxxxxx cmacIn:9881b316bc72f21f8c0ad42ef0c7fee1
reset:0 addra:268 cmacReg:624b1078117b8b97717eb8bc487b9f95 cIn:xxxxxxxxxxxxxxxxxxxxxxxxxxxxxxxx cmacIn:9881b316bc72f21f8c0ad42ef0c7fee1
reset:0 addra:268 cmacReg:624b1078117b8b97717eb8bc487b9f95 cIn:xxxxxxxxxxxxxxxxxxxxxxxxxxxxxxxx cmacIn:9881b316bc72f21f8c0ad42ef0c7fee1
reset:0 addra:268 cmacReg:624b1078117b8b97717eb8bc487b9f95 cIn:xxxxxxxxxxxxxxxxxxxxxxxxxxxxxxxx cmacIn:9881b316bc72f21f8c0ad42ef0c7fee1
reset:0 addra:268 cmacReg:624b1078117b8b97717eb8bc487b9f95 cIn:xxxxxxxxxxxxxxxxxxxxxxxxxxxxxxxx cmacIn:9881b316bc72f21f8c0ad42ef0c7fee1
reset:0 addra:268 cmacReg:624b1078117b8b97717eb8bc487b9f95 cIn:xxxxxxxxxxxxxxxxxxxxxxxxxxxxxxxx cmacIn:9881b316bc72f21f8c0ad42ef0c7fee1
reset:0 addra:268 cmacReg:624b1078117b8b97717eb8bc487b9f95 cIn:xxxxxxxxxxxxxxxxxxxxxxxxxxxxxxxx cmacIn:9881b316bc72f21f8c0ad42ef0c7fee1
reset:0 addra:268 cmacReg:624b1078117b8b97717eb8bc487b9f95 cIn:xxxxxxxxxxxxxxxxxxxxxxxxxxxxxxxx cmacIn:9881b316bc72f21f8c0ad42ef0c7fee1
reset:0 addra:268 cmacReg:624b1078117b8b97717eb8bc487b9f95 cIn:xxxxxxxxxxxxxxxxxxxxxxxxxxxxxxxx cmacIn:9881b316bc72f21f8c0ad42ef0c7fee1
reset:0 addra:268 cmacReg:624b1078117b8b97717eb8bc487b9f95 cIn:xxxxxxxxxxxxxxxxxxxxxxxxxxxxxxxx cmacIn:9881b316bc72f21f8c0ad42ef0c7fee1
reset:0 addra:268 cmacReg:624b1078117b8b97717eb8bc487b9f95 cIn:xxxxxxxxxxxxxxxxxxxxxxxxxxxxxxxx cmacIn:9881b316bc72f21f8c0ad42ef0c7fee1
reset:0 addra:268 cmacReg:624b1078117b8b97717eb8bc487b9f95 cIn:xxxxxxxxxxxxxxxxxxxxxxxxxxxxxxxx cmacIn:9881b316bc72f21f8c0ad42ef0c7fee1
reset:0 addra:268 cmacReg:624b1078117b8b97717eb8bc487b9f95 cIn:xxxxxxxxxxxxxxxxxxxxxxxxxxxxxxxx cmacIn:9881b316bc72f21f8c0ad42ef0c7fee1
reset:0 addra:268 cmacReg:624b1078117b8b97717eb8bc487b9f95 cIn:xxxxxxxxxxxxxxxxxxxxxxxxxxxxxxxx cmacIn:9881b316bc72f21f8c0ad42ef0c7fee1
reset:0 addra:268 cmacReg:624b1078117b8b97717eb8bc487b9f95 cIn:xxxxxxxxxxxxxxxxxxxxxxxxxxxxxxxx cmacIn:9881b316bc72f21f8c0ad42ef0c7fee1
reset:0 addra:268 cmacReg:624b1078117b8b97717eb8bc487b9f95 cIn:xxxxxxxxxxxxxxxxxxxxxxxxxxxxxxxx cmacIn:9881b316bc72f21f8c0ad42ef0c7fee1
reset:0 addra:268 cmacReg:624b1078117b8b97717eb8bc487b9f95 cIn:xxxxxxxxxxxxxxxxxxxxxxxxxxxxxxxx cmacIn:9881b316bc72f21f8c0ad42ef0c7fee1
reset:0 addra:268 cmacReg:624b1078117b8b97717eb8bc487b9f95 cIn:xxxxxxxxxxxxxxxxxxxxxxxxxxxxxxxx cmacIn:9881b316bc72f21f8c0ad42ef0c7fee1
reset:0 addra:268 cmacReg:624b1078117b8b97717eb8bc487b9f95 cIn:xxxxxxxxxxxxxxxxxxxxxxxxxxxxxxxx cmacIn:9881b316bc72f21f8c0ad42ef0c7fee1
reset:0 addra:268 cmacReg:624b1078117b8b97717eb8bc487b9f95 cIn:xxxxxxxxxxxxxxxxxxxxxxxxxxxxxxxx cmacIn:9881b316bc72f21f8c0ad42ef0c7fee1
reset:0 addra:268 cmacReg:624b1078117b8b97717eb8bc487b9f95 cIn:xxxxxxxxxxxxxxxxxxxxxxxxxxxxxxxx cmacIn:9881b316bc72f21f8c0ad42ef0c7fee1
reset:0 addra:268 cmacReg:624b1078117b8b97717eb8bc487b9f95 cIn:xxxxxxxxxxxxxxxxxxxxxxxxxxxxxxxx cmacIn:9881b316bc72f21f8c0ad42ef0c7fee1
reset:0 addra:268 cmacReg:624b1078117b8b97717eb8bc487b9f95 cIn:xxxxxxxxxxxxxxxxxxxxxxxxxxxxxxxx cmacIn:9881b316bc72f21f8c0ad42ef0c7fee1
reset:0 addra:268 cmacReg:624b1078117b8b97717eb8bc487b9f95 cIn:xxxxxxxxxxxxxxxxxxxxxxxxxxxxxxxx cmacIn:9881b316bc72f21f8c0ad42ef0c7fee1
reset:0 addra:268 cmacReg:624b1078117b8b97717eb8bc487b9f95 cIn:xxxxxxxxxxxxxxxxxxxxxxxxxxxxxxxx cmacIn:9881b316bc72f21f8c0ad42ef0c7fee1
reset:0 addra:268 cmacReg:624b1078117b8b97717eb8bc487b9f95 cIn:xxxxxxxxxxxxxxxxxxxxxxxxxxxxxxxx cmacIn:9881b316bc72f21f8c0ad42ef0c7fee1
reset:0 addra:268 cmacReg:624b1078117b8b97717eb8bc487b9f95 cIn:xxxxxxxxxxxxxxxxxxxxxxxxxxxxxxxx cmacIn:9881b316bc72f21f8c0ad42ef0c7fee1
reset:0 addra:268 cmacReg:624b1078117b8b97717eb8bc487b9f95 cIn:xxxxxxxxxxxxxxxxxxxxxxxxxxxxxxxx cmacIn:9881b316bc72f21f8c0ad42ef0c7fee1
reset:0 addra:268 cmacReg:624b1078117b8b97717eb8bc487b9f95 cIn:xxxxxxxxxxxxxxxxxxxxxxxxxxxxxxxx cmacIn:9881b316bc72f21f8c0ad42ef0c7fee1
reset:0 addra:268 cmacReg:624b1078117b8b97717eb8bc487b9f95 cIn:xxxxxxxxxxxxxxxxxxxxxxxxxxxxxxxx cmacIn:9881b316bc72f21f8c0ad42ef0c7fee1
reset:0 addra:268 cmacReg:624b1078117b8b97717eb8bc487b9f95 cIn:xxxxxxxxxxxxxxxxxxxxxxxxxxxxxxxx cmacIn:9881b316bc72f21f8c0ad42ef0c7fee1
reset:0 addra:268 cmacReg:624b1078117b8b97717eb8bc487b9f95 cIn:xxxxxxxxxxxxxxxxxxxxxxxxxxxxxxxx cmacIn:9881b316bc72f21f8c0ad42ef0c7fee1
reset:0 addra:268 cmacReg:624b1078117b8b97717eb8bc487b9f95 cIn:xxxxxxxxxxxxxxxxxxxxxxxxxxxxxxxx cmacIn:9881b316bc72f21f8c0ad42ef0c7fee1
reset:0 addra:268 cmacReg:624b1078117b8b97717eb8bc487b9f95 cIn:xxxxxxxxxxxxxxxxxxxxxxxxxxxxxxxx cmacIn:9881b316bc72f21f8c0ad42ef0c7fee1
reset:0 addra:268 cmacReg:624b1078117b8b97717eb8bc487b9f95 cIn:xxxxxxxxxxxxxxxxxxxxxxxxxxxxxxxx cmacIn:9881b316bc72f21f8c0ad42ef0c7fee1
reset:0 addra:268 cmacReg:624b1078117b8b97717eb8bc487b9f95 cIn:xxxxxxxxxxxxxxxxxxxxxxxxxxxxxxxx cmacIn:9881b316bc72f21f8c0ad42ef0c7fee1
reset:0 addra:268 cmacReg:624b1078117b8b97717eb8bc487b9f95 cIn:xxxxxxxxxxxxxxxxxxxxxxxxxxxxxxxx cmacIn:9881b316bc72f21f8c0ad42ef0c7fee1
reset:0 addra:268 cmacReg:624b1078117b8b97717eb8bc487b9f95 cIn:xxxxxxxxxxxxxxxxxxxxxxxxxxxxxxxx cmacIn:9881b316bc72f21f8c0ad42ef0c7fee1
reset:0 addra:268 cmacReg:624b1078117b8b97717eb8bc487b9f95 cIn:xxxxxxxxxxxxxxxxxxxxxxxxxxxxxxxx cmacIn:9881b316bc72f21f8c0ad42ef0c7fee1
reset:0 addra:268 cmacReg:624b1078117b8b97717eb8bc487b9f95 cIn:xxxxxxxxxxxxxxxxxxxxxxxxxxxxxxxx cmacIn:9881b316bc72f21f8c0ad42ef0c7fee1
reset:0 addra:268 cmacReg:624b1078117b8b97717eb8bc487b9f95 cIn:xxxxxxxxxxxxxxxxxxxxxxxxxxxxxxxx cmacIn:9881b316bc72f21f8c0ad42ef0c7fee1
reset:0 addra:268 cmacReg:624b1078117b8b97717eb8bc487b9f95 cIn:xxxxxxxxxxxxxxxxxxxxxxxxxxxxxxxx cmacIn:9881b316bc72f21f8c0ad42ef0c7fee1
reset:0 addra:268 cmacReg:624b1078117b8b97717eb8bc487b9f95 cIn:xxxxxxxxxxxxxxxxxxxxxxxxxxxxxxxx cmacIn:9881b316bc72f21f8c0ad42ef0c7fee1
reset:0 addra:268 cmacReg:624b1078117b8b97717eb8bc487b9f95 cIn:xxxxxxxxxxxxxxxxxxxxxxxxxxxxxxxx cmacIn:9881b316bc72f21f8c0ad42ef0c7fee1
reset:0 addra:268 cmacReg:624b1078117b8b97717eb8bc487b9f95 cIn:xxxxxxxxxxxxxxxxxxxxxxxxxxxxxxxx cmacIn:9881b316bc72f21f8c0ad42ef0c7fee1
reset:0 addra:268 cmacReg:624b1078117b8b97717eb8bc487b9f95 cIn:xxxxxxxxxxxxxxxxxxxxxxxxxxxxxxxx cmacIn:9881b316bc72f21f8c0ad42ef0c7fee1
reset:0 addra:268 cmacReg:624b1078117b8b97717eb8bc487b9f95 cIn:xxxxxxxxxxxxxxxxxxxxxxxxxxxxxxxx cmacIn:9881b316bc72f21f8c0ad42ef0c7fee1
reset:0 addra:268 cmacReg:624b1078117b8b97717eb8bc487b9f95 cIn:xxxxxxxxxxxxxxxxxxxxxxxxxxxxxxxx cmacIn:9881b316bc72f21f8c0ad42ef0c7fee1
reset:0 addra:268 cmacReg:624b1078117b8b97717eb8bc487b9f95 cIn:xxxxxxxxxxxxxxxxxxxxxxxxxxxxxxxx cmacIn:9881b316bc72f21f8c0ad42ef0c7fee1
reset:0 addra:268 cmacReg:624b1078117b8b97717eb8bc487b9f95 cIn:xxxxxxxxxxxxxxxxxxxxxxxxxxxxxxxx cmacIn:9881b316bc72f21f8c0ad42ef0c7fee1
reset:0 addra:268 cmacReg:624b1078117b8b97717eb8bc487b9f95 cIn:xxxxxxxxxxxxxxxxxxxxxxxxxxxxxxxx cmacIn:9881b316bc72f21f8c0ad42ef0c7fee1
reset:0 addra:268 cmacReg:624b1078117b8b97717eb8bc487b9f95 cIn:xxxxxxxxxxxxxxxxxxxxxxxxxxxxxxxx cmacIn:9881b316bc72f21f8c0ad42ef0c7fee1
reset:0 addra:268 cmacReg:624b1078117b8b97717eb8bc487b9f95 cIn:xxxxxxxxxxxxxxxxxxxxxxxxxxxxxxxx cmacIn:9881b316bc72f21f8c0ad42ef0c7fee1
reset:0 addra:268 cmacReg:624b1078117b8b97717eb8bc487b9f95 cIn:xxxxxxxxxxxxxxxxxxxxxxxxxxxxxxxx cmacIn:9881b316bc72f21f8c0ad42ef0c7fee1
reset:0 addra:268 cmacReg:624b1078117b8b97717eb8bc487b9f95 cIn:xxxxxxxxxxxxxxxxxxxxxxxxxxxxxxxx cmacIn:9881b316bc72f21f8c0ad42ef0c7fee1
reset:0 addra:268 cmacReg:624b1078117b8b97717eb8bc487b9f95 cIn:xxxxxxxxxxxxxxxxxxxxxxxxxxxxxxxx cmacIn:9881b316bc72f21f8c0ad42ef0c7fee1
reset:0 addra:268 cmacReg:624b1078117b8b97717eb8bc487b9f95 cIn:xxxxxxxxxxxxxxxxxxxxxxxxxxxxxxxx cmacIn:9881b316bc72f21f8c0ad42ef0c7fee1
reset:0 addra:268 cmacReg:624b1078117b8b97717eb8bc487b9f95 cIn:xxxxxxxxxxxxxxxxxxxxxxxxxxxxxxxx cmacIn:9881b316bc72f21f8c0ad42ef0c7fee1
reset:0 addra:268 cmacReg:624b1078117b8b97717eb8bc487b9f95 cIn:xxxxxxxxxxxxxxxxxxxxxxxxxxxxxxxx cmacIn:9881b316bc72f21f8c0ad42ef0c7fee1
reset:0 addra:268 cmacReg:624b1078117b8b97717eb8bc487b9f95 cIn:xxxxxxxxxxxxxxxxxxxxxxxxxxxxxxxx cmacIn:9881b316bc72f21f8c0ad42ef0c7fee1
reset:0 addra:268 cmacReg:624b1078117b8b97717eb8bc487b9f95 cIn:xxxxxxxxxxxxxxxxxxxxxxxxxxxxxxxx cmacIn:9881b316bc72f21f8c0ad42ef0c7fee1
reset:0 addra:268 cmacReg:624b1078117b8b97717eb8bc487b9f95 cIn:xxxxxxxxxxxxxxxxxxxxxxxxxxxxxxxx cmacIn:9881b316bc72f21f8c0ad42ef0c7fee1
reset:0 addra:268 cmacReg:624b1078117b8b97717eb8bc487b9f95 cIn:xxxxxxxxxxxxxxxxxxxxxxxxxxxxxxxx cmacIn:9881b316bc72f21f8c0ad42ef0c7fee1
reset:0 addra:268 cmacReg:624b1078117b8b97717eb8bc487b9f95 cIn:xxxxxxxxxxxxxxxxxxxxxxxxxxxxxxxx cmacIn:9881b316bc72f21f8c0ad42ef0c7fee1
reset:0 addra:268 cmacReg:624b1078117b8b97717eb8bc487b9f95 cIn:xxxxxxxxxxxxxxxxxxxxxxxxxxxxxxxx cmacIn:9881b316bc72f21f8c0ad42ef0c7fee1
reset:0 addra:268 cmacReg:624b1078117b8b97717eb8bc487b9f95 cIn:xxxxxxxxxxxxxxxxxxxxxxxxxxxxxxxx cmacIn:9881b316bc72f21f8c0ad42ef0c7fee1
reset:0 addra:268 cmacReg:624b1078117b8b97717eb8bc487b9f95 cIn:xxxxxxxxxxxxxxxxxxxxxxxxxxxxxxxx cmacIn:9881b316bc72f21f8c0ad42ef0c7fee1
reset:0 addra:268 cmacReg:624b1078117b8b97717eb8bc487b9f95 cIn:xxxxxxxxxxxxxxxxxxxxxxxxxxxxxxxx cmacIn:9881b316bc72f21f8c0ad42ef0c7fee1
reset:0 addra:268 cmacReg:624b1078117b8b97717eb8bc487b9f95 cIn:xxxxxxxxxxxxxxxxxxxxxxxxxxxxxxxx cmacIn:9881b316bc72f21f8c0ad42ef0c7fee1
reset:0 addra:268 cmacReg:624b1078117b8b97717eb8bc487b9f95 cIn:xxxxxxxxxxxxxxxxxxxxxxxxxxxxxxxx cmacIn:9881b316bc72f21f8c0ad42ef0c7fee1
reset:0 addra:268 cmacReg:624b1078117b8b97717eb8bc487b9f95 cIn:xxxxxxxxxxxxxxxxxxxxxxxxxxxxxxxx cmacIn:9881b316bc72f21f8c0ad42ef0c7fee1
reset:0 addra:268 cmacReg:624b1078117b8b97717eb8bc487b9f95 cIn:xxxxxxxxxxxxxxxxxxxxxxxxxxxxxxxx cmacIn:9881b316bc72f21f8c0ad42ef0c7fee1
reset:0 addra:268 cmacReg:624b1078117b8b97717eb8bc487b9f95 cIn:xxxxxxxxxxxxxxxxxxxxxxxxxxxxxxxx cmacIn:9881b316bc72f21f8c0ad42ef0c7fee1
reset:0 addra:268 cmacReg:624b1078117b8b97717eb8bc487b9f95 cIn:xxxxxxxxxxxxxxxxxxxxxxxxxxxxxxxx cmacIn:9881b316bc72f21f8c0ad42ef0c7fee1
reset:0 addra:268 cmacReg:624b1078117b8b97717eb8bc487b9f95 cIn:xxxxxxxxxxxxxxxxxxxxxxxxxxxxxxxx cmacIn:9881b316bc72f21f8c0ad42ef0c7fee1
reset:0 addra:268 cmacReg:624b1078117b8b97717eb8bc487b9f95 cIn:xxxxxxxxxxxxxxxxxxxxxxxxxxxxxxxx cmacIn:9881b316bc72f21f8c0ad42ef0c7fee1
reset:0 addra:268 cmacReg:624b1078117b8b97717eb8bc487b9f95 cIn:xxxxxxxxxxxxxxxxxxxxxxxxxxxxxxxx cmacIn:9881b316bc72f21f8c0ad42ef0c7fee1
reset:0 addra:268 cmacReg:624b1078117b8b97717eb8bc487b9f95 cIn:xxxxxxxxxxxxxxxxxxxxxxxxxxxxxxxx cmacIn:9881b316bc72f21f8c0ad42ef0c7fee1
reset:0 addra:268 cmacReg:624b1078117b8b97717eb8bc487b9f95 cIn:xxxxxxxxxxxxxxxxxxxxxxxxxxxxxxxx cmacIn:9881b316bc72f21f8c0ad42ef0c7fee1
reset:0 addra:268 cmacReg:624b1078117b8b97717eb8bc487b9f95 cIn:xxxxxxxxxxxxxxxxxxxxxxxxxxxxxxxx cmacIn:9881b316bc72f21f8c0ad42ef0c7fee1
reset:0 addra:268 cmacReg:624b1078117b8b97717eb8bc487b9f95 cIn:xxxxxxxxxxxxxxxxxxxxxxxxxxxxxxxx cmacIn:9881b316bc72f21f8c0ad42ef0c7fee1
reset:0 addra:268 cmacReg:624b1078117b8b97717eb8bc487b9f95 cIn:xxxxxxxxxxxxxxxxxxxxxxxxxxxxxxxx cmacIn:9881b316bc72f21f8c0ad42ef0c7fee1
reset:0 addra:268 cmacReg:624b1078117b8b97717eb8bc487b9f95 cIn:xxxxxxxxxxxxxxxxxxxxxxxxxxxxxxxx cmacIn:9881b316bc72f21f8c0ad42ef0c7fee1
reset:0 addra:268 cmacReg:624b1078117b8b97717eb8bc487b9f95 cIn:xxxxxxxxxxxxxxxxxxxxxxxxxxxxxxxx cmacIn:9881b316bc72f21f8c0ad42ef0c7fee1
reset:0 addra:268 cmacReg:624b1078117b8b97717eb8bc487b9f95 cIn:xxxxxxxxxxxxxxxxxxxxxxxxxxxxxxxx cmacIn:9881b316bc72f21f8c0ad42ef0c7fee1
reset:0 addra:268 cmacReg:624b1078117b8b97717eb8bc487b9f95 cIn:xxxxxxxxxxxxxxxxxxxxxxxxxxxxxxxx cmacIn:9881b316bc72f21f8c0ad42ef0c7fee1
reset:0 addra:268 cmacReg:624b1078117b8b97717eb8bc487b9f95 cIn:xxxxxxxxxxxxxxxxxxxxxxxxxxxxxxxx cmacIn:9881b316bc72f21f8c0ad42ef0c7fee1
reset:0 addra:268 cmacReg:624b1078117b8b97717eb8bc487b9f95 cIn:xxxxxxxxxxxxxxxxxxxxxxxxxxxxxxxx cmacIn:9881b316bc72f21f8c0ad42ef0c7fee1
reset:0 addra:268 cmacReg:624b1078117b8b97717eb8bc487b9f95 cIn:xxxxxxxxxxxxxxxxxxxxxxxxxxxxxxxx cmacIn:9881b316bc72f21f8c0ad42ef0c7fee1
reset:0 addra:268 cmacReg:624b1078117b8b97717eb8bc487b9f95 cIn:xxxxxxxxxxxxxxxxxxxxxxxxxxxxxxxx cmacIn:9881b316bc72f21f8c0ad42ef0c7fee1
reset:0 addra:268 cmacReg:624b1078117b8b97717eb8bc487b9f95 cIn:xxxxxxxxxxxxxxxxxxxxxxxxxxxxxxxx cmacIn:9881b316bc72f21f8c0ad42ef0c7fee1
reset:0 addra:268 cmacReg:624b1078117b8b97717eb8bc487b9f95 cIn:xxxxxxxxxxxxxxxxxxxxxxxxxxxxxxxx cmacIn:9881b316bc72f21f8c0ad42ef0c7fee1
reset:0 addra:268 cmacReg:624b1078117b8b97717eb8bc487b9f95 cIn:xxxxxxxxxxxxxxxxxxxxxxxxxxxxxxxx cmacIn:9881b316bc72f21f8c0ad42ef0c7fee1
reset:0 addra:268 cmacReg:624b1078117b8b97717eb8bc487b9f95 cIn:xxxxxxxxxxxxxxxxxxxxxxxxxxxxxxxx cmacIn:9881b316bc72f21f8c0ad42ef0c7fee1
reset:0 addra:268 cmacReg:624b1078117b8b97717eb8bc487b9f95 cIn:xxxxxxxxxxxxxxxxxxxxxxxxxxxxxxxx cmacIn:9881b316bc72f21f8c0ad42ef0c7fee1
reset:0 addra:268 cmacReg:624b1078117b8b97717eb8bc487b9f95 cIn:xxxxxxxxxxxxxxxxxxxxxxxxxxxxxxxx cmacIn:9881b316bc72f21f8c0ad42ef0c7fee1
reset:0 addra:268 cmacReg:624b1078117b8b97717eb8bc487b9f95 cIn:xxxxxxxxxxxxxxxxxxxxxxxxxxxxxxxx cmacIn:9881b316bc72f21f8c0ad42ef0c7fee1
reset:0 addra:268 cmacReg:624b1078117b8b97717eb8bc487b9f95 cIn:xxxxxxxxxxxxxxxxxxxxxxxxxxxxxxxx cmacIn:9881b316bc72f21f8c0ad42ef0c7fee1
reset:0 addra:268 cmacReg:624b1078117b8b97717eb8bc487b9f95 cIn:xxxxxxxxxxxxxxxxxxxxxxxxxxxxxxxx cmacIn:9881b316bc72f21f8c0ad42ef0c7fee1
reset:0 addra:268 cmacReg:624b1078117b8b97717eb8bc487b9f95 cIn:xxxxxxxxxxxxxxxxxxxxxxxxxxxxxxxx cmacIn:9881b316bc72f21f8c0ad42ef0c7fee1
reset:0 addra:268 cmacReg:624b1078117b8b97717eb8bc487b9f95 cIn:xxxxxxxxxxxxxxxxxxxxxxxxxxxxxxxx cmacIn:9881b316bc72f21f8c0ad42ef0c7fee1
reset:0 addra:268 cmacReg:624b1078117b8b97717eb8bc487b9f95 cIn:xxxxxxxxxxxxxxxxxxxxxxxxxxxxxxxx cmacIn:9881b316bc72f21f8c0ad42ef0c7fee1
reset:0 addra:268 cmacReg:624b1078117b8b97717eb8bc487b9f95 cIn:xxxxxxxxxxxxxxxxxxxxxxxxxxxxxxxx cmacIn:9881b316bc72f21f8c0ad42ef0c7fee1
reset:0 addra:268 cmacReg:624b1078117b8b97717eb8bc487b9f95 cIn:xxxxxxxxxxxxxxxxxxxxxxxxxxxxxxxx cmacIn:9881b316bc72f21f8c0ad42ef0c7fee1
reset:0 addra:268 cmacReg:624b1078117b8b97717eb8bc487b9f95 cIn:xxxxxxxxxxxxxxxxxxxxxxxxxxxxxxxx cmacIn:9881b316bc72f21f8c0ad42ef0c7fee1
reset:0 addra:268 cmacReg:624b1078117b8b97717eb8bc487b9f95 cIn:xxxxxxxxxxxxxxxxxxxxxxxxxxxxxxxx cmacIn:9881b316bc72f21f8c0ad42ef0c7fee1
reset:0 addra:268 cmacReg:624b1078117b8b97717eb8bc487b9f95 cIn:xxxxxxxxxxxxxxxxxxxxxxxxxxxxxxxx cmacIn:9881b316bc72f21f8c0ad42ef0c7fee1
reset:0 addra:268 cmacReg:624b1078117b8b97717eb8bc487b9f95 cIn:xxxxxxxxxxxxxxxxxxxxxxxxxxxxxxxx cmacIn:9881b316bc72f21f8c0ad42ef0c7fee1
reset:0 addra:268 cmacReg:624b1078117b8b97717eb8bc487b9f95 cIn:xxxxxxxxxxxxxxxxxxxxxxxxxxxxxxxx cmacIn:9881b316bc72f21f8c0ad42ef0c7fee1
reset:0 addra:268 cmacReg:624b1078117b8b97717eb8bc487b9f95 cIn:xxxxxxxxxxxxxxxxxxxxxxxxxxxxxxxx cmacIn:9881b316bc72f21f8c0ad42ef0c7fee1
reset:0 addra:268 cmacReg:624b1078117b8b97717eb8bc487b9f95 cIn:xxxxxxxxxxxxxxxxxxxxxxxxxxxxxxxx cmacIn:9881b316bc72f21f8c0ad42ef0c7fee1
reset:0 addra:268 cmacReg:624b1078117b8b97717eb8bc487b9f95 cIn:xxxxxxxxxxxxxxxxxxxxxxxxxxxxxxxx cmacIn:9881b316bc72f21f8c0ad42ef0c7fee1
reset:0 addra:268 cmacReg:624b1078117b8b97717eb8bc487b9f95 cIn:xxxxxxxxxxxxxxxxxxxxxxxxxxxxxxxx cmacIn:9881b316bc72f21f8c0ad42ef0c7fee1
reset:0 addra:268 cmacReg:624b1078117b8b97717eb8bc487b9f95 cIn:xxxxxxxxxxxxxxxxxxxxxxxxxxxxxxxx cmacIn:9881b316bc72f21f8c0ad42ef0c7fee1
reset:0 addra:268 cmacReg:624b1078117b8b97717eb8bc487b9f95 cIn:xxxxxxxxxxxxxxxxxxxxxxxxxxxxxxxx cmacIn:9881b316bc72f21f8c0ad42ef0c7fee1
reset:0 addra:268 cmacReg:624b1078117b8b97717eb8bc487b9f95 cIn:xxxxxxxxxxxxxxxxxxxxxxxxxxxxxxxx cmacIn:9881b316bc72f21f8c0ad42ef0c7fee1
reset:0 addra:268 cmacReg:624b1078117b8b97717eb8bc487b9f95 cIn:xxxxxxxxxxxxxxxxxxxxxxxxxxxxxxxx cmacIn:9881b316bc72f21f8c0ad42ef0c7fee1
reset:0 addra:268 cmacReg:624b1078117b8b97717eb8bc487b9f95 cIn:xxxxxxxxxxxxxxxxxxxxxxxxxxxxxxxx cmacIn:9881b316bc72f21f8c0ad42ef0c7fee1
reset:0 addra:268 cmacReg:624b1078117b8b97717eb8bc487b9f95 cIn:xxxxxxxxxxxxxxxxxxxxxxxxxxxxxxxx cmacIn:9881b316bc72f21f8c0ad42ef0c7fee1
reset:0 addra:268 cmacReg:624b1078117b8b97717eb8bc487b9f95 cIn:xxxxxxxxxxxxxxxxxxxxxxxxxxxxxxxx cmacIn:9881b316bc72f21f8c0ad42ef0c7fee1
reset:0 addra:268 cmacReg:624b1078117b8b97717eb8bc487b9f95 cIn:xxxxxxxxxxxxxxxxxxxxxxxxxxxxxxxx cmacIn:9881b316bc72f21f8c0ad42ef0c7fee1
reset:0 addra:268 cmacReg:624b1078117b8b97717eb8bc487b9f95 cIn:xxxxxxxxxxxxxxxxxxxxxxxxxxxxxxxx cmacIn:9881b316bc72f21f8c0ad42ef0c7fee1
reset:0 addra:268 cmacReg:624b1078117b8b97717eb8bc487b9f95 cIn:xxxxxxxxxxxxxxxxxxxxxxxxxxxxxxxx cmacIn:9881b316bc72f21f8c0ad42ef0c7fee1
