
****** Vivado v2023.1 (64-bit)
  **** SW Build 3865809 on Sun May  7 15:04:56 MDT 2023
  **** IP Build 3864474 on Sun May  7 20:36:21 MDT 2023
  **** SharedData Build 3865790 on Sun May 07 13:33:03 MDT 2023
    ** Copyright 1986-2022 Xilinx, Inc. All Rights Reserved.
    ** Copyright 2022-2023 Advanced Micro Devices, Inc. All Rights Reserved.

source /home/dell/Desktop/FPGA/VivadoProjects/FPGA_project/AES/AES.runs/impl_1/.Xil/Vivado-12212-dell-Inspiron-5415/dc_drv.0/dc/debug_ip_core.tcl
# set_param runs.launchOptions { -jobs 10  }
# set_param project.singleFileAddWarning.threshold 0
# set_param synth.enableIncremental 0
# set_param chipscope.maxJobs 3
# set_param chipscope.flow 0
# set_param ips.addSpecialDataToCacheID 0
# set script_paths /home/dell/Desktop/FPGA/VivadoProjects/FPGA_project/AES/AES.runs/impl_1/.Xil/Vivado-12212-dell-Inspiron-5415/dbg_hub_CV.0/out/get_cs_ip.tcl
# foreach script_path $script_paths { 
#     source $script_path
#     lappend debug_ip_vlnv $ip_vlnv 
#     lappend debug_ip_module_name $ip_module_name
#     lappend debug_params $params
#     lappend debug_intf_params $intf_params
#     lappend debug_connectivity $connectivity
#     lappend debug_output_xci $output_xci
#     lappend debug_output_dcp $output_dcp
#     lappend debug_output_dir $output_dir
#     lappend debug_synth_opts $synth_opts
#     lappend debug_xdc_files $xdc_files
# }
## set_param runs.launchOptions { -jobs 10  }
## set_param project.singleFileAddWarning.threshold 0
## set_param synth.enableIncremental 0
## set_param chipscope.maxJobs 3
## set_param chipscope.flow 0
## set part xc7z020clg484-1
## set board_part_repo_paths {/home/dell/.Xilinx/Vivado/2023.1/xhub/board_store/xilinx_board_store}
## set board_part avnet.com:zedboard:part0:1.4
## set board_connections {}
## set tool_flow Vivado
## set ip_vlnv xilinx.com:ip:xsdbm:3.0
## set ip_module_name dbg_hub
## set params {{{PARAM_VALUE.C_BSCAN_MODE} {false} {PARAM_VALUE.C_BSCAN_MODE_WITH_CORE} {false} {PARAM_VALUE.C_CLK_INPUT_FREQ_HZ} {300000000} {PARAM_VALUE.C_ENABLE_CLK_DIVIDER} {false} {PARAM_VALUE.C_EN_BSCANID_VEC} {false} {PARAM_VALUE.C_NUM_BSCAN_MASTER_PORTS} {0} {PARAM_VALUE.C_TWO_PRIM_MODE} {false} {PARAM_VALUE.C_USER_SCAN_CHAIN} {1} {PARAM_VALUE.C_USE_EXT_BSCAN} {false} {PARAM_VALUE.C_XSDB_NUM_SLAVES} {2}}}
## set intf_params {}
## set connectivity {}
## set output_xci /home/dell/Desktop/FPGA/VivadoProjects/FPGA_project/AES/AES.runs/impl_1/.Xil/Vivado-12212-dell-Inspiron-5415/dbg_hub_CV.0/out/result.xci
## set output_dcp /home/dell/Desktop/FPGA/VivadoProjects/FPGA_project/AES/AES.runs/impl_1/.Xil/Vivado-12212-dell-Inspiron-5415/dbg_hub_CV.0/out/result.dcp
## set output_dir /home/dell/Desktop/FPGA/VivadoProjects/FPGA_project/AES/AES.runs/impl_1/.Xil/Vivado-12212-dell-Inspiron-5415/dbg_hub_CV.0/out
## set ip_repo_paths {}
## set ip_output_repo /home/dell/Desktop/FPGA/VivadoProjects/FPGA_project/AES/AES.cache/ip
## set ip_cache_permissions {read write}
## set oopbus_ip_repo_paths [get_param chipscope.oopbus_ip_repo_paths]
## set synth_opts {}
## set xdc_files {}
# set debug_ip_repo_paths $ip_repo_paths
# set debug_ip_output_repo $ip_output_repo
# set debug_ip_cache_permissions $ip_cache_permissions
# set debug_oopbus_ip_repo_paths [get_param chipscope.oopbus_ip_repo_paths]
# set ordering_constrs 1
# set jobs 3
# source {/tools/Xilinx/Vivado/2023.1/scripts/ip/ipxchipscope.tcl}
create_project: Time (s): cpu = 00:00:08 ; elapsed = 00:00:09 . Memory (MB): peak = 1340.281 ; gain = 0.023 ; free physical = 263 ; free virtual = 982
INFO: [IP_Flow 19-234] Refreshing IP repositories
INFO: [IP_Flow 19-1704] No user IP repositories specified
INFO: [IP_Flow 19-2313] Loaded Vivado IP repository '/tools/Xilinx/Vivado/2023.1/data/ip'.
IP SYNTH XDC FILES = 
Current synth_xdc_files = 
DBG: creating temporary IP: dbg_hub
INFO: [Device 21-403] Loading part xc7z020clg484-1
create_ip: Time (s): cpu = 00:00:04 ; elapsed = 00:00:05 . Memory (MB): peak = 1753.688 ; gain = 413.406 ; free physical = 146 ; free virtual = 639
/home/dell/Desktop/FPGA/VivadoProjects/FPGA_project/AES/AES.runs/impl_1/.Xil/Vivado-12212-dell-Inspiron-5415/dc_drv.0/dc/prj_ip.srcs/sources_1/ip/dbg_hub/dbg_hub.xci
INFO: [IP_Flow 19-1686] Generating 'Instantiation Template' target for IP 'dbg_hub'...
INFO: [IP_Flow 19-1686] Generating 'Synthesis' target for IP 'dbg_hub'...
INFO: [IP_Flow 19-1686] Generating 'Simulation' target for IP 'dbg_hub'...
generation completed successfully
Succeeded copying xdc_files
Succeeded copying xci files
INFO: [IP_Flow 19-6924] IPCACHE: Running cache check for IP inst: dbg_hub
INFO: [IP_Flow 19-6922] IPCACHE: Exporting cached entry b912ec28b8fb19a5 to dir: /home/dell/Desktop/FPGA/VivadoProjects/FPGA_project/AES/AES.runs/impl_1/.Xil/Vivado-12212-dell-Inspiron-5415/dbg_hub_CV.0/out
INFO: [IP_Flow 19-6928] IPCACHE: copied cached file /home/dell/Desktop/FPGA/VivadoProjects/FPGA_project/AES/AES.cache/ip/2023.1/b/9/b912ec28b8fb19a5/dbg_hub_sim_netlist.v to /home/dell/Desktop/FPGA/VivadoProjects/FPGA_project/AES/AES.runs/impl_1/.Xil/Vivado-12212-dell-Inspiron-5415/dbg_hub_CV.0/out/result_sim_netlist.v.
INFO: [IP_Flow 19-6926] IPCACHE: added file to list for BOM: /home/dell/Desktop/FPGA/VivadoProjects/FPGA_project/AES/AES.runs/impl_1/.Xil/Vivado-12212-dell-Inspiron-5415/dbg_hub_CV.0/out/result_sim_netlist.v
INFO: [IP_Flow 19-6928] IPCACHE: copied cached file /home/dell/Desktop/FPGA/VivadoProjects/FPGA_project/AES/AES.cache/ip/2023.1/b/9/b912ec28b8fb19a5/dbg_hub_stub.vhdl to /home/dell/Desktop/FPGA/VivadoProjects/FPGA_project/AES/AES.runs/impl_1/.Xil/Vivado-12212-dell-Inspiron-5415/dbg_hub_CV.0/out/result_stub.vhdl.
INFO: [IP_Flow 19-6926] IPCACHE: added file to list for BOM: /home/dell/Desktop/FPGA/VivadoProjects/FPGA_project/AES/AES.runs/impl_1/.Xil/Vivado-12212-dell-Inspiron-5415/dbg_hub_CV.0/out/result_stub.vhdl
INFO: [IP_Flow 19-6928] IPCACHE: copied cached file /home/dell/Desktop/FPGA/VivadoProjects/FPGA_project/AES/AES.cache/ip/2023.1/b/9/b912ec28b8fb19a5/dbg_hub_stub.v to /home/dell/Desktop/FPGA/VivadoProjects/FPGA_project/AES/AES.runs/impl_1/.Xil/Vivado-12212-dell-Inspiron-5415/dbg_hub_CV.0/out/result_stub.v.
INFO: [IP_Flow 19-6926] IPCACHE: added file to list for BOM: /home/dell/Desktop/FPGA/VivadoProjects/FPGA_project/AES/AES.runs/impl_1/.Xil/Vivado-12212-dell-Inspiron-5415/dbg_hub_CV.0/out/result_stub.v
INFO: [IP_Flow 19-6928] IPCACHE: copied cached file /home/dell/Desktop/FPGA/VivadoProjects/FPGA_project/AES/AES.cache/ip/2023.1/b/9/b912ec28b8fb19a5/dbg_hub_sim_netlist.vhdl to /home/dell/Desktop/FPGA/VivadoProjects/FPGA_project/AES/AES.runs/impl_1/.Xil/Vivado-12212-dell-Inspiron-5415/dbg_hub_CV.0/out/result_sim_netlist.vhdl.
INFO: [IP_Flow 19-6926] IPCACHE: added file to list for BOM: /home/dell/Desktop/FPGA/VivadoProjects/FPGA_project/AES/AES.runs/impl_1/.Xil/Vivado-12212-dell-Inspiron-5415/dbg_hub_CV.0/out/result_sim_netlist.vhdl
INFO: [IP_Flow 19-6928] IPCACHE: copied cached file /home/dell/Desktop/FPGA/VivadoProjects/FPGA_project/AES/AES.cache/ip/2023.1/b/9/b912ec28b8fb19a5/dbg_hub.dcp to /home/dell/Desktop/FPGA/VivadoProjects/FPGA_project/AES/AES.runs/impl_1/.Xil/Vivado-12212-dell-Inspiron-5415/dbg_hub_CV.0/out/result.dcp.
INFO: [IP_Flow 19-6926] IPCACHE: added file to list for BOM: /home/dell/Desktop/FPGA/VivadoProjects/FPGA_project/AES/AES.runs/impl_1/.Xil/Vivado-12212-dell-Inspiron-5415/dbg_hub_CV.0/out/result.dcp
INFO: [IP_Flow 19-4838] Using cached IP synthesis design for IP dbg_hub, cache-ID = b912ec28b8fb19a5.
INFO: [InternalMarking_CacheHit-1] dbg_hub b912ec28b8fb19a5
# set failed [catch {ipx::chipscope::run_multi_gen_and_synth_ip_core $part $board_part $board_connections $board_part_repo_paths $tool_flow $debug_ip_vlnv $debug_ip_module_name $debug_params $debug_output_xci $debug_output_dcp $debug_output_dir $debug_ip_repo_paths $debug_ip_output_repo $debug_ip_cache_permissions $debug_oopbus_ip_repo_paths $debug_synth_opts $debug_xdc_files $ordering_constrs $jobs} errMessage]
# if { $failed } {
# send_msg_id {IP_Flow 19-3805} ERROR "Failed to generate and synthesize debug IPs. \n $errMessage"
#   exit 1
# }
INFO: [Common 17-206] Exiting Vivado at Fri Nov  8 11:32:25 2024...
