Copyright 1986-2022 Xilinx, Inc. All Rights Reserved. Copyright 2022-2023 Advanced Micro Devices, Inc. All Rights Reserved.
-------------------------------------------------------------------------------------------------------------------------------------------------
| Tool Version     : Vivado v.2023.1 (lin64) Build 3865809 Sun May  7 15:04:56 MDT 2023
| Date             : Sun Oct 27 15:05:22 2024
| Host             : dell-Inspiron-5415 running 64-bit Ubuntu 22.04.4 LTS
| Command          : report_power -file AES_power_routed.rpt -pb AES_power_summary_routed.pb -rpx AES_power_routed.rpx
| Design           : AES
| Device           : xc7a35tcpg236-1
| Design State     : routed
| Grade            : commercial
| Process          : typical
| Characterization : Production
-------------------------------------------------------------------------------------------------------------------------------------------------

Power Report

Table of Contents
-----------------
1. Summary
1.1 On-Chip Components
1.2 Power Supply Summary
1.3 Confidence Level
2. Settings
2.1 Environment
2.2 Clock Constraints
3. Detailed Reports
3.1 By Hierarchy

1. Summary
----------

+--------------------------+--------------+
| Total On-Chip Power (W)  | 1.675        |
| Design Power Budget (W)  | Unspecified* |
| Power Budget Margin (W)  | NA           |
| Dynamic (W)              | 1.601        |
| Device Static (W)        | 0.074        |
| Effective TJA (C/W)      | 5.0          |
| Max Ambient (C)          | 76.6         |
| Junction Temperature (C) | 33.4         |
| Confidence Level         | Low          |
| Setting File             | ---          |
| Simulation Activity File | ---          |
| Design Nets Matched      | NA           |
+--------------------------+--------------+
* Specify Design Power Budget using, set_operating_conditions -design_power_budget <value in Watts>


1.1 On-Chip Components
----------------------

+--------------------------+-----------+----------+-----------+-----------------+
| On-Chip                  | Power (W) | Used     | Available | Utilization (%) |
+--------------------------+-----------+----------+-----------+-----------------+
| Clocks                   |     0.011 |        6 |       --- |             --- |
| Slice Logic              |     0.796 |    15219 |       --- |             --- |
|   LUT as Logic           |     0.768 |     7598 |     20800 |           36.53 |
|   F7/F8 Muxes            |     0.027 |     3843 |     32600 |           11.79 |
|   LUT as Shift Register  |     0.001 |      205 |      9600 |            2.14 |
|   Register               |    <0.001 |     2469 |     41600 |            5.94 |
|   CARRY4                 |    <0.001 |       56 |      8150 |            0.69 |
|   LUT as Distributed RAM |    <0.001 |       24 |      9600 |            0.25 |
|   Others                 |     0.000 |      362 |       --- |             --- |
| Signals                  |     0.668 |     6325 |       --- |             --- |
| Block RAM                |     0.020 |     33.5 |        50 |           67.00 |
| MMCM                     |     0.106 |        1 |         5 |           20.00 |
| I/O                      |    <0.001 |        2 |       106 |            1.89 |
| Static Power             |     0.074 |          |           |                 |
| Total                    |     1.675 |          |           |                 |
+--------------------------+-----------+----------+-----------+-----------------+


1.2 Power Supply Summary
------------------------

+-----------+-------------+-----------+-------------+------------+-------------+-------------+------------+
| Source    | Voltage (V) | Total (A) | Dynamic (A) | Static (A) | Powerup (A) | Budget (A)  | Margin (A) |
+-----------+-------------+-----------+-------------+------------+-------------+-------------+------------+
| Vccint    |       1.000 |     1.508 |       1.494 |      0.014 |       NA    | Unspecified | NA         |
| Vccaux    |       1.800 |     0.071 |       0.059 |      0.013 |       NA    | Unspecified | NA         |
| Vcco33    |       3.300 |     0.000 |       0.000 |      0.000 |       NA    | Unspecified | NA         |
| Vcco25    |       2.500 |     0.000 |       0.000 |      0.000 |       NA    | Unspecified | NA         |
| Vcco18    |       1.800 |     0.000 |       0.000 |      0.000 |       NA    | Unspecified | NA         |
| Vcco15    |       1.500 |     0.000 |       0.000 |      0.000 |       NA    | Unspecified | NA         |
| Vcco135   |       1.350 |     0.000 |       0.000 |      0.000 |       NA    | Unspecified | NA         |
| Vcco12    |       1.200 |     0.000 |       0.000 |      0.000 |       NA    | Unspecified | NA         |
| Vccaux_io |       1.800 |     0.000 |       0.000 |      0.000 |       NA    | Unspecified | NA         |
| Vccbram   |       1.000 |     0.003 |       0.001 |      0.001 |       NA    | Unspecified | NA         |
| MGTAVcc   |       1.000 |     0.000 |       0.000 |      0.000 |       NA    | Unspecified | NA         |
| MGTAVtt   |       1.200 |     0.000 |       0.000 |      0.000 |       NA    | Unspecified | NA         |
| Vccadc    |       1.800 |     0.020 |       0.000 |      0.020 |       NA    | Unspecified | NA         |
+-----------+-------------+-----------+-------------+------------+-------------+-------------+------------+


1.3 Confidence Level
--------------------

+-----------------------------+------------+--------------------------------------------------------+------------------------------------------------------------------------------------------------------------+
| User Input Data             | Confidence | Details                                                | Action                                                                                                     |
+-----------------------------+------------+--------------------------------------------------------+------------------------------------------------------------------------------------------------------------+
| Design implementation state | High       | Design is routed                                       |                                                                                                            |
| Clock nodes activity        | High       | User specified more than 95% of clocks                 |                                                                                                            |
| I/O nodes activity          | Low        | More than 75% of inputs are missing user specification | Provide missing input activity with simulation results or by editing the "By Resource Type -> I/Os" view   |
| Internal nodes activity     | Medium     | User specified less than 25% of internal nodes         | Provide missing internal nodes activity with simulation results or by editing the "By Resource Type" views |
| Device models               | High       | Device models are Production                           |                                                                                                            |
|                             |            |                                                        |                                                                                                            |
| Overall confidence level    | Low        |                                                        |                                                                                                            |
+-----------------------------+------------+--------------------------------------------------------+------------------------------------------------------------------------------------------------------------+


2. Settings
-----------

2.1 Environment
---------------

+-----------------------+--------------------------+
| Ambient Temp (C)      | 25.0                     |
| ThetaJA (C/W)         | 5.0                      |
| Airflow (LFM)         | 250                      |
| Heat Sink             | medium (Medium Profile)  |
| ThetaSA (C/W)         | 4.6                      |
| Board Selection       | medium (10"x10")         |
| # of Board Layers     | 12to15 (12 to 15 Layers) |
| Board Temperature (C) | 25.0                     |
+-----------------------+--------------------------+


2.2 Clock Constraints
---------------------

+--------------------------------------------------------------------------------------------+-------------------------------------------------------------------+-----------------+
| Clock                                                                                      | Domain                                                            | Constraint (ns) |
+--------------------------------------------------------------------------------------------+-------------------------------------------------------------------+-----------------+
| clk_out1_clk_wiz_2                                                                         | ila_clk/inst/clk_out1_clk_wiz_2                                   |            20.0 |
| clkfbout_clk_wiz_2                                                                         | ila_clk/inst/clkfbout_clk_wiz_2                                   |            10.0 |
| dbg_hub/inst/BSCANID.u_xsdbm_id/SWITCH_N_EXT_BSCAN.bscan_inst/SERIES7_BSCAN.bscan_inst/TCK | dbg_hub/inst/BSCANID.u_xsdbm_id/SWITCH_N_EXT_BSCAN.bscan_inst/TCK |            33.0 |
| ila_clk/inst/clk_in1                                                                       | clk_IBUF_BUFG                                                     |            10.0 |
+--------------------------------------------------------------------------------------------+-------------------------------------------------------------------+-----------------+


3. Detailed Reports
-------------------

3.1 By Hierarchy
----------------

+--------------------------+-----------+
| Name                     | Power (W) |
+--------------------------+-----------+
| AES                      |     1.601 |
|   BRAM                   |     0.015 |
|     U0                   |     0.015 |
|       inst_blk_mem_gen   |     0.015 |
|   a                      |     1.448 |
|     ke                   |     0.001 |
|     loop[1].er           |     1.312 |
|       s                  |     1.312 |
|     loop[2].er           |     0.012 |
|       s                  |     0.012 |
|     loop[3].er           |     0.014 |
|       s                  |     0.014 |
|     loop[4].er           |     0.013 |
|       s                  |     0.013 |
|     loop[5].er           |     0.014 |
|       s                  |     0.014 |
|     loop[6].er           |     0.014 |
|       s                  |     0.014 |
|     loop[7].er           |     0.015 |
|       s                  |     0.015 |
|     loop[8].er           |     0.015 |
|       s                  |     0.015 |
|     loop[9].er           |     0.014 |
|       s                  |     0.014 |
|     sb                   |     0.024 |
|       sub_Bytes[104].s   |     0.001 |
|       sub_Bytes[112].s   |     0.002 |
|       sub_Bytes[120].s   |     0.002 |
|       sub_Bytes[16].s    |     0.002 |
|       sub_Bytes[24].s    |     0.002 |
|       sub_Bytes[32].s    |     0.002 |
|       sub_Bytes[40].s    |     0.001 |
|       sub_Bytes[48].s    |     0.002 |
|       sub_Bytes[56].s    |     0.001 |
|       sub_Bytes[64].s    |     0.001 |
|       sub_Bytes[72].s    |     0.002 |
|       sub_Bytes[80].s    |     0.001 |
|       sub_Bytes[88].s    |     0.001 |
|       sub_Bytes[8].s     |     0.002 |
|       sub_Bytes[96].s    |     0.001 |
|   dbg_hub                |     0.003 |
|     inst                 |     0.003 |
|       BSCANID.u_xsdbm_id |     0.003 |
|   ila                    |     0.028 |
|     inst                 |     0.028 |
|       ila_core_inst      |     0.028 |
|   ila_clk                |     0.106 |
|     inst                 |     0.106 |
+--------------------------+-----------+


